This is pdfTeX, Version 3.14159265-2.6-1.40.18 (TeX Live 2017/Debian) (preloaded format=pdflatex 2020.9.29)  1 DEC 2020 22:13
entering extended mode
 restricted \write18 enabled.
 %&-line parsing enabled.
**refman
(./refman.tex
LaTeX2e <2017-04-15>
Babel <3.18> and hyphenation patterns for 84 language(s) loaded.
(/usr/share/texlive/texmf-dist/tex/latex/base/book.cls
Document Class: book 2014/09/29 v1.4h Standard LaTeX document class
(/usr/share/texlive/texmf-dist/tex/latex/base/bk10.clo
File: bk10.clo 2014/09/29 v1.4h Standard LaTeX file (size option)
)
\c@part=\count79
\c@chapter=\count80
\c@section=\count81
\c@subsection=\count82
\c@subsubsection=\count83
\c@paragraph=\count84
\c@subparagraph=\count85
\c@figure=\count86
\c@table=\count87
\abovecaptionskip=\skip41
\belowcaptionskip=\skip42
\bibindent=\dimen102
)
(/usr/share/texlive/texmf-dist/tex/latex/base/ifthen.sty
Package: ifthen 2014/09/29 v1.1c Standard LaTeX ifthen package (DPC)
)
(/usr/share/texlive/texmf-dist/tex/latex/tools/array.sty
Package: array 2016/10/06 v2.4d Tabular extension package (FMi)
\col@sep=\dimen103
\extrarowheight=\dimen104
\NC@list=\toks14
\extratabsurround=\skip43
\backup@length=\skip44
)
(/usr/share/texlive/texmf-dist/tex/latex/base/fixltx2e.sty
Package: fixltx2e 2016/12/29 v2.1a fixes to LaTeX (obsolete)
Applying: [2015/01/01] Old fixltx2e package on input line 46.


Package fixltx2e Warning: fixltx2e is not required with releases after 2015
(fixltx2e)                All fixes are now in the LaTeX kernel.
(fixltx2e)                See the latexrelease package for details.

Already applied: [0000/00/00] Old fixltx2e package on input line 53.
) (./doxygen.sty
Package: doxygen 
 (/usr/share/texlive/texmf-dist/tex/latex/base/alltt.sty
Package: alltt 1997/06/16 v2.0g defines alltt environment
)
(/usr/share/texlive/texmf-dist/tex/latex/tools/calc.sty
Package: calc 2014/10/28 v4.3 Infix arithmetic (KKT,FJ)
\calc@Acount=\count88
\calc@Bcount=\count89
\calc@Adimen=\dimen105
\calc@Bdimen=\dimen106
\calc@Askip=\skip45
\calc@Bskip=\skip46
LaTeX Info: Redefining \setlength on input line 80.
LaTeX Info: Redefining \addtolength on input line 81.
\calc@Ccount=\count90
\calc@Cskip=\skip47
)
(/usr/share/texlive/texmf-dist/tex/latex/float/float.sty
Package: float 2001/11/08 v1.3d Float enhancements (AL)
\c@float@type=\count91
\float@exts=\toks15
\float@box=\box26
\@float@everytoks=\toks16
\@floatcapt=\box27
)
(/usr/share/texlive/texmf-dist/tex/latex/tools/verbatim.sty
Package: verbatim 2014/10/28 v1.5q LaTeX2e package for verbatim enhancements
\every@verbatim=\toks17
\verbatim@line=\toks18
\verbatim@in@stream=\read1
)
(/usr/share/texlive/texmf-dist/tex/latex/xcolor/xcolor.sty
Package: xcolor 2016/05/11 v2.12 LaTeX color extensions (UK)

(/usr/share/texlive/texmf-dist/tex/latex/graphics-cfg/color.cfg
File: color.cfg 2016/01/02 v1.6 sample color configuration
)
Package xcolor Info: Driver file: pdftex.def on input line 225.

(/usr/share/texlive/texmf-dist/tex/latex/graphics-def/pdftex.def
File: pdftex.def 2018/01/08 v1.0l Graphics/color driver for pdftex
)
(/usr/share/texlive/texmf-dist/tex/latex/colortbl/colortbl.sty
Package: colortbl 2012/02/13 v1.0a Color table columns (DPC)
\everycr=\toks19
\minrowclearance=\skip48
)
\rownum=\count92
Package xcolor Info: Model `cmy' substituted by `cmy0' on input line 1348.
Package xcolor Info: Model `hsb' substituted by `rgb' on input line 1352.
Package xcolor Info: Model `RGB' extended on input line 1364.
Package xcolor Info: Model `HTML' substituted by `rgb' on input line 1366.
Package xcolor Info: Model `Hsb' substituted by `hsb' on input line 1367.
Package xcolor Info: Model `tHsb' substituted by `hsb' on input line 1368.
Package xcolor Info: Model `HSB' substituted by `hsb' on input line 1369.
Package xcolor Info: Model `Gray' substituted by `gray' on input line 1370.
Package xcolor Info: Model `wave' substituted by `hsb' on input line 1371.
)
(./longtable_doxygen.sty
Package: longtable_doxygen 2014/10/28 v4.11 Multi-page Table package (DPC) - fr
ozen version for doxygen
\LTleft=\skip49
\LTright=\skip50
\LTpre=\skip51
\LTpost=\skip52
\LTchunksize=\count93
\LTcapwidth=\dimen107
\LT@head=\box28
\LT@firsthead=\box29
\LT@foot=\box30
\LT@lastfoot=\box31
\LT@cols=\count94
\LT@rows=\count95
\c@LT@tables=\count96
\c@LT@chunks=\count97
\LT@p@ftn=\toks20
) (./tabu_doxygen.sty
Package: tabu_doxygen 2011/02/26 v2.8 - flexible LaTeX tabulars (FC), frozen ve
rsion for doxygen

(/usr/share/texlive/texmf-dist/tex/latex/varwidth/varwidth.sty
Package: varwidth 2009/03/30 ver 0.92;  Variable-width minipages
\@vwid@box=\box32
\sift@deathcycles=\count98
\@vwid@loff=\dimen108
\@vwid@roff=\dimen109
)
\c@taburow=\count99
\tabu@nbcols=\count100
\tabu@cnt=\count101
\tabu@Xcol=\count102
\tabu@alloc=\count103
\tabu@nested=\count104
\tabu@target=\dimen110
\tabu@spreadtarget=\dimen111
\tabu@naturalX=\dimen112
\tabucolX=\dimen113
\tabu@Xsum=\dimen114
\extrarowdepth=\dimen115
\abovetabulinesep=\dimen116
\belowtabulinesep=\dimen117
\tabustrutrule=\dimen118
\tabu@thebody=\toks21
\tabu@footnotes=\toks22
\tabu@box=\box33
\tabu@arstrutbox=\box34
\tabu@hleads=\box35
\tabu@vleads=\box36
\tabu@cellskip=\skip53
)
(/usr/share/texlive/texmf-dist/tex/latex/fancyvrb/fancyvrb.sty
Package: fancyvrb 2008/02/07

Style option: `fancyvrb' v2.7a, with DG/SPQR fixes, and firstline=lastline fix 
<2008/02/07> (tvz) (/usr/share/texlive/texmf-dist/tex/latex/graphics/keyval.sty
Package: keyval 2014/10/28 v1.15 key=value parser (DPC)
\KV@toks@=\toks23
)
\FV@CodeLineNo=\count105
\FV@InFile=\read2
\FV@TabBox=\box37
\c@FancyVerbLine=\count106
\FV@StepNumber=\count107
\FV@OutFile=\write3
) (/usr/share/texlive/texmf-dist/tex/latex/tools/tabularx.sty
Package: tabularx 2016/02/03 v2.11 `tabularx' package (DPC)
\TX@col@width=\dimen119
\TX@old@table=\dimen120
\TX@old@col=\dimen121
\TX@target=\dimen122
\TX@delta=\dimen123
\TX@cols=\count108
\TX@ftn=\toks24
)
(/usr/share/texlive/texmf-dist/tex/latex/tools/multicol.sty
Package: multicol 2017/04/11 v1.8q multicolumn formatting (FMi)
\c@tracingmulticols=\count109
\mult@box=\box38
\multicol@leftmargin=\dimen124
\c@unbalance=\count110
\c@collectmore=\count111
\doublecol@number=\count112
\multicoltolerance=\count113
\multicolpretolerance=\count114
\full@width=\dimen125
\page@free=\dimen126
\premulticols=\dimen127
\postmulticols=\dimen128
\multicolsep=\skip54
\multicolbaselineskip=\skip55
\partial@page=\box39
\last@line=\box40
\maxbalancingoverflow=\dimen129
\mult@rightbox=\box41
\mult@grightbox=\box42
\mult@gfirstbox=\box43
\mult@firstbox=\box44
\@tempa=\box45
\@tempa=\box46
\@tempa=\box47
\@tempa=\box48
\@tempa=\box49
\@tempa=\box50
\@tempa=\box51
\@tempa=\box52
\@tempa=\box53
\@tempa=\box54
\@tempa=\box55
\@tempa=\box56
\@tempa=\box57
\@tempa=\box58
\@tempa=\box59
\@tempa=\box60
\@tempa=\box61
\c@columnbadness=\count115
\c@finalcolumnbadness=\count116
\last@try=\dimen130
\multicolovershoot=\dimen131
\multicolundershoot=\dimen132
\mult@nat@firstbox=\box62
\colbreak@box=\box63
\mc@col@check@num=\count117
)
(/usr/share/texlive/texmf-dist/tex/latex/multirow/multirow.sty
Package: multirow 2016/11/25 v2.2 Span multiple rows of a table
\multirow@colwidth=\skip56
\multirow@cntb=\count118
\multirow@dima=\skip57
\bigstrutjot=\dimen133
)
(/usr/share/texlive/texmf-dist/tex/latex/hanging/hanging.sty
Package: hanging 2009/09/02 v1.2b hanging paragraphs and punctuation
\h@ngcommawd=\skip58
\h@ngfstopwd=\skip59
\h@ngquotewd=\skip60
\h@ngdquotewd=\skip61
\h@ngquerywd=\skip62
\h@ngexclwd=\skip63
\h@ngcolonwd=\skip64
\h@ngscolonwd=\skip65
)
(/usr/share/texlive/texmf-dist/tex/generic/oberdiek/ifpdf.sty
Package: ifpdf 2017/03/15 v3.2 Provides the ifpdf switch
)
(/usr/share/texlive/texmf-dist/tex/latex/adjustbox/adjustbox.sty
Package: adjustbox 2012/05/21 v1.0 Adjusting TeX boxes (trim, clip, ...)

(/usr/share/texlive/texmf-dist/tex/latex/xkeyval/xkeyval.sty
Package: xkeyval 2014/12/03 v2.7a package option processing (HA)

(/usr/share/texlive/texmf-dist/tex/generic/xkeyval/xkeyval.tex
(/usr/share/texlive/texmf-dist/tex/generic/xkeyval/xkvutils.tex
\XKV@toks=\toks25
\XKV@tempa@toks=\toks26
)
\XKV@depth=\count119
File: xkeyval.tex 2014/12/03 v2.7a key=value parser (HA)
))
(/usr/share/texlive/texmf-dist/tex/latex/adjustbox/adjcalc.sty
Package: adjcalc 2012/05/16 v1.1 Provides advanced setlength with multiple back
-ends (calc, etex, pgfmath)
)
(/usr/share/texlive/texmf-dist/tex/latex/adjustbox/trimclip.sty
Package: trimclip 2012/05/16 v1.0 Trim and clip general TeX material

(/usr/share/texlive/texmf-dist/tex/latex/graphics/graphicx.sty
Package: graphicx 2017/06/01 v1.1a Enhanced LaTeX Graphics (DPC,SPQR)

(/usr/share/texlive/texmf-dist/tex/latex/graphics/graphics.sty
Package: graphics 2017/06/25 v1.2c Standard LaTeX Graphics (DPC,SPQR)

(/usr/share/texlive/texmf-dist/tex/latex/graphics/trig.sty
Package: trig 2016/01/03 v1.10 sin cos tan (DPC)
)
(/usr/share/texlive/texmf-dist/tex/latex/graphics-cfg/graphics.cfg
File: graphics.cfg 2016/06/04 v1.11 sample graphics configuration
)
Package graphics Info: Driver file: pdftex.def on input line 99.
)
\Gin@req@height=\dimen134
\Gin@req@width=\dimen135
)
(/usr/share/texlive/texmf-dist/tex/latex/collectbox/collectbox.sty
Package: collectbox 2012/05/17 v0.4b Collect macro arguments as boxes
\collectedbox=\box64
)
\tc@llx=\dimen136
\tc@lly=\dimen137
\tc@urx=\dimen138
\tc@ury=\dimen139
Package trimclip Info: Using driver 'tc-pdftex.def'.

(/usr/share/texlive/texmf-dist/tex/latex/adjustbox/tc-pdftex.def
File: tc-pdftex.def 2012/05/13 v1.0 Clipping driver for pdftex
))
\adjbox@Width=\dimen140
\adjbox@Height=\dimen141
\adjbox@Depth=\dimen142
\adjbox@Totalheight=\dimen143

(/usr/share/texlive/texmf-dist/tex/latex/ifoddpage/ifoddpage.sty
Package: ifoddpage 2016/04/23 v1.1 Conditionals for odd/even page detection
\c@checkoddpage=\count120
))
(/usr/share/texlive/texmf-dist/tex/latex/amsfonts/amssymb.sty
Package: amssymb 2013/01/14 v3.01 AMS font symbols

(/usr/share/texlive/texmf-dist/tex/latex/amsfonts/amsfonts.sty
Package: amsfonts 2013/01/14 v3.01 Basic AMSFonts support
\@emptytoks=\toks27
\symAMSa=\mathgroup4
\symAMSb=\mathgroup5
LaTeX Font Info:    Overwriting math alphabet `\mathfrak' in version `bold'
(Font)                  U/euf/m/n --> U/euf/b/n on input line 106.
))
(/usr/share/texlive/texmf-dist/tex/latex/stackengine/stackengine.sty
Package: stackengine 2017/02/13 v4.01\ Stacking text and objects in convenient 
ways

(/usr/share/texlive/texmf-dist/tex/latex/etoolbox/etoolbox.sty
Package: etoolbox 2018/02/11 v2.5e e-TeX tools for LaTeX (JAW)
\etb@tempcnta=\count121
)
(/usr/share/texlive/texmf-dist/tex/generic/listofitems/listofitems.sty
(/usr/share/texlive/texmf-dist/tex/generic/listofitems/listofitems.tex
\loi_nestcnt=\count122
)
Package: listofitems 2018/01/13 v1.52 Grab items in lists using user-specified 
sep char (CT)
)
\c@@stackindex=\count123
\@boxshift=\skip66
\stack@tmplength=\skip67
\temp@stkl=\skip68
\@stackedboxwidth=\skip69
\@addedbox=\box65
\@anchorbox=\box66
\stackedbox=\box67
\@centerbox=\box68
\c@ROWcellindex@=\count124
)
(/usr/share/texlive/texmf-dist/tex/generic/ulem/ulem.sty
\UL@box=\box69
\UL@hyphenbox=\box70
\UL@skip=\skip70
\UL@hook=\toks28
\UL@height=\dimen144
\UL@pe=\count125
\UL@pixel=\dimen145
\ULC@box=\box71
Package: ulem 2012/05/18
\ULdepth=\dimen146
)
\xrefbox=\box72
\xreflength=\skip71
\CodeWidthChar=\skip72
\CodeHeightChar=\skip73
\DoxyCodeWidth=\skip74
)
(/usr/share/texlive/texmf-dist/tex/latex/base/inputenc.sty
Package: inputenc 2015/03/17 v1.2c Input encoding file
\inpenc@prehook=\toks29
\inpenc@posthook=\toks30

(/usr/share/texlive/texmf-dist/tex/latex/base/utf8.def
File: utf8.def 2017/01/28 v1.1t UTF-8 support for inputenc
Now handling font encoding OML ...
... no UTF-8 mapping file for font encoding OML
Now handling font encoding T1 ...
... processing UTF-8 mapping file for font encoding T1

(/usr/share/texlive/texmf-dist/tex/latex/base/t1enc.dfu
File: t1enc.dfu 2017/01/28 v1.1t UTF-8 support for inputenc
   defining Unicode char U+00A0 (decimal 160)
   defining Unicode char U+00A1 (decimal 161)
   defining Unicode char U+00A3 (decimal 163)
   defining Unicode char U+00AB (decimal 171)
   defining Unicode char U+00AD (decimal 173)
   defining Unicode char U+00BB (decimal 187)
   defining Unicode char U+00BF (decimal 191)
   defining Unicode char U+00C0 (decimal 192)
   defining Unicode char U+00C1 (decimal 193)
   defining Unicode char U+00C2 (decimal 194)
   defining Unicode char U+00C3 (decimal 195)
   defining Unicode char U+00C4 (decimal 196)
   defining Unicode char U+00C5 (decimal 197)
   defining Unicode char U+00C6 (decimal 198)
   defining Unicode char U+00C7 (decimal 199)
   defining Unicode char U+00C8 (decimal 200)
   defining Unicode char U+00C9 (decimal 201)
   defining Unicode char U+00CA (decimal 202)
   defining Unicode char U+00CB (decimal 203)
   defining Unicode char U+00CC (decimal 204)
   defining Unicode char U+00CD (decimal 205)
   defining Unicode char U+00CE (decimal 206)
   defining Unicode char U+00CF (decimal 207)
   defining Unicode char U+00D0 (decimal 208)
   defining Unicode char U+00D1 (decimal 209)
   defining Unicode char U+00D2 (decimal 210)
   defining Unicode char U+00D3 (decimal 211)
   defining Unicode char U+00D4 (decimal 212)
   defining Unicode char U+00D5 (decimal 213)
   defining Unicode char U+00D6 (decimal 214)
   defining Unicode char U+00D8 (decimal 216)
   defining Unicode char U+00D9 (decimal 217)
   defining Unicode char U+00DA (decimal 218)
   defining Unicode char U+00DB (decimal 219)
   defining Unicode char U+00DC (decimal 220)
   defining Unicode char U+00DD (decimal 221)
   defining Unicode char U+00DE (decimal 222)
   defining Unicode char U+00DF (decimal 223)
   defining Unicode char U+00E0 (decimal 224)
   defining Unicode char U+00E1 (decimal 225)
   defining Unicode char U+00E2 (decimal 226)
   defining Unicode char U+00E3 (decimal 227)
   defining Unicode char U+00E4 (decimal 228)
   defining Unicode char U+00E5 (decimal 229)
   defining Unicode char U+00E6 (decimal 230)
   defining Unicode char U+00E7 (decimal 231)
   defining Unicode char U+00E8 (decimal 232)
   defining Unicode char U+00E9 (decimal 233)
   defining Unicode char U+00EA (decimal 234)
   defining Unicode char U+00EB (decimal 235)
   defining Unicode char U+00EC (decimal 236)
   defining Unicode char U+00ED (decimal 237)
   defining Unicode char U+00EE (decimal 238)
   defining Unicode char U+00EF (decimal 239)
   defining Unicode char U+00F0 (decimal 240)
   defining Unicode char U+00F1 (decimal 241)
   defining Unicode char U+00F2 (decimal 242)
   defining Unicode char U+00F3 (decimal 243)
   defining Unicode char U+00F4 (decimal 244)
   defining Unicode char U+00F5 (decimal 245)
   defining Unicode char U+00F6 (decimal 246)
   defining Unicode char U+00F8 (decimal 248)
   defining Unicode char U+00F9 (decimal 249)
   defining Unicode char U+00FA (decimal 250)
   defining Unicode char U+00FB (decimal 251)
   defining Unicode char U+00FC (decimal 252)
   defining Unicode char U+00FD (decimal 253)
   defining Unicode char U+00FE (decimal 254)
   defining Unicode char U+00FF (decimal 255)
   defining Unicode char U+0100 (decimal 256)
   defining Unicode char U+0101 (decimal 257)
   defining Unicode char U+0102 (decimal 258)
   defining Unicode char U+0103 (decimal 259)
   defining Unicode char U+0104 (decimal 260)
   defining Unicode char U+0105 (decimal 261)
   defining Unicode char U+0106 (decimal 262)
   defining Unicode char U+0107 (decimal 263)
   defining Unicode char U+0108 (decimal 264)
   defining Unicode char U+0109 (decimal 265)
   defining Unicode char U+010A (decimal 266)
   defining Unicode char U+010B (decimal 267)
   defining Unicode char U+010C (decimal 268)
   defining Unicode char U+010D (decimal 269)
   defining Unicode char U+010E (decimal 270)
   defining Unicode char U+010F (decimal 271)
   defining Unicode char U+0110 (decimal 272)
   defining Unicode char U+0111 (decimal 273)
   defining Unicode char U+0112 (decimal 274)
   defining Unicode char U+0113 (decimal 275)
   defining Unicode char U+0114 (decimal 276)
   defining Unicode char U+0115 (decimal 277)
   defining Unicode char U+0116 (decimal 278)
   defining Unicode char U+0117 (decimal 279)
   defining Unicode char U+0118 (decimal 280)
   defining Unicode char U+0119 (decimal 281)
   defining Unicode char U+011A (decimal 282)
   defining Unicode char U+011B (decimal 283)
   defining Unicode char U+011C (decimal 284)
   defining Unicode char U+011D (decimal 285)
   defining Unicode char U+011E (decimal 286)
   defining Unicode char U+011F (decimal 287)
   defining Unicode char U+0120 (decimal 288)
   defining Unicode char U+0121 (decimal 289)
   defining Unicode char U+0122 (decimal 290)
   defining Unicode char U+0123 (decimal 291)
   defining Unicode char U+0124 (decimal 292)
   defining Unicode char U+0125 (decimal 293)
   defining Unicode char U+0128 (decimal 296)
   defining Unicode char U+0129 (decimal 297)
   defining Unicode char U+012A (decimal 298)
   defining Unicode char U+012B (decimal 299)
   defining Unicode char U+012C (decimal 300)
   defining Unicode char U+012D (decimal 301)
   defining Unicode char U+012E (decimal 302)
   defining Unicode char U+012F (decimal 303)
   defining Unicode char U+0130 (decimal 304)
   defining Unicode char U+0131 (decimal 305)
   defining Unicode char U+0132 (decimal 306)
   defining Unicode char U+0133 (decimal 307)
   defining Unicode char U+0134 (decimal 308)
   defining Unicode char U+0135 (decimal 309)
   defining Unicode char U+0136 (decimal 310)
   defining Unicode char U+0137 (decimal 311)
   defining Unicode char U+0139 (decimal 313)
   defining Unicode char U+013A (decimal 314)
   defining Unicode char U+013B (decimal 315)
   defining Unicode char U+013C (decimal 316)
   defining Unicode char U+013D (decimal 317)
   defining Unicode char U+013E (decimal 318)
   defining Unicode char U+0141 (decimal 321)
   defining Unicode char U+0142 (decimal 322)
   defining Unicode char U+0143 (decimal 323)
   defining Unicode char U+0144 (decimal 324)
   defining Unicode char U+0145 (decimal 325)
   defining Unicode char U+0146 (decimal 326)
   defining Unicode char U+0147 (decimal 327)
   defining Unicode char U+0148 (decimal 328)
   defining Unicode char U+014A (decimal 330)
   defining Unicode char U+014B (decimal 331)
   defining Unicode char U+014C (decimal 332)
   defining Unicode char U+014D (decimal 333)
   defining Unicode char U+014E (decimal 334)
   defining Unicode char U+014F (decimal 335)
   defining Unicode char U+0150 (decimal 336)
   defining Unicode char U+0151 (decimal 337)
   defining Unicode char U+0152 (decimal 338)
   defining Unicode char U+0153 (decimal 339)
   defining Unicode char U+0154 (decimal 340)
   defining Unicode char U+0155 (decimal 341)
   defining Unicode char U+0156 (decimal 342)
   defining Unicode char U+0157 (decimal 343)
   defining Unicode char U+0158 (decimal 344)
   defining Unicode char U+0159 (decimal 345)
   defining Unicode char U+015A (decimal 346)
   defining Unicode char U+015B (decimal 347)
   defining Unicode char U+015C (decimal 348)
   defining Unicode char U+015D (decimal 349)
   defining Unicode char U+015E (decimal 350)
   defining Unicode char U+015F (decimal 351)
   defining Unicode char U+0160 (decimal 352)
   defining Unicode char U+0161 (decimal 353)
   defining Unicode char U+0162 (decimal 354)
   defining Unicode char U+0163 (decimal 355)
   defining Unicode char U+0164 (decimal 356)
   defining Unicode char U+0165 (decimal 357)
   defining Unicode char U+0168 (decimal 360)
   defining Unicode char U+0169 (decimal 361)
   defining Unicode char U+016A (decimal 362)
   defining Unicode char U+016B (decimal 363)
   defining Unicode char U+016C (decimal 364)
   defining Unicode char U+016D (decimal 365)
   defining Unicode char U+016E (decimal 366)
   defining Unicode char U+016F (decimal 367)
   defining Unicode char U+0170 (decimal 368)
   defining Unicode char U+0171 (decimal 369)
   defining Unicode char U+0172 (decimal 370)
   defining Unicode char U+0173 (decimal 371)
   defining Unicode char U+0174 (decimal 372)
   defining Unicode char U+0175 (decimal 373)
   defining Unicode char U+0176 (decimal 374)
   defining Unicode char U+0177 (decimal 375)
   defining Unicode char U+0178 (decimal 376)
   defining Unicode char U+0179 (decimal 377)
   defining Unicode char U+017A (decimal 378)
   defining Unicode char U+017B (decimal 379)
   defining Unicode char U+017C (decimal 380)
   defining Unicode char U+017D (decimal 381)
   defining Unicode char U+017E (decimal 382)
   defining Unicode char U+01CD (decimal 461)
   defining Unicode char U+01CE (decimal 462)
   defining Unicode char U+01CF (decimal 463)
   defining Unicode char U+01D0 (decimal 464)
   defining Unicode char U+01D1 (decimal 465)
   defining Unicode char U+01D2 (decimal 466)
   defining Unicode char U+01D3 (decimal 467)
   defining Unicode char U+01D4 (decimal 468)
   defining Unicode char U+01E2 (decimal 482)
   defining Unicode char U+01E3 (decimal 483)
   defining Unicode char U+01E6 (decimal 486)
   defining Unicode char U+01E7 (decimal 487)
   defining Unicode char U+01E8 (decimal 488)
   defining Unicode char U+01E9 (decimal 489)
   defining Unicode char U+01EA (decimal 490)
   defining Unicode char U+01EB (decimal 491)
   defining Unicode char U+01F0 (decimal 496)
   defining Unicode char U+01F4 (decimal 500)
   defining Unicode char U+01F5 (decimal 501)
   defining Unicode char U+0218 (decimal 536)
   defining Unicode char U+0219 (decimal 537)
   defining Unicode char U+021A (decimal 538)
   defining Unicode char U+021B (decimal 539)
   defining Unicode char U+0232 (decimal 562)
   defining Unicode char U+0233 (decimal 563)
   defining Unicode char U+1E02 (decimal 7682)
   defining Unicode char U+1E03 (decimal 7683)
   defining Unicode char U+200C (decimal 8204)
   defining Unicode char U+2010 (decimal 8208)
   defining Unicode char U+2011 (decimal 8209)
   defining Unicode char U+2012 (decimal 8210)
   defining Unicode char U+2013 (decimal 8211)
   defining Unicode char U+2014 (decimal 8212)
   defining Unicode char U+2015 (decimal 8213)
   defining Unicode char U+2018 (decimal 8216)
   defining Unicode char U+2019 (decimal 8217)
   defining Unicode char U+201A (decimal 8218)
   defining Unicode char U+201C (decimal 8220)
   defining Unicode char U+201D (decimal 8221)
   defining Unicode char U+201E (decimal 8222)
   defining Unicode char U+2030 (decimal 8240)
   defining Unicode char U+2031 (decimal 8241)
   defining Unicode char U+2039 (decimal 8249)
   defining Unicode char U+203A (decimal 8250)
   defining Unicode char U+2423 (decimal 9251)
   defining Unicode char U+1E20 (decimal 7712)
   defining Unicode char U+1E21 (decimal 7713)
)
Now handling font encoding OT1 ...
... processing UTF-8 mapping file for font encoding OT1

(/usr/share/texlive/texmf-dist/tex/latex/base/ot1enc.dfu
File: ot1enc.dfu 2017/01/28 v1.1t UTF-8 support for inputenc
   defining Unicode char U+00A0 (decimal 160)
   defining Unicode char U+00A1 (decimal 161)
   defining Unicode char U+00A3 (decimal 163)
   defining Unicode char U+00AD (decimal 173)
   defining Unicode char U+00B8 (decimal 184)
   defining Unicode char U+00BF (decimal 191)
   defining Unicode char U+00C5 (decimal 197)
   defining Unicode char U+00C6 (decimal 198)
   defining Unicode char U+00D8 (decimal 216)
   defining Unicode char U+00DF (decimal 223)
   defining Unicode char U+00E6 (decimal 230)
   defining Unicode char U+00EC (decimal 236)
   defining Unicode char U+00ED (decimal 237)
   defining Unicode char U+00EE (decimal 238)
   defining Unicode char U+00EF (decimal 239)
   defining Unicode char U+00F8 (decimal 248)
   defining Unicode char U+0131 (decimal 305)
   defining Unicode char U+0141 (decimal 321)
   defining Unicode char U+0142 (decimal 322)
   defining Unicode char U+0152 (decimal 338)
   defining Unicode char U+0153 (decimal 339)
   defining Unicode char U+0174 (decimal 372)
   defining Unicode char U+0175 (decimal 373)
   defining Unicode char U+0176 (decimal 374)
   defining Unicode char U+0177 (decimal 375)
   defining Unicode char U+0218 (decimal 536)
   defining Unicode char U+0219 (decimal 537)
   defining Unicode char U+021A (decimal 538)
   defining Unicode char U+021B (decimal 539)
   defining Unicode char U+2013 (decimal 8211)
   defining Unicode char U+2014 (decimal 8212)
   defining Unicode char U+2018 (decimal 8216)
   defining Unicode char U+2019 (decimal 8217)
   defining Unicode char U+201C (decimal 8220)
   defining Unicode char U+201D (decimal 8221)
)
Now handling font encoding OMS ...
... processing UTF-8 mapping file for font encoding OMS

(/usr/share/texlive/texmf-dist/tex/latex/base/omsenc.dfu
File: omsenc.dfu 2017/01/28 v1.1t UTF-8 support for inputenc
   defining Unicode char U+00A7 (decimal 167)
   defining Unicode char U+00B6 (decimal 182)
   defining Unicode char U+00B7 (decimal 183)
   defining Unicode char U+2020 (decimal 8224)
   defining Unicode char U+2021 (decimal 8225)
   defining Unicode char U+2022 (decimal 8226)
)
Now handling font encoding OMX ...
... no UTF-8 mapping file for font encoding OMX
Now handling font encoding U ...
... no UTF-8 mapping file for font encoding U
   defining Unicode char U+00A9 (decimal 169)
   defining Unicode char U+00AA (decimal 170)
   defining Unicode char U+00AE (decimal 174)
   defining Unicode char U+00BA (decimal 186)
   defining Unicode char U+02C6 (decimal 710)
   defining Unicode char U+02DC (decimal 732)
   defining Unicode char U+200C (decimal 8204)
   defining Unicode char U+2026 (decimal 8230)
   defining Unicode char U+2122 (decimal 8482)
   defining Unicode char U+2423 (decimal 9251)
))
(/usr/share/texlive/texmf-dist/tex/latex/base/makeidx.sty
Package: makeidx 2014/09/29 v1.0m Standard LaTeX package
)
(/usr/share/texlive/texmf-dist/tex/latex/base/textcomp.sty
Package: textcomp 2017/04/05 v2.0i Standard LaTeX package
Package textcomp Info: Sub-encoding information:
(textcomp)               5 = only ISO-Adobe without \textcurrency
(textcomp)               4 = 5 + \texteuro
(textcomp)               3 = 4 + \textohm
(textcomp)               2 = 3 + \textestimated + \textcurrency
(textcomp)               1 = TS1 - \textcircled - \t
(textcomp)               0 = TS1 (full)
(textcomp)             Font families with sub-encoding setting implement
(textcomp)             only a restricted character set as indicated.
(textcomp)             Family '?' is the default used for unknown fonts.
(textcomp)             See the documentation for details.
Package textcomp Info: Setting ? sub-encoding to TS1/1 on input line 79.

(/usr/share/texlive/texmf-dist/tex/latex/base/ts1enc.def
File: ts1enc.def 2001/06/05 v3.0e (jk/car/fm) Standard LaTeX file
Now handling font encoding TS1 ...
... processing UTF-8 mapping file for font encoding TS1

(/usr/share/texlive/texmf-dist/tex/latex/base/ts1enc.dfu
File: ts1enc.dfu 2017/01/28 v1.1t UTF-8 support for inputenc
   defining Unicode char U+00A2 (decimal 162)
   defining Unicode char U+00A3 (decimal 163)
   defining Unicode char U+00A4 (decimal 164)
   defining Unicode char U+00A5 (decimal 165)
   defining Unicode char U+00A6 (decimal 166)
   defining Unicode char U+00A7 (decimal 167)
   defining Unicode char U+00A8 (decimal 168)
   defining Unicode char U+00A9 (decimal 169)
   defining Unicode char U+00AA (decimal 170)
   defining Unicode char U+00AC (decimal 172)
   defining Unicode char U+00AE (decimal 174)
   defining Unicode char U+00AF (decimal 175)
   defining Unicode char U+00B0 (decimal 176)
   defining Unicode char U+00B1 (decimal 177)
   defining Unicode char U+00B2 (decimal 178)
   defining Unicode char U+00B3 (decimal 179)
   defining Unicode char U+00B4 (decimal 180)
   defining Unicode char U+00B5 (decimal 181)
   defining Unicode char U+00B6 (decimal 182)
   defining Unicode char U+00B7 (decimal 183)
   defining Unicode char U+00B9 (decimal 185)
   defining Unicode char U+00BA (decimal 186)
   defining Unicode char U+00BC (decimal 188)
   defining Unicode char U+00BD (decimal 189)
   defining Unicode char U+00BE (decimal 190)
   defining Unicode char U+00D7 (decimal 215)
   defining Unicode char U+00F7 (decimal 247)
   defining Unicode char U+0192 (decimal 402)
   defining Unicode char U+02C7 (decimal 711)
   defining Unicode char U+02D8 (decimal 728)
   defining Unicode char U+02DD (decimal 733)
   defining Unicode char U+0E3F (decimal 3647)
   defining Unicode char U+2016 (decimal 8214)
   defining Unicode char U+2020 (decimal 8224)
   defining Unicode char U+2021 (decimal 8225)
   defining Unicode char U+2022 (decimal 8226)
   defining Unicode char U+2030 (decimal 8240)
   defining Unicode char U+2031 (decimal 8241)
   defining Unicode char U+203B (decimal 8251)
   defining Unicode char U+203D (decimal 8253)
   defining Unicode char U+2044 (decimal 8260)
   defining Unicode char U+204E (decimal 8270)
   defining Unicode char U+2052 (decimal 8274)
   defining Unicode char U+20A1 (decimal 8353)
   defining Unicode char U+20A4 (decimal 8356)
   defining Unicode char U+20A6 (decimal 8358)
   defining Unicode char U+20A9 (decimal 8361)
   defining Unicode char U+20AB (decimal 8363)
   defining Unicode char U+20AC (decimal 8364)
   defining Unicode char U+20B1 (decimal 8369)
   defining Unicode char U+2103 (decimal 8451)
   defining Unicode char U+2116 (decimal 8470)
   defining Unicode char U+2117 (decimal 8471)
   defining Unicode char U+211E (decimal 8478)
   defining Unicode char U+2120 (decimal 8480)
   defining Unicode char U+2122 (decimal 8482)
   defining Unicode char U+2126 (decimal 8486)
   defining Unicode char U+2127 (decimal 8487)
   defining Unicode char U+212E (decimal 8494)
   defining Unicode char U+2190 (decimal 8592)
   defining Unicode char U+2191 (decimal 8593)
   defining Unicode char U+2192 (decimal 8594)
   defining Unicode char U+2193 (decimal 8595)
   defining Unicode char U+2329 (decimal 9001)
   defining Unicode char U+232A (decimal 9002)
   defining Unicode char U+2422 (decimal 9250)
   defining Unicode char U+25E6 (decimal 9702)
   defining Unicode char U+25EF (decimal 9711)
   defining Unicode char U+266A (decimal 9834)
))
LaTeX Info: Redefining \oldstylenums on input line 334.
Package textcomp Info: Setting cmr sub-encoding to TS1/0 on input line 349.
Package textcomp Info: Setting cmss sub-encoding to TS1/0 on input line 350.
Package textcomp Info: Setting cmtt sub-encoding to TS1/0 on input line 351.
Package textcomp Info: Setting cmvtt sub-encoding to TS1/0 on input line 352.
Package textcomp Info: Setting cmbr sub-encoding to TS1/0 on input line 353.
Package textcomp Info: Setting cmtl sub-encoding to TS1/0 on input line 354.
Package textcomp Info: Setting ccr sub-encoding to TS1/0 on input line 355.
Package textcomp Info: Setting ptm sub-encoding to TS1/4 on input line 356.
Package textcomp Info: Setting pcr sub-encoding to TS1/4 on input line 357.
Package textcomp Info: Setting phv sub-encoding to TS1/4 on input line 358.
Package textcomp Info: Setting ppl sub-encoding to TS1/3 on input line 359.
Package textcomp Info: Setting pag sub-encoding to TS1/4 on input line 360.
Package textcomp Info: Setting pbk sub-encoding to TS1/4 on input line 361.
Package textcomp Info: Setting pnc sub-encoding to TS1/4 on input line 362.
Package textcomp Info: Setting pzc sub-encoding to TS1/4 on input line 363.
Package textcomp Info: Setting bch sub-encoding to TS1/4 on input line 364.
Package textcomp Info: Setting put sub-encoding to TS1/5 on input line 365.
Package textcomp Info: Setting uag sub-encoding to TS1/5 on input line 366.
Package textcomp Info: Setting ugq sub-encoding to TS1/5 on input line 367.
Package textcomp Info: Setting ul8 sub-encoding to TS1/4 on input line 368.
Package textcomp Info: Setting ul9 sub-encoding to TS1/4 on input line 369.
Package textcomp Info: Setting augie sub-encoding to TS1/5 on input line 370.
Package textcomp Info: Setting dayrom sub-encoding to TS1/3 on input line 371.
Package textcomp Info: Setting dayroms sub-encoding to TS1/3 on input line 372.

Package textcomp Info: Setting pxr sub-encoding to TS1/0 on input line 373.
Package textcomp Info: Setting pxss sub-encoding to TS1/0 on input line 374.
Package textcomp Info: Setting pxtt sub-encoding to TS1/0 on input line 375.
Package textcomp Info: Setting txr sub-encoding to TS1/0 on input line 376.
Package textcomp Info: Setting txss sub-encoding to TS1/0 on input line 377.
Package textcomp Info: Setting txtt sub-encoding to TS1/0 on input line 378.
Package textcomp Info: Setting lmr sub-encoding to TS1/0 on input line 379.
Package textcomp Info: Setting lmdh sub-encoding to TS1/0 on input line 380.
Package textcomp Info: Setting lmss sub-encoding to TS1/0 on input line 381.
Package textcomp Info: Setting lmssq sub-encoding to TS1/0 on input line 382.
Package textcomp Info: Setting lmvtt sub-encoding to TS1/0 on input line 383.
Package textcomp Info: Setting lmtt sub-encoding to TS1/0 on input line 384.
Package textcomp Info: Setting qhv sub-encoding to TS1/0 on input line 385.
Package textcomp Info: Setting qag sub-encoding to TS1/0 on input line 386.
Package textcomp Info: Setting qbk sub-encoding to TS1/0 on input line 387.
Package textcomp Info: Setting qcr sub-encoding to TS1/0 on input line 388.
Package textcomp Info: Setting qcs sub-encoding to TS1/0 on input line 389.
Package textcomp Info: Setting qpl sub-encoding to TS1/0 on input line 390.
Package textcomp Info: Setting qtm sub-encoding to TS1/0 on input line 391.
Package textcomp Info: Setting qzc sub-encoding to TS1/0 on input line 392.
Package textcomp Info: Setting qhvc sub-encoding to TS1/0 on input line 393.
Package textcomp Info: Setting futs sub-encoding to TS1/4 on input line 394.
Package textcomp Info: Setting futx sub-encoding to TS1/4 on input line 395.
Package textcomp Info: Setting futj sub-encoding to TS1/4 on input line 396.
Package textcomp Info: Setting hlh sub-encoding to TS1/3 on input line 397.
Package textcomp Info: Setting hls sub-encoding to TS1/3 on input line 398.
Package textcomp Info: Setting hlst sub-encoding to TS1/3 on input line 399.
Package textcomp Info: Setting hlct sub-encoding to TS1/5 on input line 400.
Package textcomp Info: Setting hlx sub-encoding to TS1/5 on input line 401.
Package textcomp Info: Setting hlce sub-encoding to TS1/5 on input line 402.
Package textcomp Info: Setting hlcn sub-encoding to TS1/5 on input line 403.
Package textcomp Info: Setting hlcw sub-encoding to TS1/5 on input line 404.
Package textcomp Info: Setting hlcf sub-encoding to TS1/5 on input line 405.
Package textcomp Info: Setting pplx sub-encoding to TS1/3 on input line 406.
Package textcomp Info: Setting pplj sub-encoding to TS1/3 on input line 407.
Package textcomp Info: Setting ptmx sub-encoding to TS1/4 on input line 408.
Package textcomp Info: Setting ptmj sub-encoding to TS1/4 on input line 409.
)
(/usr/share/texlive/texmf-dist/tex/latex/wasysym/wasysym.sty
Package: wasysym 2003/10/30 v2.0 Wasy-2 symbol support package
\symwasy=\mathgroup6
LaTeX Font Info:    Overwriting symbol font `wasy' in version `bold'
(Font)                  U/wasy/m/n --> U/wasy/b/n on input line 90.
)
(/usr/share/texlive/texmf-dist/tex/generic/ifxetex/ifxetex.sty
Package: ifxetex 2010/09/12 v0.6 Provides ifxetex conditional
)
(/usr/share/texlive/texmf-dist/tex/latex/base/fontenc.sty
Package: fontenc 2017/04/05 v2.0i Standard LaTeX package

(/usr/share/texlive/texmf-dist/tex/latex/cyrillic/t2aenc.def
File: t2aenc.def 2005/09/27 v1.0i Cyrillic encoding definition file
Now handling font encoding T2A ...
... processing UTF-8 mapping file for font encoding T2A

(/usr/share/texlive/texmf-dist/tex/latex/base/t2aenc.dfu
File: t2aenc.dfu 2017/01/28 v1.1t UTF-8 support for inputenc
   defining Unicode char U+00A4 (decimal 164)
   defining Unicode char U+00A7 (decimal 167)
   defining Unicode char U+00AB (decimal 171)
   defining Unicode char U+00BB (decimal 187)
   defining Unicode char U+0131 (decimal 305)
   defining Unicode char U+0400 (decimal 1024)
   defining Unicode char U+0401 (decimal 1025)
   defining Unicode char U+0402 (decimal 1026)
   defining Unicode char U+0403 (decimal 1027)
   defining Unicode char U+0404 (decimal 1028)
   defining Unicode char U+0405 (decimal 1029)
   defining Unicode char U+0406 (decimal 1030)
   defining Unicode char U+0407 (decimal 1031)
   defining Unicode char U+0408 (decimal 1032)
   defining Unicode char U+0409 (decimal 1033)
   defining Unicode char U+040A (decimal 1034)
   defining Unicode char U+040B (decimal 1035)
   defining Unicode char U+040C (decimal 1036)
   defining Unicode char U+040D (decimal 1037)
   defining Unicode char U+040E (decimal 1038)
   defining Unicode char U+040F (decimal 1039)
   defining Unicode char U+0410 (decimal 1040)
   defining Unicode char U+0411 (decimal 1041)
   defining Unicode char U+0412 (decimal 1042)
   defining Unicode char U+0413 (decimal 1043)
   defining Unicode char U+0414 (decimal 1044)
   defining Unicode char U+0415 (decimal 1045)
   defining Unicode char U+0416 (decimal 1046)
   defining Unicode char U+0417 (decimal 1047)
   defining Unicode char U+0418 (decimal 1048)
   defining Unicode char U+0419 (decimal 1049)
   defining Unicode char U+041A (decimal 1050)
   defining Unicode char U+041B (decimal 1051)
   defining Unicode char U+041C (decimal 1052)
   defining Unicode char U+041D (decimal 1053)
   defining Unicode char U+041E (decimal 1054)
   defining Unicode char U+041F (decimal 1055)
   defining Unicode char U+0420 (decimal 1056)
   defining Unicode char U+0421 (decimal 1057)
   defining Unicode char U+0422 (decimal 1058)
   defining Unicode char U+0423 (decimal 1059)
   defining Unicode char U+0424 (decimal 1060)
   defining Unicode char U+0425 (decimal 1061)
   defining Unicode char U+0426 (decimal 1062)
   defining Unicode char U+0427 (decimal 1063)
   defining Unicode char U+0428 (decimal 1064)
   defining Unicode char U+0429 (decimal 1065)
   defining Unicode char U+042A (decimal 1066)
   defining Unicode char U+042B (decimal 1067)
   defining Unicode char U+042C (decimal 1068)
   defining Unicode char U+042D (decimal 1069)
   defining Unicode char U+042E (decimal 1070)
   defining Unicode char U+042F (decimal 1071)
   defining Unicode char U+0430 (decimal 1072)
   defining Unicode char U+0431 (decimal 1073)
   defining Unicode char U+0432 (decimal 1074)
   defining Unicode char U+0433 (decimal 1075)
   defining Unicode char U+0434 (decimal 1076)
   defining Unicode char U+0435 (decimal 1077)
   defining Unicode char U+0436 (decimal 1078)
   defining Unicode char U+0437 (decimal 1079)
   defining Unicode char U+0438 (decimal 1080)
   defining Unicode char U+0439 (decimal 1081)
   defining Unicode char U+043A (decimal 1082)
   defining Unicode char U+043B (decimal 1083)
   defining Unicode char U+043C (decimal 1084)
   defining Unicode char U+043D (decimal 1085)
   defining Unicode char U+043E (decimal 1086)
   defining Unicode char U+043F (decimal 1087)
   defining Unicode char U+0440 (decimal 1088)
   defining Unicode char U+0441 (decimal 1089)
   defining Unicode char U+0442 (decimal 1090)
   defining Unicode char U+0443 (decimal 1091)
   defining Unicode char U+0444 (decimal 1092)
   defining Unicode char U+0445 (decimal 1093)
   defining Unicode char U+0446 (decimal 1094)
   defining Unicode char U+0447 (decimal 1095)
   defining Unicode char U+0448 (decimal 1096)
   defining Unicode char U+0449 (decimal 1097)
   defining Unicode char U+044A (decimal 1098)
   defining Unicode char U+044B (decimal 1099)
   defining Unicode char U+044C (decimal 1100)
   defining Unicode char U+044D (decimal 1101)
   defining Unicode char U+044E (decimal 1102)
   defining Unicode char U+044F (decimal 1103)
   defining Unicode char U+0450 (decimal 1104)
   defining Unicode char U+0451 (decimal 1105)
   defining Unicode char U+0452 (decimal 1106)
   defining Unicode char U+0453 (decimal 1107)
   defining Unicode char U+0454 (decimal 1108)
   defining Unicode char U+0455 (decimal 1109)
   defining Unicode char U+0456 (decimal 1110)
   defining Unicode char U+0457 (decimal 1111)
   defining Unicode char U+0458 (decimal 1112)
   defining Unicode char U+0459 (decimal 1113)
   defining Unicode char U+045A (decimal 1114)
   defining Unicode char U+045B (decimal 1115)
   defining Unicode char U+045C (decimal 1116)
   defining Unicode char U+045D (decimal 1117)
   defining Unicode char U+045E (decimal 1118)
   defining Unicode char U+045F (decimal 1119)
   defining Unicode char U+0490 (decimal 1168)
   defining Unicode char U+0491 (decimal 1169)
   defining Unicode char U+0492 (decimal 1170)
   defining Unicode char U+0493 (decimal 1171)
   defining Unicode char U+0496 (decimal 1174)
   defining Unicode char U+0497 (decimal 1175)
   defining Unicode char U+0498 (decimal 1176)
   defining Unicode char U+0499 (decimal 1177)
   defining Unicode char U+049A (decimal 1178)
   defining Unicode char U+049B (decimal 1179)
   defining Unicode char U+049C (decimal 1180)
   defining Unicode char U+049D (decimal 1181)
   defining Unicode char U+04A0 (decimal 1184)
   defining Unicode char U+04A1 (decimal 1185)
   defining Unicode char U+04A2 (decimal 1186)
   defining Unicode char U+04A3 (decimal 1187)
   defining Unicode char U+04A4 (decimal 1188)
   defining Unicode char U+04A5 (decimal 1189)
   defining Unicode char U+04AA (decimal 1194)
   defining Unicode char U+04AB (decimal 1195)
   defining Unicode char U+04AE (decimal 1198)
   defining Unicode char U+04AF (decimal 1199)
   defining Unicode char U+04B0 (decimal 1200)
   defining Unicode char U+04B1 (decimal 1201)
   defining Unicode char U+04B2 (decimal 1202)
   defining Unicode char U+04B3 (decimal 1203)
   defining Unicode char U+04B6 (decimal 1206)
   defining Unicode char U+04B7 (decimal 1207)
   defining Unicode char U+04B8 (decimal 1208)
   defining Unicode char U+04B9 (decimal 1209)
   defining Unicode char U+04BA (decimal 1210)
   defining Unicode char U+04BB (decimal 1211)
   defining Unicode char U+04C0 (decimal 1216)
   defining Unicode char U+04C1 (decimal 1217)
   defining Unicode char U+04C2 (decimal 1218)
   defining Unicode char U+04D0 (decimal 1232)
   defining Unicode char U+04D1 (decimal 1233)
   defining Unicode char U+04D2 (decimal 1234)
   defining Unicode char U+04D3 (decimal 1235)
   defining Unicode char U+04D4 (decimal 1236)
   defining Unicode char U+04D5 (decimal 1237)
   defining Unicode char U+04D6 (decimal 1238)
   defining Unicode char U+04D7 (decimal 1239)
   defining Unicode char U+04D8 (decimal 1240)
   defining Unicode char U+04D9 (decimal 1241)
   defining Unicode char U+04DA (decimal 1242)
   defining Unicode char U+04DB (decimal 1243)
   defining Unicode char U+04DC (decimal 1244)
   defining Unicode char U+04DD (decimal 1245)
   defining Unicode char U+04DE (decimal 1246)
   defining Unicode char U+04DF (decimal 1247)
   defining Unicode char U+04E2 (decimal 1250)
   defining Unicode char U+04E3 (decimal 1251)
   defining Unicode char U+04E4 (decimal 1252)
   defining Unicode char U+04E5 (decimal 1253)
   defining Unicode char U+04E6 (decimal 1254)
   defining Unicode char U+04E7 (decimal 1255)
   defining Unicode char U+04E8 (decimal 1256)
   defining Unicode char U+04E9 (decimal 1257)
   defining Unicode char U+04EC (decimal 1260)
   defining Unicode char U+04ED (decimal 1261)
   defining Unicode char U+04EE (decimal 1262)
   defining Unicode char U+04EF (decimal 1263)
   defining Unicode char U+04F0 (decimal 1264)
   defining Unicode char U+04F1 (decimal 1265)
   defining Unicode char U+04F2 (decimal 1266)
   defining Unicode char U+04F3 (decimal 1267)
   defining Unicode char U+04F4 (decimal 1268)
   defining Unicode char U+04F5 (decimal 1269)
   defining Unicode char U+04F8 (decimal 1272)
   defining Unicode char U+04F9 (decimal 1273)
   defining Unicode char U+200C (decimal 8204)
   defining Unicode char U+2013 (decimal 8211)
   defining Unicode char U+2014 (decimal 8212)
   defining Unicode char U+2018 (decimal 8216)
   defining Unicode char U+2019 (decimal 8217)
   defining Unicode char U+201C (decimal 8220)
   defining Unicode char U+201D (decimal 8221)
   defining Unicode char U+201E (decimal 8222)
   defining Unicode char U+2030 (decimal 8240)
   defining Unicode char U+2031 (decimal 8241)
   defining Unicode char U+2116 (decimal 8470)
   defining Unicode char U+2329 (decimal 9001)
   defining Unicode char U+232A (decimal 9002)
   defining Unicode char U+2423 (decimal 9251)
))
LaTeX Font Info:    Try loading font information for T2A+cmr on input line 105.


(/usr/share/texlive/texmf-dist/tex/latex/cyrillic/t2acmr.fd
File: t2acmr.fd 2001/08/11 v1.0a Computer Modern Cyrillic font definitions
))
(/usr/share/texlive/texmf-dist/tex/generic/babel/babel.sty
Package: babel 2018/02/14 3.18 The Babel package

(/usr/share/texlive/texmf-dist/tex/generic/babel/switch.def
File: switch.def 2018/02/14 3.18 Babel switching mechanism
)
(/usr/share/texlive/texmf-dist/tex/generic/babel-hungarian/magyar.ldf
Language: magyar 2017/08/30 v1.5c Magyar support from the babel v3.7 system

(/usr/share/texlive/texmf-dist/tex/generic/babel/babel.def
File: babel.def 2018/02/14 3.18 Babel common definitions
\babel@savecnt=\count126
\U@D=\dimen147

(/usr/share/texlive/texmf-dist/tex/generic/babel/txtbabel.def)
\bbl@dirlevel=\count127
)
Package babel Info: Making ` an active character on input line 2801.
\c@footnote@add=\count128
\c@footnote@ch=\count129
))
(/usr/share/texlive/texmf-dist/tex/latex/base/fontenc.sty
Package: fontenc 2017/04/05 v2.0i Standard LaTeX package

(/usr/share/texlive/texmf-dist/tex/latex/base/t1enc.def
File: t1enc.def 2017/04/05 v2.0i Standard LaTeX file
LaTeX Font Info:    Redeclaring font encoding T1 on input line 48.
))
(/usr/share/texlive/texmf-dist/tex/latex/psnfss/helvet.sty
Package: helvet 2005/04/12 PSNFSS-v9.2a (WaS) 
)
(/usr/share/texlive/texmf-dist/tex/latex/psnfss/courier.sty
Package: courier 2005/04/12 PSNFSS-v9.2a (WaS) 
)
(/usr/share/texlive/texmf-dist/tex/latex/sectsty/sectsty.sty
Package: sectsty 2002/02/25 v2.0.2 Commands to change all sectional heading sty
les
)
(/usr/share/texlive/texmf-dist/tex/latex/geometry/geometry.sty
Package: geometry 2010/09/12 v5.6 Page Geometry

(/usr/share/texlive/texmf-dist/tex/generic/oberdiek/ifvtex.sty
Package: ifvtex 2016/05/16 v1.6 Detect VTeX and its facilities (HO)
Package ifvtex Info: VTeX not detected.
)
\Gm@cnth=\count130
\Gm@cntv=\count131
\c@Gm@tempcnt=\count132
\Gm@bindingoffset=\dimen148
\Gm@wd@mp=\dimen149
\Gm@odd@mp=\dimen150
\Gm@even@mp=\dimen151
\Gm@layoutwidth=\dimen152
\Gm@layoutheight=\dimen153
\Gm@layouthoffset=\dimen154
\Gm@layoutvoffset=\dimen155
\Gm@dimlist=\toks31
)
(/usr/share/texlive/texmf-dist/tex/latex/fancyhdr/fancyhdr.sty
Package: fancyhdr 2017/06/30 v3.9a Extensive control of page headers and footer
s
\f@nch@headwidth=\skip75
\f@nch@O@elh=\skip76
\f@nch@O@erh=\skip77
\f@nch@O@olh=\skip78
\f@nch@O@orh=\skip79
\f@nch@O@elf=\skip80
\f@nch@O@erf=\skip81
\f@nch@O@olf=\skip82
\f@nch@O@orf=\skip83
)
(/usr/share/texlive/texmf-dist/tex/latex/natbib/natbib.sty
Package: natbib 2010/09/13 8.31b (PWD, AO)
\bibhang=\skip84
\bibsep=\skip85
LaTeX Info: Redefining \cite on input line 694.
\c@NAT@ctr=\count133
)
(/usr/share/texlive/texmf-dist/tex/latex/tocloft/tocloft.sty
Package: tocloft 2017/08/31 v2.3i parameterised ToC, etc., typesetting
Package tocloft Info: The document has chapter divisions on input line 51.
\cftparskip=\skip86
\cftbeforetoctitleskip=\skip87
\cftaftertoctitleskip=\skip88
\cftbeforepartskip=\skip89
\cftpartnumwidth=\skip90
\cftpartindent=\skip91
\cftbeforechapskip=\skip92
\cftchapindent=\skip93
\cftchapnumwidth=\skip94
\cftbeforesecskip=\skip95
\cftsecindent=\skip96
\cftsecnumwidth=\skip97
\cftbeforesubsecskip=\skip98
\cftsubsecindent=\skip99
\cftsubsecnumwidth=\skip100
\cftbeforesubsubsecskip=\skip101
\cftsubsubsecindent=\skip102
\cftsubsubsecnumwidth=\skip103
\cftbeforeparaskip=\skip104
\cftparaindent=\skip105
\cftparanumwidth=\skip106
\cftbeforesubparaskip=\skip107
\cftsubparaindent=\skip108
\cftsubparanumwidth=\skip109
\cftbeforeloftitleskip=\skip110
\cftafterloftitleskip=\skip111
\cftbeforefigskip=\skip112
\cftfigindent=\skip113
\cftfignumwidth=\skip114
\c@lofdepth=\count134
\c@lotdepth=\count135
\cftbeforelottitleskip=\skip115
\cftafterlottitleskip=\skip116
\cftbeforetabskip=\skip117
\cfttabindent=\skip118
\cfttabnumwidth=\skip119
)
\@indexfile=\write4
\openout4 = `refman.idx'.


Writing index file refman.idx
(/usr/share/texlive/texmf-dist/tex/latex/newunicodechar/newunicodechar.sty
Package: newunicodechar 2012/11/12 v1.1 Defining Unicode characters
)

Package newunicodechar Warning: Redefining Unicode character on input line 119.



Package newunicodechar Warning: Redefining Unicode character on input line 120.


(/usr/share/texlive/texmf-dist/tex/latex/hyperref/hyperref.sty
Package: hyperref 2018/02/06 v6.86b Hypertext links for LaTeX

(/usr/share/texlive/texmf-dist/tex/generic/oberdiek/hobsub-hyperref.sty
Package: hobsub-hyperref 2016/05/16 v1.14 Bundle oberdiek, subset hyperref (HO)


(/usr/share/texlive/texmf-dist/tex/generic/oberdiek/hobsub-generic.sty
Package: hobsub-generic 2016/05/16 v1.14 Bundle oberdiek, subset generic (HO)
Package: hobsub 2016/05/16 v1.14 Construct package bundles (HO)
Package: infwarerr 2016/05/16 v1.4 Providing info/warning/error messages (HO)
Package: ltxcmds 2016/05/16 v1.23 LaTeX kernel commands for general use (HO)
Package: ifluatex 2016/05/16 v1.4 Provides the ifluatex switch (HO)
Package ifluatex Info: LuaTeX not detected.
Package hobsub Info: Skipping package `ifvtex' (already loaded).
Package: intcalc 2016/05/16 v1.2 Expandable calculations with integers (HO)
Package hobsub Info: Skipping package `ifpdf' (already loaded).
Package: etexcmds 2016/05/16 v1.6 Avoid name clashes with e-TeX commands (HO)
Package etexcmds Info: Could not find \expanded.
(etexcmds)             That can mean that you are not using pdfTeX 1.50 or
(etexcmds)             that some package has redefined \expanded.
(etexcmds)             In the latter case, load this package earlier.
Package: kvsetkeys 2016/05/16 v1.17 Key value parser (HO)
Package: kvdefinekeys 2016/05/16 v1.4 Define keys (HO)
Package: pdftexcmds 2018/01/21 v0.26 Utility functions of pdfTeX for LuaTeX (HO
)
Package pdftexcmds Info: LuaTeX not detected.
Package pdftexcmds Info: \pdf@primitive is available.
Package pdftexcmds Info: \pdf@ifprimitive is available.
Package pdftexcmds Info: \pdfdraftmode found.
Package: pdfescape 2016/05/16 v1.14 Implements pdfTeX's escape features (HO)
Package: bigintcalc 2016/05/16 v1.4 Expandable calculations on big integers (HO
)
Package: bitset 2016/05/16 v1.2 Handle bit-vector datatype (HO)
Package: uniquecounter 2016/05/16 v1.3 Provide unlimited unique counter (HO)
)
Package hobsub Info: Skipping package `hobsub' (already loaded).
Package: letltxmacro 2016/05/16 v1.5 Let assignment for LaTeX macros (HO)
Package: hopatch 2016/05/16 v1.3 Wrapper for package hooks (HO)
Package: xcolor-patch 2016/05/16 xcolor patch
Package: atveryend 2016/05/16 v1.9 Hooks at the very end of document (HO)
Package: atbegshi 2016/06/09 v1.18 At begin shipout hook (HO)
Package: refcount 2016/05/16 v3.5 Data extraction from label references (HO)
Package: hycolor 2016/05/16 v1.8 Color options for hyperref/bookmark (HO)
)
(/usr/share/texlive/texmf-dist/tex/latex/oberdiek/auxhook.sty
Package: auxhook 2016/05/16 v1.4 Hooks for auxiliary files (HO)
)
(/usr/share/texlive/texmf-dist/tex/latex/oberdiek/kvoptions.sty
Package: kvoptions 2016/05/16 v3.12 Key value format for package options (HO)
)
\@linkdim=\dimen156
\Hy@linkcounter=\count136
\Hy@pagecounter=\count137

(/usr/share/texlive/texmf-dist/tex/latex/hyperref/pd1enc.def
File: pd1enc.def 2018/02/06 v6.86b Hyperref: PDFDocEncoding definition (HO)
Now handling font encoding PD1 ...
... no UTF-8 mapping file for font encoding PD1
)
\Hy@SavedSpaceFactor=\count138

(/usr/share/texlive/texmf-dist/tex/latex/latexconfig/hyperref.cfg
File: hyperref.cfg 2002/06/06 v1.2 hyperref configuration of TeXLive
)
Package hyperref Info: Hyper figures OFF on input line 4509.
Package hyperref Info: Link nesting OFF on input line 4514.
Package hyperref Info: Hyper index ON on input line 4517.
Package hyperref Info: Plain pages OFF on input line 4524.
Package hyperref Info: Backreferencing ON on input line 4527.
Package hyperref Info: Implicit mode ON; LaTeX internals redefined.
Package hyperref Info: Bookmarks ON on input line 4762.

(/usr/share/texlive/texmf-dist/tex/latex/hyperref/backref.sty
Package: backref 2016/05/21 v1.39 Bibliographical back referencing

(/usr/share/texlive/texmf-dist/tex/latex/oberdiek/rerunfilecheck.sty
Package: rerunfilecheck 2016/05/16 v1.8 Rerun checks for auxiliary files (HO)
Package uniquecounter Info: New unique counter `rerunfilecheck' on input line 2
82.
))
\c@Hy@tempcnt=\count139

(/usr/share/texlive/texmf-dist/tex/latex/url/url.sty
\Urlmuskip=\muskip10
Package: url 2013/09/16  ver 3.4  Verb mode for urls, etc.
)
LaTeX Info: Redefining \url on input line 5115.
\XeTeXLinkMargin=\dimen157
\Fld@menulength=\count140
\Field@Width=\dimen158
\Fld@charsize=\dimen159
Package hyperref Info: Hyper figures OFF on input line 6369.
Package hyperref Info: Link nesting OFF on input line 6374.
Package hyperref Info: Hyper index ON on input line 6377.
Package hyperref Info: backreferencing ON on input line 6382.
Package hyperref Info: Link coloring OFF on input line 6389.
Package hyperref Info: Link coloring with OCG OFF on input line 6394.
Package hyperref Info: PDF/A mode OFF on input line 6399.
LaTeX Info: Redefining \ref on input line 6439.
LaTeX Info: Redefining \pageref on input line 6443.
\Hy@abspage=\count141
\c@Item=\count142
\c@Hfootnote=\count143
)
Package hyperref Info: Driver: hpdftex.

(/usr/share/texlive/texmf-dist/tex/latex/hyperref/hpdftex.def
File: hpdftex.def 2018/02/06 v6.86b Hyperref driver for pdfTeX
\Fld@listcount=\count144
\c@bookmark@seq@number=\count145
\Hy@SectionHShift=\skip120
)
Package hyperref Info: Option `colorlinks' set `true' on input line 138.
Package hyperref Info: Option `unicode' set `true' on input line 138.

(/usr/share/texlive/texmf-dist/tex/latex/hyperref/puenc.def
File: puenc.def 2018/02/06 v6.86b Hyperref: PDF Unicode definition (HO)
Now handling font encoding PU ...
... no UTF-8 mapping file for font encoding PU
)
(/usr/share/texlive/texmf-dist/tex/latex/caption/caption.sty
Package: caption 2016/02/21 v3.3-144 Customizing captions (AR)

(/usr/share/texlive/texmf-dist/tex/latex/caption/caption3.sty
Package: caption3 2016/05/22 v1.7-166 caption3 kernel (AR)
Package caption3 Info: TeX engine: e-TeX on input line 67.
\captionmargin=\dimen160
\captionmargin@=\dimen161
\captionwidth=\dimen162
\caption@tempdima=\dimen163
\caption@indent=\dimen164
\caption@parindent=\dimen165
\caption@hangindent=\dimen166
)
\c@ContinuedFloat=\count146
Package caption Info: magyar babel option is loaded.
Package caption Info: float package is loaded.
Package caption Info: hyperref package is loaded.
Package caption Info: longtable package is loaded.

(/usr/share/texlive/texmf-dist/tex/latex/caption/ltcaption.sty
Package: ltcaption 2013/06/09 v1.4-94 longtable captions (AR)
))
(/usr/share/texlive/texmf-dist/tex/latex/etoc/etoc.sty
Package: etoc 2018/02/23 v1.08n Completely customisable TOCs (JFB)
\Etoc@toctoks=\toks32
\c@etoc@tocid=\count147
\c@etoc@tocdepth=\count148
\etoc@framed@titlebox=\box73
\etoc@framed@contentsbox=\box74
) (./refman.aux)
\openout1 = `refman.aux'.

LaTeX Font Info:    Checking defaults for OML/cmm/m/it on input line 153.
LaTeX Font Info:    ... okay on input line 153.
LaTeX Font Info:    Checking defaults for T1/cmr/m/n on input line 153.
LaTeX Font Info:    ... okay on input line 153.
LaTeX Font Info:    Checking defaults for OT1/cmr/m/n on input line 153.
LaTeX Font Info:    ... okay on input line 153.
LaTeX Font Info:    Checking defaults for OMS/cmsy/m/n on input line 153.
LaTeX Font Info:    ... okay on input line 153.
LaTeX Font Info:    Checking defaults for OMX/cmex/m/n on input line 153.
LaTeX Font Info:    ... okay on input line 153.
LaTeX Font Info:    Checking defaults for U/cmr/m/n on input line 153.
LaTeX Font Info:    ... okay on input line 153.
LaTeX Font Info:    Checking defaults for TS1/cmr/m/n on input line 153.
LaTeX Font Info:    Try loading font information for TS1+cmr on input line 153.


(/usr/share/texlive/texmf-dist/tex/latex/base/ts1cmr.fd
File: ts1cmr.fd 2014/09/29 v2.5h Standard LaTeX font definitions
)
LaTeX Font Info:    ... okay on input line 153.
LaTeX Font Info:    Checking defaults for T2A/cmr/m/n on input line 153.
LaTeX Font Info:    ... okay on input line 153.
LaTeX Font Info:    Checking defaults for PD1/pdf/m/n on input line 153.
LaTeX Font Info:    ... okay on input line 153.
LaTeX Font Info:    Checking defaults for PU/pdf/m/n on input line 153.
LaTeX Font Info:    ... okay on input line 153.
LaTeX Font Info:    Try loading font information for T1+phv on input line 153.

(/usr/share/texlive/texmf-dist/tex/latex/psnfss/t1phv.fd
File: t1phv.fd 2001/06/04 scalable font definitions for T1/phv.
)
LaTeX Font Info:    Font shape `T1/phv/m/n' will be
(Font)              scaled to size 8.99994pt on input line 153.

(/usr/share/texlive/texmf-dist/tex/context/base/mkii/supp-pdf.mkii
[Loading MPS to PDF converter (version 2006.09.02).]
\scratchcounter=\count149
\scratchdimen=\dimen167
\scratchbox=\box75
\nofMPsegments=\count150
\nofMParguments=\count151
\everyMPshowfont=\toks33
\MPscratchCnt=\count152
\MPscratchDim=\dimen168
\MPnumerator=\count153
\makeMPintoPDFobject=\count154
\everyMPtoPDFconversion=\toks34
) (/usr/share/texlive/texmf-dist/tex/latex/oberdiek/epstopdf-base.sty
Package: epstopdf-base 2016/05/15 v2.6 Base part for package epstopdf

(/usr/share/texlive/texmf-dist/tex/latex/oberdiek/grfext.sty
Package: grfext 2016/05/16 v1.2 Manage graphics extensions (HO)
)
Package epstopdf-base Info: Redefining graphics rule for `.eps' on input line 4
38.
Package grfext Info: Graphics extension search list:
(grfext)             [.pdf,.png,.jpg,.mps,.jpeg,.jbig2,.jb2,.PDF,.PNG,.JPG,.JPE
G,.JBIG2,.JB2,.eps]
(grfext)             \AppendGraphicsExtensions on input line 456.

(/usr/share/texlive/texmf-dist/tex/latex/latexconfig/epstopdf-sys.cfg
File: epstopdf-sys.cfg 2010/07/13 v1.3 Configuration of (r)epstopdf for TeX Liv
e
))

Package magyar.ldf Warning: No effect on fancyhdr.sty,
(magyar.ldf)                please load it before \usepackage[magyar]{babel}.

*geometry* driver: auto-detecting
*geometry* detected driver: pdftex
*geometry* verbose mode - [ preamble ] result:
* driver: pdftex
* paper: a4paper
* layout: <same size as paper>
* layoutoffset:(h,v)=(0.0pt,0.0pt)
* modes: twoside 
* h-part:(L,W,R)=(71.13188pt, 455.24411pt, 71.13188pt)
* v-part:(T,H,B)=(71.13188pt, 702.78308pt, 71.13188pt)
* \paperwidth=597.50787pt
* \paperheight=845.04684pt
* \textwidth=455.24411pt
* \textheight=702.78308pt
* \oddsidemargin=-1.1381pt
* \evensidemargin=-1.1381pt
* \topmargin=-31.2056pt
* \headheight=12.0pt
* \headsep=18.06749pt
* \topskip=10.0pt
* \footskip=25.29494pt
* \marginparwidth=125.0pt
* \marginparsep=7.0pt
* \columnsep=10.0pt
* \skip\footins=9.0pt plus 4.0pt minus 2.0pt
* \hoffset=0.0pt
* \voffset=0.0pt
* \mag=1000
* \@twocolumnfalse
* \@twosidetrue
* \@mparswitchtrue
* \@reversemarginfalse
* (1in=72.27pt=25.4mm, 1cm=28.453pt)

\AtBeginShipoutBox=\box76
Package backref Info: ** backref set up for natbib ** on input line 153.
Package hyperref Info: Link coloring ON on input line 153.
(/usr/share/texlive/texmf-dist/tex/latex/hyperref/nameref.sty
Package: nameref 2016/05/21 v2.44 Cross-referencing by name of section

(/usr/share/texlive/texmf-dist/tex/generic/oberdiek/gettitlestring.sty
Package: gettitlestring 2016/05/16 v1.5 Cleanup title references (HO)
)
\c@section@level=\count155
)
LaTeX Info: Redefining \ref on input line 153.
LaTeX Info: Redefining \pageref on input line 153.
LaTeX Info: Redefining \nameref on input line 153.

(./refman.out) (./refman.out)
\@outlinefile=\write5
\openout5 = `refman.out'.

Package caption Info: Begin \AtBeginDocument code.
Package caption Info: End \AtBeginDocument code.
\Etoc@tf=\read3

(/usr/share/texlive/texmf-dist/tex/latex/base/book.cls
LaTeX Info: Redefining \cal on input line 582.
LaTeX Info: Redefining \mit on input line 583.
)
Package hyperref Info: Option `pageanchor' set `false' on input line 160.
Package hyperref Info: Option `bookmarksnumbered' set `true' on input line 160.

Package hyperref Info: Option `unicode' set `true' on input line 160.
LaTeX Font Info:    Font shape `T1/phv/m/n' will be
(Font)              scaled to size 12.9599pt on input line 165.
LaTeX Font Info:    Font shape `T1/phv/m/n' will be
(Font)              scaled to size 10.79993pt on input line 167.
 [1



{/var/lib/texmf/fonts/map/pdftex/updmap/pdftex.map}] [2

]
\tf@toc=\write6
\openout6 = `refman.toc'.

LaTeX Font Info:    Font shape `T1/phv/bx/n' in size <10> not available
(Font)              Font shape `T1/phv/b/n' tried instead on input line 173.
LaTeX Font Info:    Font shape `T1/phv/b/n' will be
(Font)              scaled to size 8.99994pt on input line 173.
LaTeX Font Info:    Font shape `T1/phv/bx/n' in size <7> not available
(Font)              Font shape `T1/phv/b/n' tried instead on input line 173.
LaTeX Font Info:    Font shape `T1/phv/b/n' will be
(Font)              scaled to size 6.29996pt on input line 173.
LaTeX Font Info:    Try loading font information for U+msa on input line 173.

(/usr/share/texlive/texmf-dist/tex/latex/amsfonts/umsa.fd
File: umsa.fd 2013/01/14 v3.01 AMS symbols A
)
LaTeX Font Info:    Try loading font information for U+msb on input line 173.

(/usr/share/texlive/texmf-dist/tex/latex/amsfonts/umsb.fd
File: umsb.fd 2013/01/14 v3.01 AMS symbols B
)
LaTeX Font Info:    Try loading font information for U+wasy on input line 173.

(/usr/share/texlive/texmf-dist/tex/latex/wasysym/uwasy.fd
File: uwasy.fd 2003/10/30 v2.0 Wasy-2 symbol font definitions
)
LaTeX Font Info:    Font shape `T1/phv/m/n' will be
(Font)              scaled to size 6.29996pt on input line 173.
 [1]
LaTeX Font Info:    Font shape `T1/phv/m/n' will be
(Font)              scaled to size 7.19995pt on input line 173.
LaTeX Font Info:    Try loading font information for T1+pcr on input line 173.

(/usr/share/texlive/texmf-dist/tex/latex/psnfss/t1pcr.fd
File: t1pcr.fd 2001/06/04 font definitions for T1/pcr.
) [2] [3] [4] [5]
[6] [7] [8]
Package hyperref Info: Option `pageanchor' set `true' on input line 175.

1. fejezet.
LaTeX Font Info:    Font shape `T1/phv/m/n' will be
(Font)              scaled to size 18.66588pt on input line 178.
LaTeX Font Info:    Font shape `T1/phv/bx/n' in size <20.74> not available
(Font)              Font shape `T1/phv/b/n' tried instead on input line 178.
LaTeX Font Info:    Font shape `T1/phv/b/n' will be
(Font)              scaled to size 18.66588pt on input line 178.
LaTeX Font Info:    Font shape `T1/phv/bx/n' in size <24.88> not available
(Font)              Font shape `T1/phv/b/n' tried instead on input line 178.
LaTeX Font Info:    Font shape `T1/phv/b/n' will be
(Font)              scaled to size 22.39185pt on input line 178.
(./md_idea.tex
LaTeX Font Info:    Font shape `T1/phv/bx/n' in size <14.4> not available
(Font)              Font shape `T1/phv/b/n' tried instead on input line 1.
LaTeX Font Info:    Font shape `T1/phv/b/n' will be
(Font)              scaled to size 12.9599pt on input line 1.
LaTeX Font Info:    Try loading font information for TS1+phv on input line 6.
 (/usr/share/texlive/texmf-dist/tex/latex/psnfss/ts1phv.fd
File: ts1phv.fd 2001/06/04 scalable font definitions for TS1/phv.
)
LaTeX Font Info:    Font shape `TS1/phv/m/n' will be
(Font)              scaled to size 8.99994pt on input line 6.
)
[1


] [2

]
2. fejezet.
(./md_prog.tex <./UML.png (PNG copy)>
<UML.png, id=1710, 2726.185pt x 2150.0325pt>
File: UML.png Graphic file (type png)
<use UML.png>
Package pdftex.def Info: UML.png  used on input line 6.
(pdftex.def)             Requested size: 445.5581pt x 351.39377pt.
LaTeX Font Info:    Font shape `T1/phv/bx/n' in size <12> not available
(Font)              Font shape `T1/phv/b/n' tried instead on input line 8.
LaTeX Font Info:    Font shape `T1/phv/b/n' will be
(Font)              scaled to size 10.79993pt on input line 8.
 [3] [4]) [5] [6

]
3. fejezet.
(./md_spec.tex <./simulationEditor.png>
<simulationEditor.png, id=1753, 883.3pt x 482.80376pt>
File: simulationEditor.png Graphic file (type png)
<use simulationEditor.png>
Package pdftex.def Info: simulationEditor.png  used on input line 41.
(pdftex.def)             Requested size: 455.24828pt x 248.83456pt.
 [7] [8]) [9] [10

]
4. fejezet.
(./md_userman.tex <./progSimEd.png>
<progSimEd.png, id=1781, 964.60374pt x 443.6575pt>
File: progSimEd.png Graphic file (type png)
<use progSimEd.png>
Package pdftex.def Info: progSimEd.png  used on input line 42.
(pdftex.def)             Requested size: 455.2331pt x 209.37878pt.
 [11] <./progSim.png>
<progSim.png, id=1790, 927.465pt x 583.17876pt>
File: progSim.png Graphic file (type png)
<use progSim.png>
Package pdftex.def Info: progSim.png  used on input line 58.
(pdftex.def)             Requested size: 455.25433pt x 286.2584pt.
 [12] <./progStat.png>
<progStat.png, id=1796, 926.46124pt x 584.1825pt>
File: progStat.png Graphic file (type png)
<use progStat.png>
Package pdftex.def Info: progStat.png  used on input line 85.
(pdftex.def)             Requested size: 455.24228pt x 287.05417pt.

[13]) [14]
5. fejezet.
(./hierarchy.tex) [15

] [16

]
6. fejezet.
(./annotated.tex) [17] [18

]
7. fejezet.
(./classsimulatorComponents_1_1Dot.tex <./classsimulatorComponents_1_1Dot__inhe
rit__graph.pdf

pdfTeX warning: pdflatex (file ./classsimulatorComponents_1_1Dot__inherit__grap
h.pdf): PDF inclusion: multiple pdfs with page group included in a single page
>
<classsimulatorComponents_1_1Dot__inherit__graph.pdf, id=1887, 348.30125pt x 15
6.585pt>
File: classsimulatorComponents_1_1Dot__inherit__graph.pdf Graphic file (type pd
f)
<use classsimulatorComponents_1_1Dot__inherit__graph.pdf>
Package pdftex.def Info: classsimulatorComponents_1_1Dot__inherit__graph.pdf  u
sed on input line 9.
(pdftex.def)             Requested size: 347.0pt x 156.0064pt.
 <./classsimulatorComponents_1_1Dot__coll__graph.pdf

pdfTeX warning: pdflatex (file ./classsimulatorComponents_1_1Dot__coll__graph.p
df): PDF inclusion: multiple pdfs with page group included in a single page
>
<classsimulatorComponents_1_1Dot__coll__graph.pdf, id=1895, 545.03625pt x 231.8
6626pt>
File: classsimulatorComponents_1_1Dot__coll__graph.pdf Graphic file (type pdf)
<use classsimulatorComponents_1_1Dot__coll__graph.pdf>
Package pdftex.def Info: classsimulatorComponents_1_1Dot__coll__graph.pdf  used
 on input line 18.
(pdftex.def)             Requested size: 350.0pt x 148.89275pt.
 [19]
LaTeX Font Info:    Font shape `T1/phv/bx/n' in size <8> not available
(Font)              Font shape `T1/phv/b/n' tried instead on input line 116.
LaTeX Font Info:    Font shape `T1/phv/b/n' will be
(Font)              scaled to size 7.19995pt on input line 116.
LaTeX Font Info:    Font shape `T1/pcr/bx/n' in size <8> not available
(Font)              Font shape `T1/pcr/b/n' tried instead on input line 116.
LaTeX Font Info:    Font shape `T1/pcr/m/it' in size <8> not available
(Font)              Font shape `T1/pcr/m/sl' tried instead on input line 117.
 [20]
LaTeX Font Info:    Font shape `T1/pcr/m/it' in size <7> not available
(Font)              Font shape `T1/pcr/m/sl' tried instead on input line 153.
 [21]
Underfull \hbox (badness 10000) detected at line 200
[][][]
 []

[22] [23]
Underfull \hbox (badness 10000) detected at line 254
[][][]
 []


Underfull \hbox (badness 10000) detected at line 265
[][][]
 []


Underfull \hbox (badness 10000) detected at line 276
[][][]
 []

[24] [25]
Underfull \hbox (badness 10000) detected at line 358
[][][]
 []


Underfull \hbox (badness 10000) detected at line 378
[][][]
 []

[26]
Underfull \hbox (badness 10000) detected at line 398
[][][]
 []

[27] [28] [29]) (./classTests_1_1DotTest.tex)
(./enumsimulatorComponents_1_1dotTypes.tex <./enumsimulatorComponents_1_1dotTyp
es__inherit__graph.pdf

pdfTeX warning: pdflatex (file ./enumsimulatorComponents_1_1dotTypes__inherit__
graph.pdf): PDF inclusion: multiple pdfs with page group included in a single p
age
>
<enumsimulatorComponents_1_1dotTypes__inherit__graph.pdf, id=2111, 235.88126pt 
x 156.585pt>
File: enumsimulatorComponents_1_1dotTypes__inherit__graph.pdf Graphic file (typ
e pdf)
<use enumsimulatorComponents_1_1dotTypes__inherit__graph.pdf>
Package pdftex.def Info: enumsimulatorComponents_1_1dotTypes__inherit__graph.pd
f  used on input line 9.
(pdftex.def)             Requested size: 235.0pt x 156.00162pt.
 [30] <./enumsimulatorComponents_1_1dotTypes__coll__graph.pdf

pdfTeX warning: pdflatex (file ./enumsimulatorComponents_1_1dotTypes__coll__gra
ph.pdf): PDF inclusion: multiple pdfs with page group included in a single page

>
<enumsimulatorComponents_1_1dotTypes__coll__graph.pdf, id=2123, 235.88126pt x 1
56.585pt>
File: enumsimulatorComponents_1_1dotTypes__coll__graph.pdf Graphic file (type p
df)
<use enumsimulatorComponents_1_1dotTypes__coll__graph.pdf>
Package pdftex.def Info: enumsimulatorComponents_1_1dotTypes__coll__graph.pdf  
used on input line 18.
(pdftex.def)             Requested size: 235.0pt x 156.00162pt.
 [31]) (./classUI_1_1Main.tex <./classUI_1_1Main__inherit__graph.pdf>
<classUI_1_1Main__inherit__graph.pdf, id=2141, 145.54375pt x 156.585pt>
File: classUI_1_1Main__inherit__graph.pdf Graphic file (type pdf)
<use classUI_1_1Main__inherit__graph.pdf>
Package pdftex.def Info: classUI_1_1Main__inherit__graph.pdf  used on input lin
e 9.
(pdftex.def)             Requested size: 145.0pt x 156.01117pt.
 [32] <./classUI_1_1Main__coll__graph.pdf

pdfTeX warning: pdflatex (file ./classUI_1_1Main__coll__graph.pdf): PDF inclusi
on: multiple pdfs with page group included in a single page
>
<classUI_1_1Main__coll__graph.pdf, id=2157, 145.54375pt x 156.585pt>
File: classUI_1_1Main__coll__graph.pdf Graphic file (type pdf)
<use classUI_1_1Main__coll__graph.pdf>
Package pdftex.def Info: classUI_1_1Main__coll__graph.pdf  used on input line 1
8.
(pdftex.def)             Requested size: 145.0pt x 156.01117pt.
 [33]) (./classsimulatorComponents_1_1Point.tex <./classsimulatorComponents_1_1
Point__inherit__graph.pdf>
<classsimulatorComponents_1_1Point__inherit__graph.pdf, id=2178, 217.81375pt x 
156.585pt>
File: classsimulatorComponents_1_1Point__inherit__graph.pdf Graphic file (type 
pdf)
<use classsimulatorComponents_1_1Point__inherit__graph.pdf>
Package pdftex.def Info: classsimulatorComponents_1_1Point__inherit__graph.pdf 
 used on input line 9.
(pdftex.def)             Requested size: 217.0pt x 155.99922pt.
 <./classsimulatorComponents_1_1Point__coll__graph.pdf

pdfTeX warning: pdflatex (file ./classsimulatorComponents_1_1Point__coll__graph
.pdf): PDF inclusion: multiple pdfs with page group included in a single page
>
<classsimulatorComponents_1_1Point__coll__graph.pdf, id=2184, 217.81375pt x 156
.585pt>
File: classsimulatorComponents_1_1Point__coll__graph.pdf Graphic file (type pdf
)
<use classsimulatorComponents_1_1Point__coll__graph.pdf>
Package pdftex.def Info: classsimulatorComponents_1_1Point__coll__graph.pdf  us
ed on input line 18.
(pdftex.def)             Requested size: 217.0pt x 155.99922pt.
 [34] [35] [36]
Underfull \hbox (badness 10000) detected at line 148
[][][]
 []


Underfull \hbox (badness 10000) detected at line 164
[][][]
 []

[37]
Underfull \hbox (badness 10000) detected at line 193
[][][]
 []


Underfull \hbox (badness 10000) detected at line 202
[][][]
 []


Underfull \hbox (badness 10000) detected at line 211
[][][]
 []

[38]
Underfull \hbox (badness 10000) detected at line 229
[][][]
 []


Underfull \hbox (badness 10000) detected at line 247
[][][]
 []


Overfull \vbox (18.74649pt too high) has occurred while \output is active []


[39]
Underfull \hbox (badness 10000) detected at line 265
[][][]
 []


Underfull \hbox (badness 10000) detected at line 283
[][][]
 []


Underfull \hbox (badness 10000) detected at line 301
[][][]
 []

[40] [41]) (./classTests_1_1PointTest.tex <./classTests_1_1PointTest__coll__gra
ph.pdf

pdfTeX warning: pdflatex (file ./classTests_1_1PointTest__coll__graph.pdf): PDF
 inclusion: multiple pdfs with page group included in a single page
>
<classTests_1_1PointTest__coll__graph.pdf, id=2327, 217.81375pt x 224.84pt>
File: classTests_1_1PointTest__coll__graph.pdf Graphic file (type pdf)
<use classTests_1_1PointTest__coll__graph.pdf>
Package pdftex.def Info: classTests_1_1PointTest__coll__graph.pdf  used on inpu
t line 9.
(pdftex.def)             Requested size: 217.0pt x 223.9989pt.
 [42] [43]) (./classUI_1_1SimEditorController.tex <./classUI_1_1SimEditorContro
ller__inherit__graph.pdf

pdfTeX warning: pdflatex (file ./classUI_1_1SimEditorController__inherit__graph
.pdf): PDF inclusion: multiple pdfs with page group included in a single page
>
<classUI_1_1SimEditorController__inherit__graph.pdf, id=2367, 195.73125pt x 156
.585pt>
File: classUI_1_1SimEditorController__inherit__graph.pdf Graphic file (type pdf
)
<use classUI_1_1SimEditorController__inherit__graph.pdf>
Package pdftex.def Info: classUI_1_1SimEditorController__inherit__graph.pdf  us
ed on input line 9.
(pdftex.def)             Requested size: 195.0pt x 156.00879pt.
 <./classUI_1_1SimEditorController__coll__graph.pdf

pdfTeX warning: pdflatex (file ./classUI_1_1SimEditorController__coll__graph.pd
f): PDF inclusion: multiple pdfs with page group included in a single page
>
<classUI_1_1SimEditorController__coll__graph.pdf, id=2373, 737.75626pt x 479.79
25pt>
File: classUI_1_1SimEditorController__coll__graph.pdf Graphic file (type pdf)
<use classUI_1_1SimEditorController__coll__graph.pdf>
Package pdftex.def Info: classUI_1_1SimEditorController__coll__graph.pdf  used 
on input line 18.
(pdftex.def)             Requested size: 350.0pt x 227.61827pt.
 [44] [45] [46] [47]
Underfull \hbox (badness 10000) detected at line 194
[][][]
 []

[48] [49] [50]
Overfull \hbox (24.7562pt too wide) in paragraph at lines 338--339
[] \T1/pcr/m/n/8 UI.[]Sim[]Editor[]Controller.[]selected[]Type = []
 []

[51]) (./classUI_1_1SimStatisticsController.tex <./classUI_1_1SimStatisticsCont
roller__inherit__graph.pdf

pdfTeX warning: pdflatex (file ./classUI_1_1SimStatisticsController__inherit__g
raph.pdf): PDF inclusion: multiple pdfs with page group included in a single pa
ge
>
<classUI_1_1SimStatisticsController__inherit__graph.pdf, id=2509, 211.79124pt x
 156.585pt>
File: classUI_1_1SimStatisticsController__inherit__graph.pdf Graphic file (type
 pdf)
<use classUI_1_1SimStatisticsController__inherit__graph.pdf>
Package pdftex.def Info: classUI_1_1SimStatisticsController__inherit__graph.pdf
  used on input line 9.
(pdftex.def)             Requested size: 211.0pt x 156.0064pt.
 <./classUI_1_1SimStatisticsController__coll__graph.pdf

pdfTeX warning: pdflatex (file ./classUI_1_1SimStatisticsController__coll__grap
h.pdf): PDF inclusion: multiple pdfs with page group included in a single page
>
<classUI_1_1SimStatisticsController__coll__graph.pdf, id=2515, 328.22626pt x 29
0.08376pt>
File: classUI_1_1SimStatisticsController__coll__graph.pdf Graphic file (type pd
f)
<use classUI_1_1SimStatisticsController__coll__graph.pdf>
Package pdftex.def Info: classUI_1_1SimStatisticsController__coll__graph.pdf  u
sed on input line 18.
(pdftex.def)             Requested size: 327.0pt x 289.003pt.
 [52] [53] [54]
Underfull \hbox (badness 10000) in paragraph at lines 110--111
\T1/pcr/m/n/8 final XYChart.[]Series$\OML/cmm/m/it/8 <$\T1/pcr/m/n/8 Number,Num
ber$\OML/cmm/m/it/8 >$ \T1/pcr/m/n/8 UI.[]Sim[]Statistics[]Controller.[]heals =
 new XYChart.[]Series$\OML/cmm/m/it/8 <$$>$\T1/pcr/m/n/8 ()
 []


Underfull \hbox (badness 10000) in paragraph at lines 116--117
\T1/pcr/m/n/8 final XYChart.[]Series$\OML/cmm/m/it/8 <$\T1/pcr/m/n/8 Number,Num
ber$\OML/cmm/m/it/8 >$ \T1/pcr/m/n/8 UI.[]Sim[]Statistics[]Controller.[]infecti
ons = new XYChart.[]
 []


Underfull \hbox (badness 10000) in paragraph at lines 122--123
\T1/pcr/m/n/8 final XYChart.[]Series$\OML/cmm/m/it/8 <$\T1/pcr/m/n/8 Number,Num
ber$\OML/cmm/m/it/8 >$ \T1/pcr/m/n/8 UI.[]Sim[]Statistics[]Controller.[]populat
ion = new XYChart.[]
 []

) (./classsimulatorComponents_1_1SimulationMap.tex <./classsimulatorComponents_
1_1SimulationMap__inherit__graph.pdf

pdfTeX warning: pdflatex (file ./classsimulatorComponents_1_1SimulationMap__inh
erit__graph.pdf): PDF inclusion: multiple pdfs with page group included in a si
ngle page
>
<classsimulatorComponents_1_1SimulationMap__inherit__graph.pdf, id=2567, 259.97
125pt x 156.585pt>
File: classsimulatorComponents_1_1SimulationMap__inherit__graph.pdf Graphic fil
e (type pdf)
<use classsimulatorComponents_1_1SimulationMap__inherit__graph.pdf>
Package pdftex.def Info: classsimulatorComponents_1_1SimulationMap__inherit__gr
aph.pdf  used on input line 9.
(pdftex.def)             Requested size: 259.0pt x 155.99922pt.
 [55] <./classsimulatorComponents_1_1SimulationMap__coll__graph.pdf

pdfTeX warning: pdflatex (file ./classsimulatorComponents_1_1SimulationMap__col
l__graph.pdf): PDF inclusion: multiple pdfs with page group included in a singl
e page
>
<classsimulatorComponents_1_1SimulationMap__coll__graph.pdf, id=2577, 259.97125
pt x 156.585pt>
File: classsimulatorComponents_1_1SimulationMap__coll__graph.pdf Graphic file (
type pdf)
<use classsimulatorComponents_1_1SimulationMap__coll__graph.pdf>
Package pdftex.def Info: classsimulatorComponents_1_1SimulationMap__coll__graph
.pdf  used on input line 18.
(pdftex.def)             Requested size: 259.0pt x 155.99922pt.
 [56] [57]
Underfull \hbox (badness 10000) detected at line 120
[][][]
 []

[58]
Underfull \hbox (badness 10000) detected at line 138
[][][]
 []


Underfull \hbox (badness 10000) detected at line 156
[][][]
 []

[59]) (./classsimulator_1_1SimulationPlayer.tex <./classsimulator_1_1Simulation
Player__inherit__graph.pdf

pdfTeX warning: pdflatex (file ./classsimulator_1_1SimulationPlayer__inherit__g
raph.pdf): PDF inclusion: multiple pdfs with page group included in a single pa
ge
>
<classsimulator_1_1SimulationPlayer__inherit__graph.pdf, id=2660, 213.79875pt x
 156.585pt>
File: classsimulator_1_1SimulationPlayer__inherit__graph.pdf Graphic file (type
 pdf)
<use classsimulator_1_1SimulationPlayer__inherit__graph.pdf>
Package pdftex.def Info: classsimulator_1_1SimulationPlayer__inherit__graph.pdf
  used on input line 9.
(pdftex.def)             Requested size: 213.0pt x 155.99922pt.
 <./classsimulator_1_1SimulationPlayer__coll__graph.pdf

pdfTeX warning: pdflatex (file ./classsimulator_1_1SimulationPlayer__coll__grap
h.pdf): PDF inclusion: multiple pdfs with page group included in a single page
>
<classsimulator_1_1SimulationPlayer__coll__graph.pdf, id=2666, 740.7675pt x 271
.0125pt>
File: classsimulator_1_1SimulationPlayer__coll__graph.pdf Graphic file (type pd
f)
<use classsimulator_1_1SimulationPlayer__coll__graph.pdf>
Package pdftex.def Info: classsimulator_1_1SimulationPlayer__coll__graph.pdf  u
sed on input line 18.
(pdftex.def)             Requested size: 350.0pt x 128.04994pt.
 [60] [61] [62] [63]
Underfull \hbox (badness 10000) detected at line 195
[][][]
 []


Underfull \hbox (badness 10000) detected at line 206
[][][]
 []


Underfull \hbox (badness 10000) detected at line 217
[][][]
 []

[64] [65] [66] [67]) (./classUI_1_1SimulationPlayerController.tex <./classUI_1_
1SimulationPlayerController__inherit__graph.pdf

pdfTeX warning: pdflatex (file ./classUI_1_1SimulationPlayerController__inherit
__graph.pdf): PDF inclusion: multiple pdfs with page group included in a single
 page
>
<classUI_1_1SimulationPlayerController__inherit__graph.pdf, id=2826, 226.8475pt
 x 156.585pt>
File: classUI_1_1SimulationPlayerController__inherit__graph.pdf Graphic file (t
ype pdf)
<use classUI_1_1SimulationPlayerController__inherit__graph.pdf>
Package pdftex.def Info: classUI_1_1SimulationPlayerController__inherit__graph.
pdf  used on input line 9.
(pdftex.def)             Requested size: 226.0pt x 156.00162pt.
 <./classUI_1_1SimulationPlayerController__coll__graph.pdf

pdfTeX warning: pdflatex (file ./classUI_1_1SimulationPlayerController__coll__g
raph.pdf): PDF inclusion: multiple pdfs with page group included in a single pa
ge
>
<classUI_1_1SimulationPlayerController__coll__graph.pdf, id=2832, 1027.84pt x 5
14.92375pt>
File: classUI_1_1SimulationPlayerController__coll__graph.pdf Graphic file (type
 pdf)
<use classUI_1_1SimulationPlayerController__coll__graph.pdf>
Package pdftex.def Info: classUI_1_1SimulationPlayerController__coll__graph.pdf
  used on input line 18.
(pdftex.def)             Requested size: 350.0pt x 175.3389pt.
 [68] [69] [70] [71]) (./classsimulator_1_1SimulationStatisticsStore.tex <./cla
sssimulator_1_1SimulationStatisticsStore__coll__graph.pdf

pdfTeX warning: pdflatex (file ./classsimulator_1_1SimulationStatisticsStore__c
oll__graph.pdf): PDF inclusion: multiple pdfs with page group included in a sin
gle page
>
<classsimulator_1_1SimulationStatisticsStore__coll__graph.pdf, id=2906, 226.847
5pt x 222.8325pt>
File: classsimulator_1_1SimulationStatisticsStore__coll__graph.pdf Graphic file
 (type pdf)
<use classsimulator_1_1SimulationStatisticsStore__coll__graph.pdf>
Package pdftex.def Info: classsimulator_1_1SimulationStatisticsStore__coll__gra
ph.pdf  used on input line 9.
(pdftex.def)             Requested size: 226.0pt x 222.00232pt.
 [72]
Underfull \hbox (badness 752) in paragraph at lines 46--48
[]\T1/phv/m/n/10 Concurrent[]Linked[]Queue$\OML/cmm/m/it/10 <$ \T1/phv/m/n/10 P
air$\OML/cmm/m/it/10 <$ \T1/phv/m/n/10 Num-ber, Num-ber $\OML/cmm/m/it/10 >$ $>
$ [] \T1/phv/m/n/10 = new Concurrent[]Linked[]
 []


Underfull \hbox (badness 1112) in paragraph at lines 50--52
[]\T1/phv/m/n/10 Concurrent[]Linked[]Queue$\OML/cmm/m/it/10 <$ \T1/phv/m/n/10 P
air$\OML/cmm/m/it/10 <$ \T1/phv/m/n/10 Num-ber, Num-ber $\OML/cmm/m/it/10 >$ $>
$ [] \T1/phv/m/n/10 = new Concurrent[]Linked[]
 []

[73]
Overfull \vbox (16.51111pt too high) has occurred while \output is active []


[74]
Underfull \hbox (badness 10000) in paragraph at lines 163--164
\T1/pcr/m/n/8 Concurrent[]Linked[]Queue$\OML/cmm/m/it/8 <$\T1/pcr/m/n/8 Pair$\O
ML/cmm/m/it/8 <$\T1/pcr/m/n/8 Number, Number$\OML/cmm/m/it/8 >$ $>$ \T1/pcr/m/n
/8 simulator.[]Simulation[]Statistics[]Store.[]get[]Deaths[]
 []


Underfull \hbox (badness 10000) detected at line 167
[][][]
 []


Underfull \hbox (badness 10000) in paragraph at lines 174--175
\T1/pcr/m/n/8 Concurrent[]Linked[]Queue$\OML/cmm/m/it/8 <$\T1/pcr/m/n/8 Pair$\O
ML/cmm/m/it/8 <$\T1/pcr/m/n/8 Number, Number$\OML/cmm/m/it/8 >$ $>$ \T1/pcr/m/n
/8 simulator.[]Simulation[]Statistics[]Store.[]get[]Heals[]
 []


Underfull \hbox (badness 10000) detected at line 178
[][][]
 []

[75]
Underfull \hbox (badness 10000) detected at line 189
[][][]
 []


Underfull \hbox (badness 10000) detected at line 200
[][][]
 []


Underfull \hbox (badness 10000) in paragraph at lines 210--211
\T1/pcr/m/n/8 Concurrent[]Linked[]Queue$\OML/cmm/m/it/8 <$\T1/pcr/m/n/8 Pair$\O
ML/cmm/m/it/8 <$\T1/pcr/m/n/8 Number, Number$\OML/cmm/m/it/8 >$ $>$ \T1/pcr/m/n
/8 simulator.[]Simulation[]Statistics[]Store.[]deaths[]Queue
 []


Underfull \hbox (badness 10000) in paragraph at lines 216--217
\T1/pcr/m/n/8 Concurrent[]Linked[]Queue$\OML/cmm/m/it/8 <$\T1/pcr/m/n/8 Pair$\O
ML/cmm/m/it/8 <$\T1/pcr/m/n/8 Number, Number$\OML/cmm/m/it/8 >$ $>$ \T1/pcr/m/n
/8 simulator.[]Simulation[]Statistics[]Store.[]heals[]Queue =
 []


Underfull \hbox (badness 10000) in paragraph at lines 222--223
\T1/pcr/m/n/8 Concurrent[]Linked[]Queue$\OML/cmm/m/it/8 <$\T1/pcr/m/n/8 Pair$\O
ML/cmm/m/it/8 <$\T1/pcr/m/n/8 Number, Number$\OML/cmm/m/it/8 >$ $>$ \T1/pcr/m/n
/8 simulator.[]Simulation[]Statistics[]Store.[]infections[]
 []


Underfull \hbox (badness 10000) in paragraph at lines 228--229
\T1/pcr/m/n/8 Concurrent[]Linked[]Queue$\OML/cmm/m/it/8 <$\T1/pcr/m/n/8 Pair$\O
ML/cmm/m/it/8 <$\T1/pcr/m/n/8 Number, Number$\OML/cmm/m/it/8 >$ $>$ \T1/pcr/m/n
/8 simulator.[]Simulation[]Statistics[]Store.[]population[]
 []

[76]) (./classsimulator_1_1SimulationTemplate.tex <./classsimulator_1_1Simulati
onTemplate__inherit__graph.pdf

pdfTeX warning: pdflatex (file ./classsimulator_1_1SimulationTemplate__inherit_
_graph.pdf): PDF inclusion: multiple pdfs with page group included in a single 
page
>
<classsimulator_1_1SimulationTemplate__inherit__graph.pdf, id=2979, 262.9825pt 
x 156.585pt>
File: classsimulator_1_1SimulationTemplate__inherit__graph.pdf Graphic file (ty
pe pdf)
<use classsimulator_1_1SimulationTemplate__inherit__graph.pdf>
Package pdftex.def Info: classsimulator_1_1SimulationTemplate__inherit__graph.p
df  used on input line 9.
(pdftex.def)             Requested size: 262.0pt x 156.0064pt.
 <./classsimulator_1_1SimulationTemplate__coll__graph.pdf

pdfTeX warning: pdflatex (file ./classsimulator_1_1SimulationTemplate__coll__gr
aph.pdf): PDF inclusion: multiple pdfs with page group included in a single pag
e
>
<classsimulator_1_1SimulationTemplate__coll__graph.pdf, id=2985, 445.665pt x 17
8.6675pt>
File: classsimulator_1_1SimulationTemplate__coll__graph.pdf Graphic file (type 
pdf)
<use classsimulator_1_1SimulationTemplate__coll__graph.pdf>
Package pdftex.def Info: classsimulator_1_1SimulationTemplate__coll__graph.pdf 
 used on input line 18.
(pdftex.def)             Requested size: 350.0pt x 140.31699pt.
 [77] [78]
Underfull \hbox (badness 10000) detected at line 116
[][][]
 []

[79]
Underfull \hbox (badness 10000) detected at line 151
[][][]
 []


Underfull \hbox (badness 10000) detected at line 162
[][][]
 []

[80]
Underfull \hbox (badness 10000) detected at line 173
[][][]
 []


Underfull \hbox (badness 10000) detected at line 184
[][][]
 []


Underfull \hbox (badness 10000) detected at line 195
[][][]
 []

[81] [82]) (./classTests_1_1SimulationTemplateTest.tex [83])
(./interfacesimulator_1_1Steppable.tex <./interfacesimulator_1_1Steppable__inhe
rit__graph.pdf

pdfTeX warning: pdflatex (file ./interfacesimulator_1_1Steppable__inherit__grap
h.pdf): PDF inclusion: multiple pdfs with page group included in a single page
>
<interfacesimulator_1_1Steppable__inherit__graph.pdf, id=3096, 409.53pt x 156.5
85pt>
File: interfacesimulator_1_1Steppable__inherit__graph.pdf Graphic file (type pd
f)
<use interfacesimulator_1_1Steppable__inherit__graph.pdf>
Package pdftex.def Info: interfacesimulator_1_1Steppable__inherit__graph.pdf  u
sed on input line 9.
(pdftex.def)             Requested size: 350.0pt x 133.83138pt.
 [84] [85]
Underfull \hbox (badness 10000) detected at line 103
[][][]
 []


Underfull \hbox (badness 10000) detected at line 123
[][][]
 []

[86]
Underfull \hbox (badness 10000) detected at line 143
[][][]
 []

[87]) [88] (./refman.ind
LaTeX Font Info:    Font shape `T1/phv/m/n' will be
(Font)              scaled to size 22.39185pt on input line 1.
LaTeX Font Info:    Font shape `T1/phv/bc/n' will be
(Font)              scaled to size 22.39185pt on input line 1.
 [89



] [90] [91] [92] [93] [94])
Package atveryend Info: Empty hook `BeforeClearDocument' on input line 224.
Package atveryend Info: Empty hook `AfterLastShipout' on input line 224.
 (./refman.aux)
Package atveryend Info: Executing hook `AtVeryEndDocument' on input line 224.
Package atveryend Info: Executing hook `AtEndAfterFileList' on input line 224.
Package rerunfilecheck Info: File `refman.out' has not changed.
(rerunfilecheck)             Checksum: 1773E841E52CDD1FA7889DF63D48B613;67242.
 ) 
Here is how much of TeX's memory you used:
 19831 strings out of 492982
 317786 string characters out of 6134896
 478875 words of memory out of 5000000
 22164 multiletter control sequences out of 15000+600000
 58688 words of font info for 83 fonts, out of 8000000 for 9000
 1141 hyphenation exceptions out of 8191
 53i,16n,92p,938b,1127s stack positions out of 5000i,500n,10000p,200000b,80000s
{/usr/share/texlive/texmf-dist/fonts/enc/dvips/base/8r.enc}</usr/share/texliv
e/texmf-dist/fonts/type1/public/amsfonts/cm/cmmi10.pfb></usr/share/texlive/texm
f-dist/fonts/type1/public/amsfonts/cm/cmmi7.pfb></usr/share/texlive/texmf-dist/
fonts/type1/public/amsfonts/cm/cmmi8.pfb></usr/share/texlive/texmf-dist/fonts/t
ype1/public/amsfonts/cm/cmsy7.pfb></usr/share/texlive/texmf-dist/fonts/type1/ur
w/courier/ucrb8a.pfb></usr/share/texlive/texmf-dist/fonts/type1/urw/courier/ucr
r8a.pfb></usr/share/texlive/texmf-dist/fonts/type1/urw/courier/ucrro8a.pfb></us
r/share/texlive/texmf-dist/fonts/type1/urw/helvetic/uhvb8a.pfb></usr/share/texl
ive/texmf-dist/fonts/type1/urw/helvetic/uhvb8ac.pfb></usr/share/texlive/texmf-d
ist/fonts/type1/urw/helvetic/uhvr8a.pfb></usr/share/texlive/texmf-dist/fonts/ty
pe1/urw/helvetic/uhvro8a.pfb>
Output written on refman.pdf (104 pages, 1054678 bytes).
PDF statistics:
 3879 PDF objects out of 4296 (max. 8388607)
 3625 compressed objects within 37 object streams
 849 named destinations out of 1000 (max. 500000)
 2781 words of extra memory for PDF output out of 10000 (max. 10000000)

