\BOOKMARK [0][-]{chapter.1}{\376\377\0001\000\040\000P\000r\000o\000g\0003\000:\000\040\000V\000\355\000r\000u\000s\000\040\000s\000z\000i\000m\000u\000l\000\341\000c\000i\000\363\000\040\000n\000a\000g\000y\000h\000\341\000z\000i\000f\000e\000l\000a\000d\000a\000t\000\040\000t\000e\000r\000v}{}% 1
\BOOKMARK [1][-]{section.1.1}{\376\377\0001\000.\0001\000\040\000A\000z\000\040\000\366\000t\000l\000e\000t\000\040\000l\000e\000\355\000r\000\341\000s\000a}{chapter.1}% 2
\BOOKMARK [0][-]{chapter.2}{\376\377\0002\000\040\000P\000r\000o\000g\000r\000a\000m\000o\000z\000\363\000i\000\040\000d\000o\000k\000u\000m\000e\000n\000t\000\341\000c\000i\000\363\000\040\000k\000i\000e\000g\000\351\000s\000z\000\355\000t\000\351\000s}{}% 3
\BOOKMARK [1][-]{section.2.1}{\376\377\0002\000.\0001\000\040\000A\000\040\000p\000r\000o\000g\000r\000a\000m\000b\000a\000n\000\040\000t\000a\000l\000\341\000l\000h\000a\000t\000\363\000\040\000o\000s\000z\000t\000\341\000l\000y\000o\000k}{chapter.2}% 4
\BOOKMARK [2][-]{subsection.2.1.1}{\376\377\0002\000.\0001\000.\0001\000\040\000s\000i\000m\000u\000l\000a\000t\000o\000r\000\040\000p\000a\000c\000k\000a\000g\000e}{section.2.1}% 5
\BOOKMARK [3][-]{subsubsection.2.1.1.1}{\376\377\0002\000.\0001\000.\0001\000.\0001\000\040\000S\000i\000m\000u\000l\000a\000t\000i\000o\000n\000\040\000P\000l\000a\000y\000e\000r}{subsection.2.1.1}% 6
\BOOKMARK [3][-]{subsubsection.2.1.1.2}{\376\377\0002\000.\0001\000.\0001\000.\0002\000\040\000S\000i\000m\000u\000l\000a\000t\000i\000o\000n\000\040\000S\000t\000a\000t\000i\000s\000t\000i\000c\000s\000\040\000S\000t\000o\000r\000e}{subsection.2.1.1}% 7
\BOOKMARK [3][-]{subsubsection.2.1.1.3}{\376\377\0002\000.\0001\000.\0001\000.\0003\000\040\000S\000i\000m\000u\000l\000a\000t\000i\000o\000n\000\040\000T\000e\000m\000p\000l\000a\000t\000e}{subsection.2.1.1}% 8
\BOOKMARK [2][-]{subsection.2.1.2}{\376\377\0002\000.\0001\000.\0002\000\040\000s\000i\000m\000u\000l\000a\000t\000o\000r\000\040\000c\000o\000m\000p\000o\000n\000e\000n\000t\000s}{section.2.1}% 9
\BOOKMARK [3][-]{subsubsection.2.1.2.1}{\376\377\0002\000.\0001\000.\0002\000.\0001\000\040\000D\000o\000t}{subsection.2.1.2}% 10
\BOOKMARK [3][-]{subsubsection.2.1.2.2}{\376\377\0002\000.\0001\000.\0002\000.\0002\000\040\000d\000o\000t\000T\000y\000p\000e\000s}{subsection.2.1.2}% 11
\BOOKMARK [3][-]{subsubsection.2.1.2.3}{\376\377\0002\000.\0001\000.\0002\000.\0003\000\040\000P\000o\000i\000n\000t}{subsection.2.1.2}% 12
\BOOKMARK [3][-]{subsubsection.2.1.2.4}{\376\377\0002\000.\0001\000.\0002\000.\0004\000\040\000S\000i\000m\000u\000l\000a\000t\000i\000o\000n\000M\000a\000p}{subsection.2.1.2}% 13
\BOOKMARK [2][-]{subsection.2.1.3}{\376\377\0002\000.\0001\000.\0003\000\040\000T\000e\000s\000t\000s}{section.2.1}% 14
\BOOKMARK [3][-]{subsubsection.2.1.3.1}{\376\377\0002\000.\0001\000.\0003\000.\0001\000\040\000D\000o\000t\000\040\000T\000e\000s\000t}{subsection.2.1.3}% 15
\BOOKMARK [3][-]{subsubsection.2.1.3.2}{\376\377\0002\000.\0001\000.\0003\000.\0002\000\040\000P\000o\000i\000n\000t\000\040\000T\000e\000s\000t}{subsection.2.1.3}% 16
\BOOKMARK [3][-]{subsubsection.2.1.3.3}{\376\377\0002\000.\0001\000.\0003\000.\0003\000\040\000S\000i\000m\000u\000l\000a\000t\000i\000o\000n\000\040\000T\000e\000m\000p\000l\000a\000t\000e\000\040\000T\000e\000s\000t}{subsection.2.1.3}% 17
\BOOKMARK [2][-]{subsection.2.1.4}{\376\377\0002\000.\0001\000.\0004\000\040\000U\000I}{section.2.1}% 18
\BOOKMARK [3][-]{subsubsection.2.1.4.1}{\376\377\0002\000.\0001\000.\0004\000.\0001\000\040\000M\000a\000i\000n}{subsection.2.1.4}% 19
\BOOKMARK [3][-]{subsubsection.2.1.4.2}{\376\377\0002\000.\0001\000.\0004\000.\0002\000\040\000S\000i\000m\000\040\000E\000d\000i\000t\000o\000r\000\040\000C\000o\000n\000t\000r\000o\000l\000l\000e\000r}{subsection.2.1.4}% 20
\BOOKMARK [3][-]{subsubsection.2.1.4.3}{\376\377\0002\000.\0001\000.\0004\000.\0003\000\040\000S\000i\000m\000\040\000S\000t\000a\000t\000i\000s\000t\000i\000c\000s\000\040\000C\000o\000n\000t\000r\000o\000l\000l\000e\000r}{subsection.2.1.4}% 21
\BOOKMARK [3][-]{subsubsection.2.1.4.4}{\376\377\0002\000.\0001\000.\0004\000.\0004\000\040\000S\000i\000m\000u\000l\000a\000t\000i\000o\000n\000\040\000P\000l\000a\000y\000e\000r\000\040\000C\000o\000n\000t\000r\000o\000l\000l\000e\000r}{subsection.2.1.4}% 22
\BOOKMARK [1][-]{section.2.2}{\376\377\0002\000.\0002\000\040\000A\000\040\000p\000r\000o\000g\000r\000a\000m\000b\000a\000n\000\040\000t\000a\000l\000\341\000l\000h\000a\000t\000\363\000\040\000i\000n\000t\000e\000r\000f\000\351\000s\000z}{chapter.2}% 23
\BOOKMARK [2][-]{subsection.2.2.1}{\376\377\0002\000.\0002\000.\0001\000\040\000S\000t\000e\000p\000p\000a\000b\000l\000e}{section.2.2}% 24
\BOOKMARK [1][-]{section.2.3}{\376\377\0002\000.\0003\000\040\000F\000o\000r\000d\000\355\000t\000\341\000s\000i\000\040\000t\000u\000d\000n\000i\000v\000a\000l\000\363\000k}{chapter.2}% 25
\BOOKMARK [1][-]{section.2.4}{\376\377\0002\000.\0004\000\040\000E\000g\000y\000\351\000b\000\040\000t\000u\000d\000n\000i\000v\000a\000l\000\363\000k}{chapter.2}% 26
\BOOKMARK [0][-]{chapter.3}{\376\377\0003\000\040\000P\000r\000o\000g\0003\000:\000\040\000V\000\355\000r\000u\000s\000\040\000s\000z\000i\000m\000u\000l\000\341\000c\000i\000\363\000\040\000n\000a\000g\000y\000h\000\341\000z\000i\000f\000e\000l\000a\000d\000a\000t\000\040\000s\000p\000e\000c\000i\000f\000i\000k\000\341\000c\000i\000\363}{}% 27
\BOOKMARK [1][-]{section.3.1}{\376\377\0003\000.\0001\000\040\000A\000z\000\040\000\366\000t\000l\000e\000t\000\040\000l\000e\000\355\000r\000\341\000s\000a}{chapter.3}% 28
\BOOKMARK [1][-]{section.3.2}{\376\377\0003\000.\0002\000\040\000A\000\040\000p\000r\000o\000g\000r\000a\000m\000\040\000f\000u\000n\000k\000c\000i\000o\000n\000a\000l\000i\000t\000\341\000s\000a\000\040\000a\000\040\000f\000e\000l\000h\000a\000s\000z\000n\000\341\000l\000\363\000\040\000s\000z\000e\000m\000s\000z\000\366\000g\000\351\000b\001\121\000l}{chapter.3}% 29
\BOOKMARK [1][-]{section.3.3}{\376\377\0003\000.\0003\000\040\000M\000e\000g\000o\000l\000d\000\341\000s\000i\000\040\000\366\000t\000l\000e\000t\000\040\000\050\000v\000\341\000z\000l\000a\000t\000\051}{chapter.3}% 30
\BOOKMARK [0][-]{chapter.4}{\376\377\0004\000\040\000F\000e\000l\000h\000a\000s\000z\000n\000\341\000l\000\363\000i\000\040\000d\000o\000k\000u\000m\000e\000n\000t\000\341\000c\000i\000\363}{}% 31
\BOOKMARK [1][-]{section.4.1}{\376\377\0004\000.\0001\000\040\000A\000\040\000p\000r\000o\000g\000r\000a\000m\000\040\000\341\000l\000t\000a\000l\000\341\000n\000o\000s\000\040\000l\000e\000\355\000r\000\341\000s\000a}{chapter.4}% 32
\BOOKMARK [1][-]{section.4.2}{\376\377\0004\000.\0002\000\040\000A\000\040\000p\000r\000o\000g\000r\000a\000m\000\040\000f\000u\000n\000k\000c\000i\000o\000n\000a\000l\000i\000t\000\341\000s\000a\000\040\000a\000\040\000f\000e\000l\000h\000a\000s\000z\000n\000\341\000l\000\363\000\040\000s\000z\000e\000m\000s\000z\000\366\000g\000\351\000b\001\121\000l}{chapter.4}% 33
\BOOKMARK [1][-]{section.4.3}{\376\377\0004\000.\0003\000\040\000A\000\040\000p\000r\000o\000g\000r\000a\000m\000b\000a\000n\000\040\000h\000a\000s\000z\000n\000\341\000l\000t\000\040\000f\000\341\000j\000l\000k\000e\000z\000e\000l\000\351\000s}{chapter.4}% 34
\BOOKMARK [0][-]{chapter.5}{\376\377\0005\000\040\000H\000i\000e\000r\000a\000r\000c\000h\000i\000k\000u\000s\000\040\000m\000u\000t\000a\000t\000\363}{}% 35
\BOOKMARK [1][-]{section.5.1}{\376\377\0005\000.\0001\000\040\000O\000s\000z\000t\000\341\000l\000y\000h\000i\000e\000r\000a\000r\000c\000h\000i\000a}{chapter.5}% 36
\BOOKMARK [0][-]{chapter.6}{\376\377\0006\000\040\000O\000s\000z\000t\000\341\000l\000y\000m\000u\000t\000a\000t\000\363}{}% 37
\BOOKMARK [1][-]{section.6.1}{\376\377\0006\000.\0001\000\040\000O\000s\000z\000t\000\341\000l\000y\000l\000i\000s\000t\000a}{chapter.6}% 38
\BOOKMARK [0][-]{chapter.7}{\376\377\0007\000\040\000O\000s\000z\000t\000\341\000l\000y\000o\000k\000\040\000d\000o\000k\000u\000m\000e\000n\000t\000\341\000c\000i\000\363\000j\000a}{}% 39
\BOOKMARK [1][-]{section.7.1}{\376\377\0007\000.\0001\000\040\000s\000i\000m\000u\000l\000a\000t\000o\000r\000C\000o\000m\000p\000o\000n\000e\000n\000t\000s\000.\000D\000o\000t\000\040\000o\000s\000z\000t\000\341\000l\000y\000r\000e\000f\000e\000r\000e\000n\000c\000i\000a}{chapter.7}% 40
\BOOKMARK [2][-]{subsection.7.1.1}{\376\377\0007\000.\0001\000.\0001\000\040\000R\000\351\000s\000z\000l\000e\000t\000e\000s\000\040\000l\000e\000\355\000r\000\341\000s}{section.7.1}% 41
\BOOKMARK [2][-]{subsection.7.1.2}{\376\377\0007\000.\0001\000.\0002\000\040\000K\000o\000n\000s\000t\000r\000u\000k\000t\000o\000r\000o\000k\000\040\000\351\000s\000\040\000d\000e\000s\000t\000r\000u\000k\000t\000o\000r\000o\000k\000\040\000d\000o\000k\000u\000m\000e\000n\000t\000\341\000c\000i\000\363\000j\000a}{section.7.1}% 42
\BOOKMARK [3][-]{subsubsection.7.1.2.1}{\376\377\0007\000.\0001\000.\0002\000.\0001\000\040\000D\000o\000t\000\050\000\051\000\040\000[\0001\000/\0003\000]}{subsection.7.1.2}% 43
\BOOKMARK [3][-]{subsubsection.7.1.2.2}{\376\377\0007\000.\0001\000.\0002\000.\0002\000\040\000D\000o\000t\000\050\000\051\000\040\000[\0002\000/\0003\000]}{subsection.7.1.2}% 44
\BOOKMARK [3][-]{subsubsection.7.1.2.3}{\376\377\0007\000.\0001\000.\0002\000.\0003\000\040\000D\000o\000t\000\050\000\051\000\040\000[\0003\000/\0003\000]}{subsection.7.1.2}% 45
\BOOKMARK [2][-]{subsection.7.1.3}{\376\377\0007\000.\0001\000.\0003\000\040\000T\000a\000g\000f\000\374\000g\000g\000v\000\351\000n\000y\000e\000k\000\040\000d\000o\000k\000u\000m\000e\000n\000t\000\341\000c\000i\000\363\000j\000a}{section.7.1}% 46
\BOOKMARK [3][-]{subsubsection.7.1.3.1}{\376\377\0007\000.\0001\000.\0003\000.\0001\000\040\000b\000o\000u\000n\000c\000e\000B\000a\000c\000k\000\050\000\051}{subsection.7.1.3}% 47
\BOOKMARK [3][-]{subsubsection.7.1.3.2}{\376\377\0007\000.\0001\000.\0003\000.\0002\000\040\000c\000l\000o\000n\000e\000\050\000\051}{subsection.7.1.3}% 48
\BOOKMARK [3][-]{subsubsection.7.1.3.3}{\376\377\0007\000.\0001\000.\0003\000.\0003\000\040\000d\000i\000e\000\050\000\051}{subsection.7.1.3}% 49
\BOOKMARK [3][-]{subsubsection.7.1.3.4}{\376\377\0007\000.\0001\000.\0003\000.\0004\000\040\000d\000r\000a\000w\000\050\000\051}{subsection.7.1.3}% 50
\BOOKMARK [3][-]{subsubsection.7.1.3.5}{\376\377\0007\000.\0001\000.\0003\000.\0005\000\040\000d\000r\000a\000w\000C\000e\000n\000t\000e\000r\000s\000\050\000\051}{subsection.7.1.3}% 51
\BOOKMARK [3][-]{subsubsection.7.1.3.6}{\376\377\0007\000.\0001\000.\0003\000.\0006\000\040\000g\000e\000t\000L\000o\000c\000a\000t\000i\000o\000n\000\050\000\051}{subsection.7.1.3}% 52
\BOOKMARK [3][-]{subsubsection.7.1.3.7}{\376\377\0007\000.\0001\000.\0003\000.\0007\000\040\000g\000e\000t\000R\000a\000d\000i\000u\000s\000\050\000\051}{subsection.7.1.3}% 53
\BOOKMARK [3][-]{subsubsection.7.1.3.8}{\376\377\0007\000.\0001\000.\0003\000.\0008\000\040\000g\000e\000t\000T\000y\000p\000e\000\050\000\051}{subsection.7.1.3}% 54
\BOOKMARK [3][-]{subsubsection.7.1.3.9}{\376\377\0007\000.\0001\000.\0003\000.\0009\000\040\000h\000e\000a\000l\000\050\000\051}{subsection.7.1.3}% 55
\BOOKMARK [3][-]{subsubsection.7.1.3.10}{\376\377\0007\000.\0001\000.\0003\000.\0001\0000\000\040\000h\000i\000t\000B\000y\000\050\000\051}{subsection.7.1.3}% 56
\BOOKMARK [3][-]{subsubsection.7.1.3.11}{\376\377\0007\000.\0001\000.\0003\000.\0001\0001\000\040\000i\000n\000f\000e\000c\000t\000e\000d\000B\000y\000\050\000\051}{subsection.7.1.3}% 57
\BOOKMARK [3][-]{subsubsection.7.1.3.12}{\376\377\0007\000.\0001\000.\0003\000.\0001\0002\000\040\000i\000n\000i\000t\000\050\000\051}{subsection.7.1.3}% 58
\BOOKMARK [3][-]{subsubsection.7.1.3.13}{\376\377\0007\000.\0001\000.\0003\000.\0001\0003\000\040\000i\000n\000i\000t\000V\000e\000l\000o\000c\000i\000t\000y\000\050\000\051}{subsection.7.1.3}% 59
\BOOKMARK [3][-]{subsubsection.7.1.3.14}{\376\377\0007\000.\0001\000.\0003\000.\0001\0004\000\040\000i\000s\000C\000o\000l\000l\000i\000d\000e\000d\000W\000i\000t\000h\000\050\000\051\000\040\000[\0001\000/\0002\000]}{subsection.7.1.3}% 60
\BOOKMARK [3][-]{subsubsection.7.1.3.15}{\376\377\0007\000.\0001\000.\0003\000.\0001\0005\000\040\000i\000s\000C\000o\000l\000l\000i\000d\000e\000d\000W\000i\000t\000h\000\050\000\051\000\040\000[\0002\000/\0002\000]}{subsection.7.1.3}% 61
\BOOKMARK [3][-]{subsubsection.7.1.3.16}{\376\377\0007\000.\0001\000.\0003\000.\0001\0006\000\040\000i\000s\000O\000u\000t\000O\000f\000W\000i\000n\000d\000o\000w\000\050\000\051}{subsection.7.1.3}% 62
\BOOKMARK [3][-]{subsubsection.7.1.3.17}{\376\377\0007\000.\0001\000.\0003\000.\0001\0007\000\040\000m\000o\000v\000e\000B\000a\000c\000k\000\050\000\051}{subsection.7.1.3}% 63
\BOOKMARK [3][-]{subsubsection.7.1.3.18}{\376\377\0007\000.\0001\000.\0003\000.\0001\0008\000\040\000r\000e\000f\000r\000e\000s\000h\000\050\000\051}{subsection.7.1.3}% 64
\BOOKMARK [3][-]{subsubsection.7.1.3.19}{\376\377\0007\000.\0001\000.\0003\000.\0001\0009\000\040\000r\000e\000m\000o\000v\000e\000\050\000\051}{subsection.7.1.3}% 65
\BOOKMARK [3][-]{subsubsection.7.1.3.20}{\376\377\0007\000.\0001\000.\0003\000.\0002\0000\000\040\000s\000e\000t\000H\000e\000a\000l\000C\000h\000a\000n\000c\000e\000\050\000\051}{subsection.7.1.3}% 66
\BOOKMARK [3][-]{subsubsection.7.1.3.21}{\376\377\0007\000.\0001\000.\0003\000.\0002\0001\000\040\000s\000e\000t\000I\000n\000f\000C\000h\000a\000n\000c\000e\000\050\000\051}{subsection.7.1.3}% 67
\BOOKMARK [3][-]{subsubsection.7.1.3.22}{\376\377\0007\000.\0001\000.\0003\000.\0002\0002\000\040\000s\000e\000t\000L\000o\000c\000a\000t\000i\000o\000n\000\050\000\051}{subsection.7.1.3}% 68
\BOOKMARK [3][-]{subsubsection.7.1.3.23}{\376\377\0007\000.\0001\000.\0003\000.\0002\0003\000\040\000s\000e\000t\000M\000o\000r\000t\000C\000h\000a\000n\000c\000e\000\050\000\051}{subsection.7.1.3}% 69
\BOOKMARK [3][-]{subsubsection.7.1.3.24}{\376\377\0007\000.\0001\000.\0003\000.\0002\0004\000\040\000s\000t\000e\000p\000\050\000\051}{subsection.7.1.3}% 70
\BOOKMARK [2][-]{subsection.7.1.4}{\376\377\0007\000.\0001\000.\0004\000\040\000A\000d\000a\000t\000t\000a\000g\000o\000k\000\040\000d\000o\000k\000u\000m\000e\000n\000t\000\341\000c\000i\000\363\000j\000a}{section.7.1}% 71
\BOOKMARK [3][-]{subsubsection.7.1.4.1}{\376\377\0007\000.\0001\000.\0004\000.\0001\000\040\000h\000e\000a\000l\000C\000h\000a\000n\000c\000e}{subsection.7.1.4}% 72
\BOOKMARK [3][-]{subsubsection.7.1.4.2}{\376\377\0007\000.\0001\000.\0004\000.\0002\000\040\000i\000n\000f\000C\000h\000a\000n\000c\000e}{subsection.7.1.4}% 73
\BOOKMARK [3][-]{subsubsection.7.1.4.3}{\376\377\0007\000.\0001\000.\0004\000.\0003\000\040\000l\000o\000c\000a\000t\000i\000o\000n}{subsection.7.1.4}% 74
\BOOKMARK [3][-]{subsubsection.7.1.4.4}{\376\377\0007\000.\0001\000.\0004\000.\0004\000\040\000m\000a\000s\000s}{subsection.7.1.4}% 75
\BOOKMARK [3][-]{subsubsection.7.1.4.5}{\376\377\0007\000.\0001\000.\0004\000.\0005\000\040\000m\000o\000r\000t\000C\000h\000a\000n\000c\000e}{subsection.7.1.4}% 76
\BOOKMARK [3][-]{subsubsection.7.1.4.6}{\376\377\0007\000.\0001\000.\0004\000.\0006\000\040\000r\000a\000d\000i\000u\000s}{subsection.7.1.4}% 77
\BOOKMARK [3][-]{subsubsection.7.1.4.7}{\376\377\0007\000.\0001\000.\0004\000.\0007\000\040\000s\000i\000n\000c\000e\000D\000e\000a\000d}{subsection.7.1.4}% 78
\BOOKMARK [3][-]{subsubsection.7.1.4.8}{\376\377\0007\000.\0001\000.\0004\000.\0008\000\040\000s\000i\000n\000c\000e\000I\000n\000f\000e\000c\000t\000i\000o\000n}{subsection.7.1.4}% 79
\BOOKMARK [3][-]{subsubsection.7.1.4.9}{\376\377\0007\000.\0001\000.\0004\000.\0009\000\040\000t\000y\000p\000e}{subsection.7.1.4}% 80
\BOOKMARK [3][-]{subsubsection.7.1.4.10}{\376\377\0007\000.\0001\000.\0004\000.\0001\0000\000\040\000v\000e\000l\000o\000c\000i\000t\000y}{subsection.7.1.4}% 81
\BOOKMARK [1][-]{section.7.2}{\376\377\0007\000.\0002\000\040\000T\000e\000s\000t\000s\000.\000D\000o\000t\000T\000e\000s\000t\000\040\000o\000s\000z\000t\000\341\000l\000y\000r\000e\000f\000e\000r\000e\000n\000c\000i\000a}{chapter.7}% 82
\BOOKMARK [2][-]{subsection.7.2.1}{\376\377\0007\000.\0002\000.\0001\000\040\000R\000\351\000s\000z\000l\000e\000t\000e\000s\000\040\000l\000e\000\355\000r\000\341\000s}{section.7.2}% 83
\BOOKMARK [2][-]{subsection.7.2.2}{\376\377\0007\000.\0002\000.\0002\000\040\000T\000a\000g\000f\000\374\000g\000g\000v\000\351\000n\000y\000e\000k\000\040\000d\000o\000k\000u\000m\000e\000n\000t\000\341\000c\000i\000\363\000j\000a}{section.7.2}% 84
\BOOKMARK [3][-]{subsubsection.7.2.2.1}{\376\377\0007\000.\0002\000.\0002\000.\0001\000\040\000i\000s\000C\000o\000l\000l\000i\000d\000e\000d\000W\000i\000t\000h\000\050\000\051}{subsection.7.2.2}% 85
\BOOKMARK [1][-]{section.7.3}{\376\377\0007\000.\0003\000\040\000s\000i\000m\000u\000l\000a\000t\000o\000r\000C\000o\000m\000p\000o\000n\000e\000n\000t\000s\000.\000d\000o\000t\000T\000y\000p\000e\000s\000\040\000f\000e\000l\000s\000o\000r\000o\000l\000\363\000\040\000r\000e\000f\000e\000r\000e\000n\000c\000i\000a}{chapter.7}% 86
\BOOKMARK [2][-]{subsection.7.3.1}{\376\377\0007\000.\0003\000.\0001\000\040\000R\000\351\000s\000z\000l\000e\000t\000e\000s\000\040\000l\000e\000\355\000r\000\341\000s}{section.7.3}% 87
\BOOKMARK [2][-]{subsection.7.3.2}{\376\377\0007\000.\0003\000.\0002\000\040\000A\000d\000a\000t\000t\000a\000g\000o\000k\000\040\000d\000o\000k\000u\000m\000e\000n\000t\000\341\000c\000i\000\363\000j\000a}{section.7.3}% 88
\BOOKMARK [3][-]{subsubsection.7.3.2.1}{\376\377\0007\000.\0003\000.\0002\000.\0001\000\040\000D\000e\000a\000d}{subsection.7.3.2}% 89
\BOOKMARK [3][-]{subsubsection.7.3.2.2}{\376\377\0007\000.\0003\000.\0002\000.\0002\000\040\000H\000e\000a\000l\000t\000h\000y}{subsection.7.3.2}% 90
\BOOKMARK [3][-]{subsubsection.7.3.2.3}{\376\377\0007\000.\0003\000.\0002\000.\0003\000\040\000I\000n\000f\000e\000c\000t\000i\000o\000u\000s}{subsection.7.3.2}% 91
\BOOKMARK [3][-]{subsubsection.7.3.2.4}{\376\377\0007\000.\0003\000.\0002\000.\0004\000\040\000N\000e\000u\000t\000r\000a\000l}{subsection.7.3.2}% 92
\BOOKMARK [3][-]{subsubsection.7.3.2.5}{\376\377\0007\000.\0003\000.\0002\000.\0005\000\040\000N\000o\000n\000e}{subsection.7.3.2}% 93
\BOOKMARK [1][-]{section.7.4}{\376\377\0007\000.\0004\000\040\000U\000I\000.\000M\000a\000i\000n\000\040\000o\000s\000z\000t\000\341\000l\000y\000r\000e\000f\000e\000r\000e\000n\000c\000i\000a}{chapter.7}% 94
\BOOKMARK [2][-]{subsection.7.4.1}{\376\377\0007\000.\0004\000.\0001\000\040\000R\000\351\000s\000z\000l\000e\000t\000e\000s\000\040\000l\000e\000\355\000r\000\341\000s}{section.7.4}% 95
\BOOKMARK [2][-]{subsection.7.4.2}{\376\377\0007\000.\0004\000.\0002\000\040\000T\000a\000g\000f\000\374\000g\000g\000v\000\351\000n\000y\000e\000k\000\040\000d\000o\000k\000u\000m\000e\000n\000t\000\341\000c\000i\000\363\000j\000a}{section.7.4}% 96
\BOOKMARK [3][-]{subsubsection.7.4.2.1}{\376\377\0007\000.\0004\000.\0002\000.\0001\000\040\000m\000a\000i\000n\000\050\000\051}{subsection.7.4.2}% 97
\BOOKMARK [3][-]{subsubsection.7.4.2.2}{\376\377\0007\000.\0004\000.\0002\000.\0002\000\040\000s\000t\000a\000r\000t\000\050\000\051}{subsection.7.4.2}% 98
\BOOKMARK [1][-]{section.7.5}{\376\377\0007\000.\0005\000\040\000s\000i\000m\000u\000l\000a\000t\000o\000r\000C\000o\000m\000p\000o\000n\000e\000n\000t\000s\000.\000P\000o\000i\000n\000t\000\040\000o\000s\000z\000t\000\341\000l\000y\000r\000e\000f\000e\000r\000e\000n\000c\000i\000a}{chapter.7}% 99
\BOOKMARK [2][-]{subsection.7.5.1}{\376\377\0007\000.\0005\000.\0001\000\040\000R\000\351\000s\000z\000l\000e\000t\000e\000s\000\040\000l\000e\000\355\000r\000\341\000s}{section.7.5}% 100
\BOOKMARK [2][-]{subsection.7.5.2}{\376\377\0007\000.\0005\000.\0002\000\040\000K\000o\000n\000s\000t\000r\000u\000k\000t\000o\000r\000o\000k\000\040\000\351\000s\000\040\000d\000e\000s\000t\000r\000u\000k\000t\000o\000r\000o\000k\000\040\000d\000o\000k\000u\000m\000e\000n\000t\000\341\000c\000i\000\363\000j\000a}{section.7.5}% 101
\BOOKMARK [3][-]{subsubsection.7.5.2.1}{\376\377\0007\000.\0005\000.\0002\000.\0001\000\040\000P\000o\000i\000n\000t\000\050\000\051\000\040\000[\0001\000/\0002\000]}{subsection.7.5.2}% 102
\BOOKMARK [3][-]{subsubsection.7.5.2.2}{\376\377\0007\000.\0005\000.\0002\000.\0002\000\040\000P\000o\000i\000n\000t\000\050\000\051\000\040\000[\0002\000/\0002\000]}{subsection.7.5.2}% 103
\BOOKMARK [2][-]{subsection.7.5.3}{\376\377\0007\000.\0005\000.\0003\000\040\000T\000a\000g\000f\000\374\000g\000g\000v\000\351\000n\000y\000e\000k\000\040\000d\000o\000k\000u\000m\000e\000n\000t\000\341\000c\000i\000\363\000j\000a}{section.7.5}% 104
\BOOKMARK [3][-]{subsubsection.7.5.3.1}{\376\377\0007\000.\0005\000.\0003\000.\0001\000\040\000a\000d\000d\000\050\000\051\000\040\000[\0001\000/\0002\000]}{subsection.7.5.3}% 105
\BOOKMARK [3][-]{subsubsection.7.5.3.2}{\376\377\0007\000.\0005\000.\0003\000.\0002\000\040\000a\000d\000d\000\050\000\051\000\040\000[\0002\000/\0002\000]}{subsection.7.5.3}% 106
\BOOKMARK [3][-]{subsubsection.7.5.3.3}{\376\377\0007\000.\0005\000.\0003\000.\0003\000\040\000c\000a\000l\000c\000D\000i\000s\000p\000l\000a\000c\000e\000m\000e\000n\000t\000\050\000\051}{subsection.7.5.3}% 107
\BOOKMARK [3][-]{subsubsection.7.5.3.4}{\376\377\0007\000.\0005\000.\0003\000.\0004\000\040\000c\000a\000l\000c\000D\000i\000s\000t\000a\000n\000c\000e\000\050\000\051}{subsection.7.5.3}% 108
\BOOKMARK [3][-]{subsubsection.7.5.3.5}{\376\377\0007\000.\0005\000.\0003\000.\0005\000\040\000d\000i\000v\000i\000d\000e\000\050\000\051}{subsection.7.5.3}% 109
\BOOKMARK [3][-]{subsubsection.7.5.3.6}{\376\377\0007\000.\0005\000.\0003\000.\0006\000\040\000d\000o\000t\000P\000r\000o\000d\000u\000c\000t\000\050\000\051}{subsection.7.5.3}% 110
\BOOKMARK [3][-]{subsubsection.7.5.3.7}{\376\377\0007\000.\0005\000.\0003\000.\0007\000\040\000g\000e\000t\000X\000\050\000\051}{subsection.7.5.3}% 111
\BOOKMARK [3][-]{subsubsection.7.5.3.8}{\376\377\0007\000.\0005\000.\0003\000.\0008\000\040\000g\000e\000t\000Y\000\050\000\051}{subsection.7.5.3}% 112
\BOOKMARK [3][-]{subsubsection.7.5.3.9}{\376\377\0007\000.\0005\000.\0003\000.\0009\000\040\000i\000s\000O\000u\000t\000O\000f\000C\000a\000n\000v\000a\000s\000\050\000\051}{subsection.7.5.3}% 113
\BOOKMARK [3][-]{subsubsection.7.5.3.10}{\376\377\0007\000.\0005\000.\0003\000.\0001\0000\000\040\000i\000s\000O\000u\000t\000O\000f\000C\000a\000n\000v\000a\000s\000B\000o\000t\000t\000o\000m\000\050\000\051}{subsection.7.5.3}% 114
\BOOKMARK [3][-]{subsubsection.7.5.3.11}{\376\377\0007\000.\0005\000.\0003\000.\0001\0001\000\040\000i\000s\000O\000u\000t\000O\000f\000C\000a\000n\000v\000a\000s\000L\000e\000f\000t\000\050\000\051}{subsection.7.5.3}% 115
\BOOKMARK [3][-]{subsubsection.7.5.3.12}{\376\377\0007\000.\0005\000.\0003\000.\0001\0002\000\040\000i\000s\000O\000u\000t\000O\000f\000C\000a\000n\000v\000a\000s\000R\000i\000g\000h\000t\000\050\000\051}{subsection.7.5.3}% 116
\BOOKMARK [3][-]{subsubsection.7.5.3.13}{\376\377\0007\000.\0005\000.\0003\000.\0001\0003\000\040\000i\000s\000O\000u\000t\000O\000f\000C\000a\000n\000v\000a\000s\000T\000o\000p\000\050\000\051}{subsection.7.5.3}% 117
\BOOKMARK [3][-]{subsubsection.7.5.3.14}{\376\377\0007\000.\0005\000.\0003\000.\0001\0004\000\040\000m\000u\000l\000t\000i\000p\000l\000y\000\050\000\051}{subsection.7.5.3}% 118
\BOOKMARK [3][-]{subsubsection.7.5.3.15}{\376\377\0007\000.\0005\000.\0003\000.\0001\0005\000\040\000s\000u\000b\000t\000r\000a\000c\000t\000\050\000\051\000\040\000[\0001\000/\0002\000]}{subsection.7.5.3}% 119
\BOOKMARK [3][-]{subsubsection.7.5.3.16}{\376\377\0007\000.\0005\000.\0003\000.\0001\0006\000\040\000s\000u\000b\000t\000r\000a\000c\000t\000\050\000\051\000\040\000[\0002\000/\0002\000]}{subsection.7.5.3}% 120
\BOOKMARK [2][-]{subsection.7.5.4}{\376\377\0007\000.\0005\000.\0004\000\040\000A\000d\000a\000t\000t\000a\000g\000o\000k\000\040\000d\000o\000k\000u\000m\000e\000n\000t\000\341\000c\000i\000\363\000j\000a}{section.7.5}% 121
\BOOKMARK [3][-]{subsubsection.7.5.4.1}{\376\377\0007\000.\0005\000.\0004\000.\0001\000\040\000x}{subsection.7.5.4}% 122
\BOOKMARK [3][-]{subsubsection.7.5.4.2}{\376\377\0007\000.\0005\000.\0004\000.\0002\000\040\000y}{subsection.7.5.4}% 123
\BOOKMARK [1][-]{section.7.6}{\376\377\0007\000.\0006\000\040\000T\000e\000s\000t\000s\000.\000P\000o\000i\000n\000t\000T\000e\000s\000t\000\040\000o\000s\000z\000t\000\341\000l\000y\000r\000e\000f\000e\000r\000e\000n\000c\000i\000a}{chapter.7}% 124
\BOOKMARK [2][-]{subsection.7.6.1}{\376\377\0007\000.\0006\000.\0001\000\040\000R\000\351\000s\000z\000l\000e\000t\000e\000s\000\040\000l\000e\000\355\000r\000\341\000s}{section.7.6}% 125
\BOOKMARK [2][-]{subsection.7.6.2}{\376\377\0007\000.\0006\000.\0002\000\040\000T\000a\000g\000f\000\374\000g\000g\000v\000\351\000n\000y\000e\000k\000\040\000d\000o\000k\000u\000m\000e\000n\000t\000\341\000c\000i\000\363\000j\000a}{section.7.6}% 126
\BOOKMARK [3][-]{subsubsection.7.6.2.1}{\376\377\0007\000.\0006\000.\0002\000.\0001\000\040\000a\000d\000d\000\050\000\051}{subsection.7.6.2}% 127
\BOOKMARK [3][-]{subsubsection.7.6.2.2}{\376\377\0007\000.\0006\000.\0002\000.\0002\000\040\000c\000a\000l\000c\000D\000i\000s\000p\000l\000a\000c\000e\000m\000e\000n\000t\000\050\000\051}{subsection.7.6.2}% 128
\BOOKMARK [3][-]{subsubsection.7.6.2.3}{\376\377\0007\000.\0006\000.\0002\000.\0003\000\040\000c\000a\000l\000c\000D\000i\000s\000t\000a\000n\000c\000e\000\050\000\051}{subsection.7.6.2}% 129
\BOOKMARK [3][-]{subsubsection.7.6.2.4}{\376\377\0007\000.\0006\000.\0002\000.\0004\000\040\000d\000i\000v\000i\000d\000e\000\050\000\051}{subsection.7.6.2}% 130
\BOOKMARK [3][-]{subsubsection.7.6.2.5}{\376\377\0007\000.\0006\000.\0002\000.\0005\000\040\000d\000i\000v\000i\000d\000e\000B\000y\000Z\000e\000r\000o\000\050\000\051}{subsection.7.6.2}% 131
\BOOKMARK [3][-]{subsubsection.7.6.2.6}{\376\377\0007\000.\0006\000.\0002\000.\0006\000\040\000d\000o\000t\000P\000r\000o\000d\000u\000c\000t\000\050\000\051}{subsection.7.6.2}% 132
\BOOKMARK [3][-]{subsubsection.7.6.2.7}{\376\377\0007\000.\0006\000.\0002\000.\0007\000\040\000m\000u\000l\000t\000i\000p\000l\000y\000\050\000\051}{subsection.7.6.2}% 133
\BOOKMARK [3][-]{subsubsection.7.6.2.8}{\376\377\0007\000.\0006\000.\0002\000.\0008\000\040\000s\000e\000t\000U\000p\000\050\000\051}{subsection.7.6.2}% 134
\BOOKMARK [3][-]{subsubsection.7.6.2.9}{\376\377\0007\000.\0006\000.\0002\000.\0009\000\040\000s\000u\000b\000t\000r\000a\000c\000t\000\050\000\051}{subsection.7.6.2}% 135
\BOOKMARK [2][-]{subsection.7.6.3}{\376\377\0007\000.\0006\000.\0003\000\040\000A\000d\000a\000t\000t\000a\000g\000o\000k\000\040\000d\000o\000k\000u\000m\000e\000n\000t\000\341\000c\000i\000\363\000j\000a}{section.7.6}% 136
\BOOKMARK [3][-]{subsubsection.7.6.3.1}{\376\377\0007\000.\0006\000.\0003\000.\0001\000\040\000p\0000}{subsection.7.6.3}% 137
\BOOKMARK [1][-]{section.7.7}{\376\377\0007\000.\0007\000\040\000U\000I\000.\000S\000i\000m\000E\000d\000i\000t\000o\000r\000C\000o\000n\000t\000r\000o\000l\000l\000e\000r\000\040\000o\000s\000z\000t\000\341\000l\000y\000r\000e\000f\000e\000r\000e\000n\000c\000i\000a}{chapter.7}% 138
\BOOKMARK [2][-]{subsection.7.7.1}{\376\377\0007\000.\0007\000.\0001\000\040\000R\000\351\000s\000z\000l\000e\000t\000e\000s\000\040\000l\000e\000\355\000r\000\341\000s}{section.7.7}% 139
\BOOKMARK [2][-]{subsection.7.7.2}{\376\377\0007\000.\0007\000.\0002\000\040\000K\000o\000n\000s\000t\000r\000u\000k\000t\000o\000r\000o\000k\000\040\000\351\000s\000\040\000d\000e\000s\000t\000r\000u\000k\000t\000o\000r\000o\000k\000\040\000d\000o\000k\000u\000m\000e\000n\000t\000\341\000c\000i\000\363\000j\000a}{section.7.7}% 140
\BOOKMARK [3][-]{subsubsection.7.7.2.1}{\376\377\0007\000.\0007\000.\0002\000.\0001\000\040\000S\000i\000m\000E\000d\000i\000t\000o\000r\000C\000o\000n\000t\000r\000o\000l\000l\000e\000r\000\050\000\051}{subsection.7.7.2}% 141
\BOOKMARK [2][-]{subsection.7.7.3}{\376\377\0007\000.\0007\000.\0003\000\040\000T\000a\000g\000f\000\374\000g\000g\000v\000\351\000n\000y\000e\000k\000\040\000d\000o\000k\000u\000m\000e\000n\000t\000\341\000c\000i\000\363\000j\000a}{section.7.7}% 142
\BOOKMARK [3][-]{subsubsection.7.7.3.1}{\376\377\0007\000.\0007\000.\0003\000.\0001\000\040\000a\000d\000d\000M\000a\000n\000y\000D\000o\000t\000s\000P\000r\000e\000s\000s\000e\000d\000\050\000\051}{subsection.7.7.3}% 143
\BOOKMARK [3][-]{subsubsection.7.7.3.2}{\376\377\0007\000.\0007\000.\0003\000.\0002\000\040\000c\000l\000e\000a\000r\000C\000a\000n\000v\000a\000s\000\050\000\051}{subsection.7.7.3}% 144
\BOOKMARK [3][-]{subsubsection.7.7.3.3}{\376\377\0007\000.\0007\000.\0003\000.\0003\000\040\000c\000r\000e\000a\000t\000e\000D\000o\000t\000O\000n\000M\000o\000u\000s\000e\000P\000o\000s\000i\000t\000i\000o\000n\000\050\000\051}{subsection.7.7.3}% 145
\BOOKMARK [3][-]{subsubsection.7.7.3.4}{\376\377\0007\000.\0007\000.\0003\000.\0004\000\040\000h\000e\000a\000l\000S\000l\000i\000d\000e\000r\000C\000h\000a\000n\000g\000e\000d\000\050\000\051}{subsection.7.7.3}% 146
\BOOKMARK [3][-]{subsubsection.7.7.3.5}{\376\377\0007\000.\0007\000.\0003\000.\0005\000\040\000i\000n\000f\000S\000l\000i\000d\000e\000r\000C\000h\000a\000n\000g\000e\000d\000\050\000\051}{subsection.7.7.3}% 147
\BOOKMARK [3][-]{subsubsection.7.7.3.6}{\376\377\0007\000.\0007\000.\0003\000.\0006\000\040\000i\000n\000i\000t\000i\000a\000l\000i\000z\000e\000\050\000\051}{subsection.7.7.3}% 148
\BOOKMARK [3][-]{subsubsection.7.7.3.7}{\376\377\0007\000.\0007\000.\0003\000.\0007\000\040\000m\000o\000r\000t\000a\000l\000i\000t\000y\000S\000l\000i\000d\000e\000r\000C\000h\000a\000n\000g\000e\000d\000\050\000\051}{subsection.7.7.3}% 149
\BOOKMARK [3][-]{subsubsection.7.7.3.8}{\376\377\0007\000.\0007\000.\0003\000.\0008\000\040\000o\000p\000e\000n\000S\000e\000r\000i\000a\000l\000i\000z\000e\000d\000S\000i\000m\000u\000l\000a\000t\000i\000o\000n\000T\000e\000m\000p\000l\000a\000t\000e\000\050\000\051}{subsection.7.7.3}% 150
\BOOKMARK [3][-]{subsubsection.7.7.3.9}{\376\377\0007\000.\0007\000.\0003\000.\0009\000\040\000o\000p\000e\000n\000S\000i\000m\000u\000l\000a\000t\000i\000o\000n\000T\000e\000m\000p\000l\000a\000t\000e\000\050\000\051}{subsection.7.7.3}% 151
\BOOKMARK [3][-]{subsubsection.7.7.3.10}{\376\377\0007\000.\0007\000.\0003\000.\0001\0000\000\040\000r\000e\000d\000r\000a\000w\000\050\000\051}{subsection.7.7.3}% 152
\BOOKMARK [3][-]{subsubsection.7.7.3.11}{\376\377\0007\000.\0007\000.\0003\000.\0001\0001\000\040\000s\000e\000r\000i\000a\000l\000i\000z\000e\000S\000i\000m\000u\000l\000a\000t\000i\000o\000n\000T\000e\000m\000p\000l\000a\000t\000e\000\050\000\051}{subsection.7.7.3}% 153
\BOOKMARK [3][-]{subsubsection.7.7.3.12}{\376\377\0007\000.\0007\000.\0003\000.\0001\0002\000\040\000s\000e\000t\000T\000y\000p\000e\000O\000f\000D\000o\000t\000O\000n\000M\000o\000u\000s\000e\000P\000o\000s\000i\000t\000i\000o\000n\000T\000o\000D\000e\000a\000d\000\050\000\051}{subsection.7.7.3}% 154
\BOOKMARK [3][-]{subsubsection.7.7.3.13}{\376\377\0007\000.\0007\000.\0003\000.\0001\0003\000\040\000s\000e\000t\000T\000y\000p\000e\000O\000f\000D\000o\000t\000O\000n\000M\000o\000u\000s\000e\000P\000o\000s\000i\000t\000i\000o\000n\000T\000o\000H\000e\000a\000l\000t\000h\000y\000\050\000\051}{subsection.7.7.3}% 155
\BOOKMARK [3][-]{subsubsection.7.7.3.14}{\376\377\0007\000.\0007\000.\0003\000.\0001\0004\000\040\000s\000e\000t\000T\000y\000p\000e\000O\000f\000D\000o\000t\000O\000n\000M\000o\000u\000s\000e\000P\000o\000s\000i\000t\000i\000o\000n\000T\000o\000I\000n\000f\000e\000c\000t\000i\000o\000u\000s\000\050\000\051}{subsection.7.7.3}% 156
\BOOKMARK [3][-]{subsubsection.7.7.3.15}{\376\377\0007\000.\0007\000.\0003\000.\0001\0005\000\040\000s\000e\000t\000T\000y\000p\000e\000O\000f\000D\000o\000t\000O\000n\000M\000o\000u\000s\000e\000P\000o\000s\000i\000t\000i\000o\000n\000T\000o\000N\000e\000u\000t\000r\000a\000l\000\050\000\051}{subsection.7.7.3}% 157
\BOOKMARK [3][-]{subsubsection.7.7.3.16}{\376\377\0007\000.\0007\000.\0003\000.\0001\0006\000\040\000s\000p\000e\000e\000d\000S\000l\000i\000d\000e\000r\000C\000h\000a\000n\000g\000e\000d\000\050\000\051}{subsection.7.7.3}% 158
\BOOKMARK [3][-]{subsubsection.7.7.3.17}{\376\377\0007\000.\0007\000.\0003\000.\0001\0007\000\040\000s\000t\000a\000r\000t\000S\000i\000m\000u\000l\000a\000t\000i\000o\000n\000P\000l\000a\000y\000e\000r\000\050\000\051}{subsection.7.7.3}% 159
\BOOKMARK [3][-]{subsubsection.7.7.3.18}{\376\377\0007\000.\0007\000.\0003\000.\0001\0008\000\040\000s\000t\000a\000r\000t\000S\000i\000m\000u\000l\000a\000t\000i\000o\000n\000P\000l\000a\000y\000e\000r\000F\000r\000o\000m\000F\000i\000l\000e\000\050\000\051}{subsection.7.7.3}% 160
\BOOKMARK [2][-]{subsection.7.7.4}{\376\377\0007\000.\0007\000.\0004\000\040\000A\000d\000a\000t\000t\000a\000g\000o\000k\000\040\000d\000o\000k\000u\000m\000e\000n\000t\000\341\000c\000i\000\363\000j\000a}{section.7.7}% 161
\BOOKMARK [3][-]{subsubsection.7.7.4.1}{\376\377\0007\000.\0007\000.\0004\000.\0001\000\040\000h\000e\000a\000l\000F\000i\000e\000l\000d}{subsection.7.7.4}% 162
\BOOKMARK [3][-]{subsubsection.7.7.4.2}{\376\377\0007\000.\0007\000.\0004\000.\0002\000\040\000h\000e\000a\000l\000S\000l\000i\000d\000e\000r}{subsection.7.7.4}% 163
\BOOKMARK [3][-]{subsubsection.7.7.4.3}{\376\377\0007\000.\0007\000.\0004\000.\0003\000\040\000i\000m\000g}{subsection.7.7.4}% 164
\BOOKMARK [3][-]{subsubsection.7.7.4.4}{\376\377\0007\000.\0007\000.\0004\000.\0004\000\040\000i\000n\000f\000F\000i\000e\000l\000d}{subsection.7.7.4}% 165
\BOOKMARK [3][-]{subsubsection.7.7.4.5}{\376\377\0007\000.\0007\000.\0004\000.\0005\000\040\000i\000n\000f\000S\000l\000i\000d\000e\000r}{subsection.7.7.4}% 166
\BOOKMARK [3][-]{subsubsection.7.7.4.6}{\376\377\0007\000.\0007\000.\0004\000.\0006\000\040\000m\000a\000n\000y\000D\000o\000t\000s\000C\000o\000m\000b\000o\000B\000o\000x}{subsection.7.7.4}% 167
\BOOKMARK [3][-]{subsubsection.7.7.4.7}{\376\377\0007\000.\0007\000.\0004\000.\0007\000\040\000m\000a\000n\000y\000D\000o\000t\000s\000F\000i\000e\000l\000d}{subsection.7.7.4}% 168
\BOOKMARK [3][-]{subsubsection.7.7.4.8}{\376\377\0007\000.\0007\000.\0004\000.\0008\000\040\000m\000o\000r\000t\000F\000i\000e\000l\000d}{subsection.7.7.4}% 169
\BOOKMARK [3][-]{subsubsection.7.7.4.9}{\376\377\0007\000.\0007\000.\0004\000.\0009\000\040\000m\000o\000r\000t\000S\000l\000i\000d\000e\000r}{subsection.7.7.4}% 170
\BOOKMARK [3][-]{subsubsection.7.7.4.10}{\376\377\0007\000.\0007\000.\0004\000.\0001\0000\000\040\000p\000a\000n\000e}{subsection.7.7.4}% 171
\BOOKMARK [3][-]{subsubsection.7.7.4.11}{\376\377\0007\000.\0007\000.\0004\000.\0001\0001\000\040\000r\000a\000d\000i\000u\000s}{subsection.7.7.4}% 172
\BOOKMARK [3][-]{subsubsection.7.7.4.12}{\376\377\0007\000.\0007\000.\0004\000.\0001\0002\000\040\000s\000e\000l\000e\000c\000t\000e\000d\000T\000y\000p\000e}{subsection.7.7.4}% 173
\BOOKMARK [3][-]{subsubsection.7.7.4.13}{\376\377\0007\000.\0007\000.\0004\000.\0001\0003\000\040\000s\000i\000m\000u\000l\000a\000t\000i\000o\000n\000T\000e\000m\000p\000l\000a\000t\000e}{subsection.7.7.4}% 174
\BOOKMARK [3][-]{subsubsection.7.7.4.14}{\376\377\0007\000.\0007\000.\0004\000.\0001\0004\000\040\000s\000p\000e\000e\000d\000F\000i\000e\000l\000d}{subsection.7.7.4}% 175
\BOOKMARK [3][-]{subsubsection.7.7.4.15}{\376\377\0007\000.\0007\000.\0004\000.\0001\0005\000\040\000s\000p\000e\000e\000d\000S\000l\000i\000d\000e\000r}{subsection.7.7.4}% 176
\BOOKMARK [3][-]{subsubsection.7.7.4.16}{\376\377\0007\000.\0007\000.\0004\000.\0001\0006\000\040\000s\000t\000a\000g\000e}{subsection.7.7.4}% 177
\BOOKMARK [1][-]{section.7.8}{\376\377\0007\000.\0008\000\040\000U\000I\000.\000S\000i\000m\000S\000t\000a\000t\000i\000s\000t\000i\000c\000s\000C\000o\000n\000t\000r\000o\000l\000l\000e\000r\000\040\000o\000s\000z\000t\000\341\000l\000y\000r\000e\000f\000e\000r\000e\000n\000c\000i\000a}{chapter.7}% 178
\BOOKMARK [2][-]{subsection.7.8.1}{\376\377\0007\000.\0008\000.\0001\000\040\000R\000\351\000s\000z\000l\000e\000t\000e\000s\000\040\000l\000e\000\355\000r\000\341\000s}{section.7.8}% 179
\BOOKMARK [2][-]{subsection.7.8.2}{\376\377\0007\000.\0008\000.\0002\000\040\000K\000o\000n\000s\000t\000r\000u\000k\000t\000o\000r\000o\000k\000\040\000\351\000s\000\040\000d\000e\000s\000t\000r\000u\000k\000t\000o\000r\000o\000k\000\040\000d\000o\000k\000u\000m\000e\000n\000t\000\341\000c\000i\000\363\000j\000a}{section.7.8}% 180
\BOOKMARK [3][-]{subsubsection.7.8.2.1}{\376\377\0007\000.\0008\000.\0002\000.\0001\000\040\000S\000i\000m\000S\000t\000a\000t\000i\000s\000t\000i\000c\000s\000C\000o\000n\000t\000r\000o\000l\000l\000e\000r\000\050\000\051}{subsection.7.8.2}% 181
\BOOKMARK [2][-]{subsection.7.8.3}{\376\377\0007\000.\0008\000.\0003\000\040\000T\000a\000g\000f\000\374\000g\000g\000v\000\351\000n\000y\000e\000k\000\040\000d\000o\000k\000u\000m\000e\000n\000t\000\341\000c\000i\000\363\000j\000a}{section.7.8}% 182
\BOOKMARK [3][-]{subsubsection.7.8.3.1}{\376\377\0007\000.\0008\000.\0003\000.\0001\000\040\000i\000n\000i\000t\000i\000a\000l\000i\000z\000e\000\050\000\051}{subsection.7.8.3}% 183
\BOOKMARK [3][-]{subsubsection.7.8.3.2}{\376\377\0007\000.\0008\000.\0003\000.\0002\000\040\000u\000p\000d\000a\000t\000e\000C\000h\000a\000r\000t\000\050\000\051}{subsection.7.8.3}% 184
\BOOKMARK [2][-]{subsection.7.8.4}{\376\377\0007\000.\0008\000.\0004\000\040\000A\000d\000a\000t\000t\000a\000g\000o\000k\000\040\000d\000o\000k\000u\000m\000e\000n\000t\000\341\000c\000i\000\363\000j\000a}{section.7.8}% 185
\BOOKMARK [3][-]{subsubsection.7.8.4.1}{\376\377\0007\000.\0008\000.\0004\000.\0001\000\040\000c\000h\000a\000r\000t}{subsection.7.8.4}% 186
\BOOKMARK [3][-]{subsubsection.7.8.4.2}{\376\377\0007\000.\0008\000.\0004\000.\0002\000\040\000d\000e\000a\000t\000h\000s}{subsection.7.8.4}% 187
\BOOKMARK [3][-]{subsubsection.7.8.4.3}{\376\377\0007\000.\0008\000.\0004\000.\0003\000\040\000h\000e\000a\000l\000s}{subsection.7.8.4}% 188
\BOOKMARK [3][-]{subsubsection.7.8.4.4}{\376\377\0007\000.\0008\000.\0004\000.\0004\000\040\000i\000n\000f\000e\000c\000t\000i\000o\000n\000s}{subsection.7.8.4}% 189
\BOOKMARK [3][-]{subsubsection.7.8.4.5}{\376\377\0007\000.\0008\000.\0004\000.\0005\000\040\000p\000o\000p\000u\000l\000a\000t\000i\000o\000n}{subsection.7.8.4}% 190
\BOOKMARK [3][-]{subsubsection.7.8.4.6}{\376\377\0007\000.\0008\000.\0004\000.\0006\000\040\000s\000s\000s}{subsection.7.8.4}% 191
\BOOKMARK [1][-]{section.7.9}{\376\377\0007\000.\0009\000\040\000s\000i\000m\000u\000l\000a\000t\000o\000r\000C\000o\000m\000p\000o\000n\000e\000n\000t\000s\000.\000S\000i\000m\000u\000l\000a\000t\000i\000o\000n\000M\000a\000p\000\040\000o\000s\000z\000t\000\341\000l\000y\000r\000e\000f\000e\000r\000e\000n\000c\000i\000a}{chapter.7}% 192
\BOOKMARK [2][-]{subsection.7.9.1}{\376\377\0007\000.\0009\000.\0001\000\040\000R\000\351\000s\000z\000l\000e\000t\000e\000s\000\040\000l\000e\000\355\000r\000\341\000s}{section.7.9}% 193
\BOOKMARK [2][-]{subsection.7.9.2}{\376\377\0007\000.\0009\000.\0002\000\040\000K\000o\000n\000s\000t\000r\000u\000k\000t\000o\000r\000o\000k\000\040\000\351\000s\000\040\000d\000e\000s\000t\000r\000u\000k\000t\000o\000r\000o\000k\000\040\000d\000o\000k\000u\000m\000e\000n\000t\000\341\000c\000i\000\363\000j\000a}{section.7.9}% 194
\BOOKMARK [3][-]{subsubsection.7.9.2.1}{\376\377\0007\000.\0009\000.\0002\000.\0001\000\040\000S\000i\000m\000u\000l\000a\000t\000i\000o\000n\000M\000a\000p\000\050\000\051}{subsection.7.9.2}% 195
\BOOKMARK [2][-]{subsection.7.9.3}{\376\377\0007\000.\0009\000.\0003\000\040\000T\000a\000g\000f\000\374\000g\000g\000v\000\351\000n\000y\000e\000k\000\040\000d\000o\000k\000u\000m\000e\000n\000t\000\341\000c\000i\000\363\000j\000a}{section.7.9}% 196
\BOOKMARK [3][-]{subsubsection.7.9.3.1}{\376\377\0007\000.\0009\000.\0003\000.\0001\000\040\000d\000r\000a\000w\000\050\000\051}{subsection.7.9.3}% 197
\BOOKMARK [3][-]{subsubsection.7.9.3.2}{\376\377\0007\000.\0009\000.\0003\000.\0002\000\040\000h\000i\000t\000B\000y\000\050\000\051}{subsection.7.9.3}% 198
\BOOKMARK [3][-]{subsubsection.7.9.3.3}{\376\377\0007\000.\0009\000.\0003\000.\0003\000\040\000i\000n\000i\000t\000\050\000\051}{subsection.7.9.3}% 199
\BOOKMARK [3][-]{subsubsection.7.9.3.4}{\376\377\0007\000.\0009\000.\0003\000.\0004\000\040\000i\000s\000C\000o\000l\000l\000i\000d\000e\000d\000W\000i\000t\000h\000\050\000\051\000\040\000[\0001\000/\0002\000]}{subsection.7.9.3}% 200
\BOOKMARK [3][-]{subsubsection.7.9.3.5}{\376\377\0007\000.\0009\000.\0003\000.\0005\000\040\000i\000s\000C\000o\000l\000l\000i\000d\000e\000d\000W\000i\000t\000h\000\050\000\051\000\040\000[\0002\000/\0002\000]}{subsection.7.9.3}% 201
\BOOKMARK [3][-]{subsubsection.7.9.3.6}{\376\377\0007\000.\0009\000.\0003\000.\0006\000\040\000i\000s\000O\000u\000t\000O\000f\000W\000i\000n\000d\000o\000w\000\050\000\051}{subsection.7.9.3}% 202
\BOOKMARK [3][-]{subsubsection.7.9.3.7}{\376\377\0007\000.\0009\000.\0003\000.\0007\000\040\000m\000o\000v\000e\000B\000a\000c\000k\000\050\000\051}{subsection.7.9.3}% 203
\BOOKMARK [3][-]{subsubsection.7.9.3.8}{\376\377\0007\000.\0009\000.\0003\000.\0008\000\040\000r\000e\000f\000r\000e\000s\000h\000\050\000\051}{subsection.7.9.3}% 204
\BOOKMARK [3][-]{subsubsection.7.9.3.9}{\376\377\0007\000.\0009\000.\0003\000.\0009\000\040\000s\000t\000e\000p\000\050\000\051}{subsection.7.9.3}% 205
\BOOKMARK [1][-]{section.7.10}{\376\377\0007\000.\0001\0000\000\040\000s\000i\000m\000u\000l\000a\000t\000o\000r\000.\000S\000i\000m\000u\000l\000a\000t\000i\000o\000n\000P\000l\000a\000y\000e\000r\000\040\000o\000s\000z\000t\000\341\000l\000y\000r\000e\000f\000e\000r\000e\000n\000c\000i\000a}{chapter.7}% 206
\BOOKMARK [2][-]{subsection.7.10.1}{\376\377\0007\000.\0001\0000\000.\0001\000\040\000R\000\351\000s\000z\000l\000e\000t\000e\000s\000\040\000l\000e\000\355\000r\000\341\000s}{section.7.10}% 207
\BOOKMARK [2][-]{subsection.7.10.2}{\376\377\0007\000.\0001\0000\000.\0002\000\040\000K\000o\000n\000s\000t\000r\000u\000k\000t\000o\000r\000o\000k\000\040\000\351\000s\000\040\000d\000e\000s\000t\000r\000u\000k\000t\000o\000r\000o\000k\000\040\000d\000o\000k\000u\000m\000e\000n\000t\000\341\000c\000i\000\363\000j\000a}{section.7.10}% 208
\BOOKMARK [3][-]{subsubsection.7.10.2.1}{\376\377\0007\000.\0001\0000\000.\0002\000.\0001\000\040\000S\000i\000m\000u\000l\000a\000t\000i\000o\000n\000P\000l\000a\000y\000e\000r\000\050\000\051}{subsection.7.10.2}% 209
\BOOKMARK [2][-]{subsection.7.10.3}{\376\377\0007\000.\0001\0000\000.\0003\000\040\000T\000a\000g\000f\000\374\000g\000g\000v\000\351\000n\000y\000e\000k\000\040\000d\000o\000k\000u\000m\000e\000n\000t\000\341\000c\000i\000\363\000j\000a}{section.7.10}% 210
\BOOKMARK [3][-]{subsubsection.7.10.3.1}{\376\377\0007\000.\0001\0000\000.\0003\000.\0001\000\040\000a\000d\000d\000D\000e\000a\000d\000D\000o\000t\000\050\000\051}{subsection.7.10.3}% 211
\BOOKMARK [3][-]{subsubsection.7.10.3.2}{\376\377\0007\000.\0001\0000\000.\0003\000.\0002\000\040\000a\000d\000d\000H\000e\000a\000l\000e\000d\000D\000o\000t\000\050\000\051}{subsection.7.10.3}% 212
\BOOKMARK [3][-]{subsubsection.7.10.3.3}{\376\377\0007\000.\0001\0000\000.\0003\000.\0003\000\040\000a\000d\000d\000I\000n\000f\000e\000c\000t\000e\000d\000D\000o\000t\000\050\000\051}{subsection.7.10.3}% 213
\BOOKMARK [3][-]{subsubsection.7.10.3.4}{\376\377\0007\000.\0001\0000\000.\0003\000.\0004\000\040\000a\000d\000d\000S\000t\000e\000p\000p\000a\000b\000l\000e\000\050\000\051}{subsection.7.10.3}% 214
\BOOKMARK [3][-]{subsubsection.7.10.3.5}{\376\377\0007\000.\0001\0000\000.\0003\000.\0005\000\040\000c\000h\000a\000n\000g\000e\000P\000l\000a\000y\000A\000n\000d\000P\000a\000u\000s\000e\000\050\000\051}{subsection.7.10.3}% 215
\BOOKMARK [3][-]{subsubsection.7.10.3.6}{\376\377\0007\000.\0001\0000\000.\0003\000.\0006\000\040\000c\000u\000r\000r\000T\000i\000c\000k\000I\000n\000c\000r\000e\000a\000s\000e\000\050\000\051}{subsection.7.10.3}% 216
\BOOKMARK [3][-]{subsubsection.7.10.3.7}{\376\377\0007\000.\0001\0000\000.\0003\000.\0007\000\040\000e\000x\000i\000t\000\050\000\051}{subsection.7.10.3}% 217
\BOOKMARK [3][-]{subsubsection.7.10.3.8}{\376\377\0007\000.\0001\0000\000.\0003\000.\0008\000\040\000f\000o\000r\000w\000a\000r\000d\000O\000n\000e\000S\000t\000e\000p\000\050\000\051}{subsection.7.10.3}% 218
\BOOKMARK [3][-]{subsubsection.7.10.3.9}{\376\377\0007\000.\0001\0000\000.\0003\000.\0009\000\040\000g\000e\000t\000I\000n\000c\000u\000b\000a\000t\000i\000o\000n\000P\000e\000r\000i\000o\000d\000\050\000\051}{subsection.7.10.3}% 219
\BOOKMARK [3][-]{subsubsection.7.10.3.10}{\376\377\0007\000.\0001\0000\000.\0003\000.\0001\0000\000\040\000g\000e\000t\000R\000e\000m\000o\000v\000e\000\050\000\051}{subsection.7.10.3}% 220
\BOOKMARK [3][-]{subsubsection.7.10.3.11}{\376\377\0007\000.\0001\0000\000.\0003\000.\0001\0001\000\040\000g\000e\000t\000R\000e\000m\000o\000v\000e\000T\000i\000m\000e\000\050\000\051}{subsection.7.10.3}% 221
\BOOKMARK [3][-]{subsubsection.7.10.3.12}{\376\377\0007\000.\0001\0000\000.\0003\000.\0001\0002\000\040\000m\000o\000v\000e\000D\000o\000t\000s\000F\000r\000o\000m\000O\000u\000t\000O\000f\000W\000i\000n\000d\000o\000w\000\050\000\051}{subsection.7.10.3}% 222
\BOOKMARK [3][-]{subsubsection.7.10.3.13}{\376\377\0007\000.\0001\0000\000.\0003\000.\0001\0003\000\040\000r\000e\000f\000r\000e\000s\000h\000\050\000\051}{subsection.7.10.3}% 223
\BOOKMARK [3][-]{subsubsection.7.10.3.14}{\376\377\0007\000.\0001\0000\000.\0003\000.\0001\0004\000\040\000r\000e\000m\000o\000v\000e\000S\000t\000e\000p\000p\000a\000b\000l\000e\000\050\000\051}{subsection.7.10.3}% 224
\BOOKMARK [3][-]{subsubsection.7.10.3.15}{\376\377\0007\000.\0001\0000\000.\0003\000.\0001\0005\000\040\000r\000u\000n\000\050\000\051}{subsection.7.10.3}% 225
\BOOKMARK [3][-]{subsubsection.7.10.3.16}{\376\377\0007\000.\0001\0000\000.\0003\000.\0001\0006\000\040\000s\000e\000n\000d\000D\000a\000t\000a\000\050\000\051}{subsection.7.10.3}% 226
\BOOKMARK [3][-]{subsubsection.7.10.3.17}{\376\377\0007\000.\0001\0000\000.\0003\000.\0001\0007\000\040\000s\000p\000e\000e\000d\000D\000o\000w\000n\000\050\000\051}{subsection.7.10.3}% 227
\BOOKMARK [3][-]{subsubsection.7.10.3.18}{\376\377\0007\000.\0001\0000\000.\0003\000.\0001\0008\000\040\000s\000p\000e\000e\000d\000U\000p\000\050\000\051}{subsection.7.10.3}% 228
\BOOKMARK [2][-]{subsection.7.10.4}{\376\377\0007\000.\0001\0000\000.\0004\000\040\000A\000d\000a\000t\000t\000a\000g\000o\000k\000\040\000d\000o\000k\000u\000m\000e\000n\000t\000\341\000c\000i\000\363\000j\000a}{section.7.10}% 229
\BOOKMARK [3][-]{subsubsection.7.10.4.1}{\376\377\0007\000.\0001\0000\000.\0004\000.\0001\000\040\000a\000d\000d\000I\000n\000T\000h\000e\000E\000n\000d}{subsection.7.10.4}% 230
\BOOKMARK [3][-]{subsubsection.7.10.4.2}{\376\377\0007\000.\0001\0000\000.\0004\000.\0002\000\040\000c\000a\000n\000v\000a\000s}{subsection.7.10.4}% 231
\BOOKMARK [3][-]{subsubsection.7.10.4.3}{\376\377\0007\000.\0001\0000\000.\0004\000.\0003\000\040\000c\000u\000r\000r\000T\000i\000c\000k}{subsection.7.10.4}% 232
\BOOKMARK [3][-]{subsubsection.7.10.4.4}{\376\377\0007\000.\0001\0000\000.\0004\000.\0004\000\040\000d\000e\000a\000d\000C\000n\000t}{subsection.7.10.4}% 233
\BOOKMARK [3][-]{subsubsection.7.10.4.5}{\376\377\0007\000.\0001\0000\000.\0004\000.\0005\000\040\000h\000e\000a\000l\000e\000d\000C\000n\000t}{subsection.7.10.4}% 234
\BOOKMARK [3][-]{subsubsection.7.10.4.6}{\376\377\0007\000.\0001\0000\000.\0004\000.\0006\000\040\000i\000n\000f\000e\000c\000t\000e\000d\000C\000n\000t}{subsection.7.10.4}% 235
\BOOKMARK [3][-]{subsubsection.7.10.4.7}{\376\377\0007\000.\0001\0000\000.\0004\000.\0007\000\040\000m\000i\000l\000l\000i\000s\000e\000c\000o\000n\000d\000s\000E\000l\000a\000p\000s\000e\000d}{subsection.7.10.4}% 236
\BOOKMARK [3][-]{subsubsection.7.10.4.8}{\376\377\0007\000.\0001\0000\000.\0004\000.\0008\000\040\000m\000i\000n\000P\000e\000r\000i\000o\000d}{subsection.7.10.4}% 237
\BOOKMARK [3][-]{subsubsection.7.10.4.9}{\376\377\0007\000.\0001\0000\000.\0004\000.\0009\000\040\000n\000e\000u\000t\000r\000a\000l\000C\000n\000t}{subsection.7.10.4}% 238
\BOOKMARK [3][-]{subsubsection.7.10.4.10}{\376\377\0007\000.\0001\0000\000.\0004\000.\0001\0000\000\040\000o\000n\000e\000T\000i\000c\000k\000I\000n\000M\000s}{subsection.7.10.4}% 239
\BOOKMARK [3][-]{subsubsection.7.10.4.11}{\376\377\0007\000.\0001\0000\000.\0004\000.\0001\0001\000\040\000p\000a\000u\000s\000e\000d}{subsection.7.10.4}% 240
\BOOKMARK [3][-]{subsubsection.7.10.4.12}{\376\377\0007\000.\0001\0000\000.\0004\000.\0001\0002\000\040\000r\000e\000m\000o\000v\000e\000I\000n\000T\000h\000e\000E\000n\000d}{subsection.7.10.4}% 241
\BOOKMARK [3][-]{subsubsection.7.10.4.13}{\376\377\0007\000.\0001\0000\000.\0004\000.\0001\0003\000\040\000s\000e\000n\000d\000D\000a\000t\000a\000P\000e\000r\000i\000o\000d}{subsection.7.10.4}% 242
\BOOKMARK [3][-]{subsubsection.7.10.4.14}{\376\377\0007\000.\0001\0000\000.\0004\000.\0001\0004\000\040\000s\000s\000s}{subsection.7.10.4}% 243
\BOOKMARK [3][-]{subsubsection.7.10.4.15}{\376\377\0007\000.\0001\0000\000.\0004\000.\0001\0005\000\040\000s\000t\000e\000p\000a\000b\000l\000e\000s}{subsection.7.10.4}% 244
\BOOKMARK [3][-]{subsubsection.7.10.4.16}{\376\377\0007\000.\0001\0000\000.\0004\000.\0001\0006\000\040\000t\000i\000m\000e\000r}{subsection.7.10.4}% 245
\BOOKMARK [1][-]{section.7.11}{\376\377\0007\000.\0001\0001\000\040\000U\000I\000.\000S\000i\000m\000u\000l\000a\000t\000i\000o\000n\000P\000l\000a\000y\000e\000r\000C\000o\000n\000t\000r\000o\000l\000l\000e\000r\000\040\000o\000s\000z\000t\000\341\000l\000y\000r\000e\000f\000e\000r\000e\000n\000c\000i\000a}{chapter.7}% 246
\BOOKMARK [2][-]{subsection.7.11.1}{\376\377\0007\000.\0001\0001\000.\0001\000\040\000R\000\351\000s\000z\000l\000e\000t\000e\000s\000\040\000l\000e\000\355\000r\000\341\000s}{section.7.11}% 247
\BOOKMARK [2][-]{subsection.7.11.2}{\376\377\0007\000.\0001\0001\000.\0002\000\040\000K\000o\000n\000s\000t\000r\000u\000k\000t\000o\000r\000o\000k\000\040\000\351\000s\000\040\000d\000e\000s\000t\000r\000u\000k\000t\000o\000r\000o\000k\000\040\000d\000o\000k\000u\000m\000e\000n\000t\000\341\000c\000i\000\363\000j\000a}{section.7.11}% 248
\BOOKMARK [3][-]{subsubsection.7.11.2.1}{\376\377\0007\000.\0001\0001\000.\0002\000.\0001\000\040\000S\000i\000m\000u\000l\000a\000t\000i\000o\000n\000P\000l\000a\000y\000e\000r\000C\000o\000n\000t\000r\000o\000l\000l\000e\000r\000\050\000\051}{subsection.7.11.2}% 249
\BOOKMARK [2][-]{subsection.7.11.3}{\376\377\0007\000.\0001\0001\000.\0003\000\040\000T\000a\000g\000f\000\374\000g\000g\000v\000\351\000n\000y\000e\000k\000\040\000d\000o\000k\000u\000m\000e\000n\000t\000\341\000c\000i\000\363\000j\000a}{section.7.11}% 250
\BOOKMARK [3][-]{subsubsection.7.11.3.1}{\376\377\0007\000.\0001\0001\000.\0003\000.\0001\000\040\000i\000n\000i\000t\000i\000a\000l\000i\000z\000e\000\050\000\051}{subsection.7.11.3}% 251
\BOOKMARK [3][-]{subsubsection.7.11.3.2}{\376\377\0007\000.\0001\0001\000.\0003\000.\0002\000\040\000p\000l\000a\000y\000A\000n\000d\000P\000a\000u\000s\000e\000P\000r\000e\000s\000s\000e\000d\000\050\000\051}{subsection.7.11.3}% 252
\BOOKMARK [3][-]{subsubsection.7.11.3.3}{\376\377\0007\000.\0001\0001\000.\0003\000.\0003\000\040\000r\000e\000d\000r\000a\000w\000\050\000\051}{subsection.7.11.3}% 253
\BOOKMARK [3][-]{subsubsection.7.11.3.4}{\376\377\0007\000.\0001\0001\000.\0003\000.\0004\000\040\000s\000p\000e\000e\000d\000D\000o\000w\000n\000P\000r\000e\000s\000s\000e\000d\000\050\000\051}{subsection.7.11.3}% 254
\BOOKMARK [3][-]{subsubsection.7.11.3.5}{\376\377\0007\000.\0001\0001\000.\0003\000.\0005\000\040\000s\000p\000e\000e\000d\000U\000p\000P\000r\000e\000s\000s\000e\000d\000\050\000\051}{subsection.7.11.3}% 255
\BOOKMARK [3][-]{subsubsection.7.11.3.6}{\376\377\0007\000.\0001\0001\000.\0003\000.\0006\000\040\000s\000t\000a\000t\000i\000s\000t\000i\000c\000s\000P\000r\000e\000s\000s\000e\000d\000\050\000\051}{subsection.7.11.3}% 256
\BOOKMARK [3][-]{subsubsection.7.11.3.7}{\376\377\0007\000.\0001\0001\000.\0003\000.\0007\000\040\000s\000t\000e\000p\000P\000r\000e\000s\000s\000e\000d\000\050\000\051}{subsection.7.11.3}% 257
\BOOKMARK [2][-]{subsection.7.11.4}{\376\377\0007\000.\0001\0001\000.\0004\000\040\000A\000d\000a\000t\000t\000a\000g\000o\000k\000\040\000d\000o\000k\000u\000m\000e\000n\000t\000\341\000c\000i\000\363\000j\000a}{section.7.11}% 258
\BOOKMARK [3][-]{subsubsection.7.11.4.1}{\376\377\0007\000.\0001\0001\000.\0004\000.\0001\000\040\000i\000m\000g}{subsection.7.11.4}% 259
\BOOKMARK [3][-]{subsubsection.7.11.4.2}{\376\377\0007\000.\0001\0001\000.\0004\000.\0002\000\040\000p\000a\000n\000e}{subsection.7.11.4}% 260
\BOOKMARK [3][-]{subsubsection.7.11.4.3}{\376\377\0007\000.\0001\0001\000.\0004\000.\0003\000\040\000r\000e\000D\000r\000a\000w\000C\000a\000l\000l\000C\000n\000t}{subsection.7.11.4}% 261
\BOOKMARK [3][-]{subsubsection.7.11.4.4}{\376\377\0007\000.\0001\0001\000.\0004\000.\0004\000\040\000s\000i\000m\000u\000l\000a\000t\000i\000o\000n\000P\000l\000a\000y\000e\000r}{subsection.7.11.4}% 262
\BOOKMARK [3][-]{subsubsection.7.11.4.5}{\376\377\0007\000.\0001\0001\000.\0004\000.\0005\000\040\000s\000i\000m\000u\000l\000a\000t\000i\000o\000n\000T\000e\000m\000p\000l\000a\000t\000e}{subsection.7.11.4}% 263
\BOOKMARK [3][-]{subsubsection.7.11.4.6}{\376\377\0007\000.\0001\0001\000.\0004\000.\0006\000\040\000s\000s\000s}{subsection.7.11.4}% 264
\BOOKMARK [3][-]{subsubsection.7.11.4.7}{\376\377\0007\000.\0001\0001\000.\0004\000.\0007\000\040\000s\000t\000a\000g\000e}{subsection.7.11.4}% 265
\BOOKMARK [1][-]{section.7.12}{\376\377\0007\000.\0001\0002\000\040\000s\000i\000m\000u\000l\000a\000t\000o\000r\000.\000S\000i\000m\000u\000l\000a\000t\000i\000o\000n\000S\000t\000a\000t\000i\000s\000t\000i\000c\000s\000S\000t\000o\000r\000e\000\040\000o\000s\000z\000t\000\341\000l\000y\000r\000e\000f\000e\000r\000e\000n\000c\000i\000a}{chapter.7}% 266
\BOOKMARK [2][-]{subsection.7.12.1}{\376\377\0007\000.\0001\0002\000.\0001\000\040\000R\000\351\000s\000z\000l\000e\000t\000e\000s\000\040\000l\000e\000\355\000r\000\341\000s}{section.7.12}% 267
\BOOKMARK [2][-]{subsection.7.12.2}{\376\377\0007\000.\0001\0002\000.\0002\000\040\000K\000o\000n\000s\000t\000r\000u\000k\000t\000o\000r\000o\000k\000\040\000\351\000s\000\040\000d\000e\000s\000t\000r\000u\000k\000t\000o\000r\000o\000k\000\040\000d\000o\000k\000u\000m\000e\000n\000t\000\341\000c\000i\000\363\000j\000a}{section.7.12}% 268
\BOOKMARK [3][-]{subsubsection.7.12.2.1}{\376\377\0007\000.\0001\0002\000.\0002\000.\0001\000\040\000S\000i\000m\000u\000l\000a\000t\000i\000o\000n\000S\000t\000a\000t\000i\000s\000t\000i\000c\000s\000S\000t\000o\000r\000e\000\050\000\051}{subsection.7.12.2}% 269
\BOOKMARK [2][-]{subsection.7.12.3}{\376\377\0007\000.\0001\0002\000.\0003\000\040\000T\000a\000g\000f\000\374\000g\000g\000v\000\351\000n\000y\000e\000k\000\040\000d\000o\000k\000u\000m\000e\000n\000t\000\341\000c\000i\000\363\000j\000a}{section.7.12}% 270
\BOOKMARK [3][-]{subsubsection.7.12.3.1}{\376\377\0007\000.\0001\0002\000.\0003\000.\0001\000\040\000a\000d\000d\000D\000e\000a\000t\000h\000s\000C\000h\000a\000n\000g\000e\000\050\000\051}{subsection.7.12.3}% 271
\BOOKMARK [3][-]{subsubsection.7.12.3.2}{\376\377\0007\000.\0001\0002\000.\0003\000.\0002\000\040\000a\000d\000d\000H\000e\000a\000l\000C\000h\000a\000n\000g\000e\000\050\000\051}{subsection.7.12.3}% 272
\BOOKMARK [3][-]{subsubsection.7.12.3.3}{\376\377\0007\000.\0001\0002\000.\0003\000.\0003\000\040\000a\000d\000d\000I\000n\000f\000e\000c\000t\000i\000o\000n\000C\000h\000a\000n\000g\000e\000\050\000\051}{subsection.7.12.3}% 273
\BOOKMARK [3][-]{subsubsection.7.12.3.4}{\376\377\0007\000.\0001\0002\000.\0003\000.\0004\000\040\000a\000d\000d\000P\000o\000p\000u\000l\000a\000t\000i\000o\000n\000C\000h\000a\000n\000g\000e\000\050\000\051}{subsection.7.12.3}% 274
\BOOKMARK [3][-]{subsubsection.7.12.3.5}{\376\377\0007\000.\0001\0002\000.\0003\000.\0005\000\040\000c\000l\000e\000a\000r\000A\000l\000l\000\050\000\051}{subsection.7.12.3}% 275
\BOOKMARK [3][-]{subsubsection.7.12.3.6}{\376\377\0007\000.\0001\0002\000.\0003\000.\0006\000\040\000c\000l\000e\000a\000r\000D\000e\000a\000t\000h\000s\000Q\000u\000e\000u\000e\000\050\000\051}{subsection.7.12.3}% 276
\BOOKMARK [3][-]{subsubsection.7.12.3.7}{\376\377\0007\000.\0001\0002\000.\0003\000.\0007\000\040\000c\000l\000e\000a\000r\000H\000e\000a\000l\000s\000Q\000u\000e\000u\000e\000\050\000\051}{subsection.7.12.3}% 277
\BOOKMARK [3][-]{subsubsection.7.12.3.8}{\376\377\0007\000.\0001\0002\000.\0003\000.\0008\000\040\000c\000l\000e\000a\000r\000I\000n\000f\000e\000c\000t\000i\000o\000n\000s\000Q\000u\000e\000u\000e\000\050\000\051}{subsection.7.12.3}% 278
\BOOKMARK [3][-]{subsubsection.7.12.3.9}{\376\377\0007\000.\0001\0002\000.\0003\000.\0009\000\040\000c\000l\000e\000a\000r\000P\000o\000p\000u\000l\000a\000t\000i\000o\000n\000Q\000u\000e\000u\000e\000\050\000\051}{subsection.7.12.3}% 279
\BOOKMARK [3][-]{subsubsection.7.12.3.10}{\376\377\0007\000.\0001\0002\000.\0003\000.\0001\0000\000\040\000g\000e\000t\000D\000e\000a\000t\000h\000s\000Q\000u\000e\000u\000e\000\050\000\051}{subsection.7.12.3}% 280
\BOOKMARK [3][-]{subsubsection.7.12.3.11}{\376\377\0007\000.\0001\0002\000.\0003\000.\0001\0001\000\040\000g\000e\000t\000H\000e\000a\000l\000s\000Q\000u\000e\000u\000e\000\050\000\051}{subsection.7.12.3}% 281
\BOOKMARK [3][-]{subsubsection.7.12.3.12}{\376\377\0007\000.\0001\0002\000.\0003\000.\0001\0002\000\040\000g\000e\000t\000I\000n\000f\000e\000c\000t\000i\000o\000n\000s\000Q\000u\000e\000u\000e\000\050\000\051}{subsection.7.12.3}% 282
\BOOKMARK [3][-]{subsubsection.7.12.3.13}{\376\377\0007\000.\0001\0002\000.\0003\000.\0001\0003\000\040\000g\000e\000t\000P\000o\000p\000u\000l\000a\000t\000i\000o\000n\000Q\000u\000e\000u\000e\000\050\000\051}{subsection.7.12.3}% 283
\BOOKMARK [2][-]{subsection.7.12.4}{\376\377\0007\000.\0001\0002\000.\0004\000\040\000A\000d\000a\000t\000t\000a\000g\000o\000k\000\040\000d\000o\000k\000u\000m\000e\000n\000t\000\341\000c\000i\000\363\000j\000a}{section.7.12}% 284
\BOOKMARK [3][-]{subsubsection.7.12.4.1}{\376\377\0007\000.\0001\0002\000.\0004\000.\0001\000\040\000d\000e\000a\000t\000h\000s\000Q\000u\000e\000u\000e}{subsection.7.12.4}% 285
\BOOKMARK [3][-]{subsubsection.7.12.4.2}{\376\377\0007\000.\0001\0002\000.\0004\000.\0002\000\040\000h\000e\000a\000l\000s\000Q\000u\000e\000u\000e}{subsection.7.12.4}% 286
\BOOKMARK [3][-]{subsubsection.7.12.4.3}{\376\377\0007\000.\0001\0002\000.\0004\000.\0003\000\040\000i\000n\000f\000e\000c\000t\000i\000o\000n\000s\000Q\000u\000e\000u\000e}{subsection.7.12.4}% 287
\BOOKMARK [3][-]{subsubsection.7.12.4.4}{\376\377\0007\000.\0001\0002\000.\0004\000.\0004\000\040\000p\000o\000p\000u\000l\000a\000t\000i\000o\000n\000Q\000u\000e\000u\000e}{subsection.7.12.4}% 288
\BOOKMARK [1][-]{section.7.13}{\376\377\0007\000.\0001\0003\000\040\000s\000i\000m\000u\000l\000a\000t\000o\000r\000.\000S\000i\000m\000u\000l\000a\000t\000i\000o\000n\000T\000e\000m\000p\000l\000a\000t\000e\000\040\000o\000s\000z\000t\000\341\000l\000y\000r\000e\000f\000e\000r\000e\000n\000c\000i\000a}{chapter.7}% 289
\BOOKMARK [2][-]{subsection.7.13.1}{\376\377\0007\000.\0001\0003\000.\0001\000\040\000R\000\351\000s\000z\000l\000e\000t\000e\000s\000\040\000l\000e\000\355\000r\000\341\000s}{section.7.13}% 290
\BOOKMARK [2][-]{subsection.7.13.2}{\376\377\0007\000.\0001\0003\000.\0002\000\040\000K\000o\000n\000s\000t\000r\000u\000k\000t\000o\000r\000o\000k\000\040\000\351\000s\000\040\000d\000e\000s\000t\000r\000u\000k\000t\000o\000r\000o\000k\000\040\000d\000o\000k\000u\000m\000e\000n\000t\000\341\000c\000i\000\363\000j\000a}{section.7.13}% 291
\BOOKMARK [3][-]{subsubsection.7.13.2.1}{\376\377\0007\000.\0001\0003\000.\0002\000.\0001\000\040\000S\000i\000m\000u\000l\000a\000t\000i\000o\000n\000T\000e\000m\000p\000l\000a\000t\000e\000\050\000\051\000\040\000[\0001\000/\0002\000]}{subsection.7.13.2}% 292
\BOOKMARK [3][-]{subsubsection.7.13.2.2}{\376\377\0007\000.\0001\0003\000.\0002\000.\0002\000\040\000S\000i\000m\000u\000l\000a\000t\000i\000o\000n\000T\000e\000m\000p\000l\000a\000t\000e\000\050\000\051\000\040\000[\0002\000/\0002\000]}{subsection.7.13.2}% 293
\BOOKMARK [2][-]{subsection.7.13.3}{\376\377\0007\000.\0001\0003\000.\0003\000\040\000T\000a\000g\000f\000\374\000g\000g\000v\000\351\000n\000y\000e\000k\000\040\000d\000o\000k\000u\000m\000e\000n\000t\000\341\000c\000i\000\363\000j\000a}{section.7.13}% 294
\BOOKMARK [3][-]{subsubsection.7.13.3.1}{\376\377\0007\000.\0001\0003\000.\0003\000.\0001\000\040\000a\000d\000d\000D\000o\000t\000\050\000\051}{subsection.7.13.3}% 295
\BOOKMARK [3][-]{subsubsection.7.13.3.2}{\376\377\0007\000.\0001\0003\000.\0003\000.\0002\000\040\000c\000l\000o\000n\000e\000\050\000\051}{subsection.7.13.3}% 296
\BOOKMARK [3][-]{subsubsection.7.13.3.3}{\376\377\0007\000.\0001\0003\000.\0003\000.\0003\000\040\000c\000r\000e\000a\000t\000e\000D\000o\000t\000\050\000\051}{subsection.7.13.3}% 297
\BOOKMARK [3][-]{subsubsection.7.13.3.4}{\376\377\0007\000.\0001\0003\000.\0003\000.\0004\000\040\000g\000e\000t\000D\000o\000t\000s\000\050\000\051}{subsection.7.13.3}% 298
\BOOKMARK [3][-]{subsubsection.7.13.3.5}{\376\377\0007\000.\0001\0003\000.\0003\000.\0005\000\040\000g\000e\000t\000H\000e\000a\000l\000C\000h\000a\000n\000c\000e\000\050\000\051}{subsection.7.13.3}% 299
\BOOKMARK [3][-]{subsubsection.7.13.3.6}{\376\377\0007\000.\0001\0003\000.\0003\000.\0006\000\040\000g\000e\000t\000I\000n\000f\000C\000h\000a\000n\000c\000e\000\050\000\051}{subsection.7.13.3}% 300
\BOOKMARK [3][-]{subsubsection.7.13.3.7}{\376\377\0007\000.\0001\0003\000.\0003\000.\0007\000\040\000g\000e\000t\000M\000o\000r\000t\000C\000h\000a\000n\000c\000e\000\050\000\051}{subsection.7.13.3}% 301
\BOOKMARK [3][-]{subsubsection.7.13.3.8}{\376\377\0007\000.\0001\0003\000.\0003\000.\0008\000\040\000g\000e\000t\000S\000p\000e\000e\000d\000O\000f\000D\000o\000t\000\050\000\051}{subsection.7.13.3}% 302
\BOOKMARK [3][-]{subsubsection.7.13.3.9}{\376\377\0007\000.\0001\0003\000.\0003\000.\0009\000\040\000r\000e\000f\000r\000e\000s\000h\000\050\000\051}{subsection.7.13.3}% 303
\BOOKMARK [3][-]{subsubsection.7.13.3.10}{\376\377\0007\000.\0001\0003\000.\0003\000.\0001\0000\000\040\000s\000e\000t\000H\000e\000a\000l\000C\000h\000a\000n\000c\000e\000\050\000\051}{subsection.7.13.3}% 304
\BOOKMARK [3][-]{subsubsection.7.13.3.11}{\376\377\0007\000.\0001\0003\000.\0003\000.\0001\0001\000\040\000s\000e\000t\000I\000n\000f\000e\000c\000t\000i\000o\000n\000\050\000\051}{subsection.7.13.3}% 305
\BOOKMARK [3][-]{subsubsection.7.13.3.12}{\376\377\0007\000.\0001\0003\000.\0003\000.\0001\0002\000\040\000s\000e\000t\000M\000o\000r\000t\000a\000l\000i\000t\000y\000\050\000\051}{subsection.7.13.3}% 306
\BOOKMARK [3][-]{subsubsection.7.13.3.13}{\376\377\0007\000.\0001\0003\000.\0003\000.\0001\0003\000\040\000s\000e\000t\000S\000p\000e\000e\000d\000\050\000\051}{subsection.7.13.3}% 307
\BOOKMARK [2][-]{subsection.7.13.4}{\376\377\0007\000.\0001\0003\000.\0004\000\040\000A\000d\000a\000t\000t\000a\000g\000o\000k\000\040\000d\000o\000k\000u\000m\000e\000n\000t\000\341\000c\000i\000\363\000j\000a}{section.7.13}% 308
\BOOKMARK [3][-]{subsubsection.7.13.4.1}{\376\377\0007\000.\0001\0003\000.\0004\000.\0001\000\040\000d\000o\000t\000s}{subsection.7.13.4}% 309
\BOOKMARK [3][-]{subsubsection.7.13.4.2}{\376\377\0007\000.\0001\0003\000.\0004\000.\0002\000\040\000h\000e\000a\000l\000C\000h\000a\000n\000c\000e}{subsection.7.13.4}% 310
\BOOKMARK [3][-]{subsubsection.7.13.4.3}{\376\377\0007\000.\0001\0003\000.\0004\000.\0003\000\040\000i\000n\000f\000C\000h\000a\000n\000c\000e}{subsection.7.13.4}% 311
\BOOKMARK [3][-]{subsubsection.7.13.4.4}{\376\377\0007\000.\0001\0003\000.\0004\000.\0004\000\040\000m\000o\000r\000t\000C\000h\000a\000n\000c\000e}{subsection.7.13.4}% 312
\BOOKMARK [3][-]{subsubsection.7.13.4.5}{\376\377\0007\000.\0001\0003\000.\0004\000.\0005\000\040\000s\000p\000e\000e\000d\000O\000f\000D\000o\000t}{subsection.7.13.4}% 313
\BOOKMARK [1][-]{section.7.14}{\376\377\0007\000.\0001\0004\000\040\000T\000e\000s\000t\000s\000.\000S\000i\000m\000u\000l\000a\000t\000i\000o\000n\000T\000e\000m\000p\000l\000a\000t\000e\000T\000e\000s\000t\000\040\000o\000s\000z\000t\000\341\000l\000y\000r\000e\000f\000e\000r\000e\000n\000c\000i\000a}{chapter.7}% 314
\BOOKMARK [2][-]{subsection.7.14.1}{\376\377\0007\000.\0001\0004\000.\0001\000\040\000R\000\351\000s\000z\000l\000e\000t\000e\000s\000\040\000l\000e\000\355\000r\000\341\000s}{section.7.14}% 315
\BOOKMARK [2][-]{subsection.7.14.2}{\376\377\0007\000.\0001\0004\000.\0002\000\040\000T\000a\000g\000f\000\374\000g\000g\000v\000\351\000n\000y\000e\000k\000\040\000d\000o\000k\000u\000m\000e\000n\000t\000\341\000c\000i\000\363\000j\000a}{section.7.14}% 316
\BOOKMARK [3][-]{subsubsection.7.14.2.1}{\376\377\0007\000.\0001\0004\000.\0002\000.\0001\000\040\000c\000r\000e\000a\000t\000e\000D\000o\000t\000\050\000\051}{subsection.7.14.2}% 317
\BOOKMARK [1][-]{section.7.15}{\376\377\0007\000.\0001\0005\000\040\000s\000i\000m\000u\000l\000a\000t\000o\000r\000.\000S\000t\000e\000p\000p\000a\000b\000l\000e\000\040\000i\000n\000t\000e\000r\000f\000\351\000s\000z\000r\000e\000f\000e\000r\000e\000n\000c\000i\000a}{chapter.7}% 318
\BOOKMARK [2][-]{subsection.7.15.1}{\376\377\0007\000.\0001\0005\000.\0001\000\040\000R\000\351\000s\000z\000l\000e\000t\000e\000s\000\040\000l\000e\000\355\000r\000\341\000s}{section.7.15}% 319
\BOOKMARK [2][-]{subsection.7.15.2}{\376\377\0007\000.\0001\0005\000.\0002\000\040\000T\000a\000g\000f\000\374\000g\000g\000v\000\351\000n\000y\000e\000k\000\040\000d\000o\000k\000u\000m\000e\000n\000t\000\341\000c\000i\000\363\000j\000a}{section.7.15}% 320
\BOOKMARK [3][-]{subsubsection.7.15.2.1}{\376\377\0007\000.\0001\0005\000.\0002\000.\0001\000\040\000d\000r\000a\000w\000\050\000\051}{subsection.7.15.2}% 321
\BOOKMARK [3][-]{subsubsection.7.15.2.2}{\376\377\0007\000.\0001\0005\000.\0002\000.\0002\000\040\000h\000i\000t\000B\000y\000\050\000\051}{subsection.7.15.2}% 322
\BOOKMARK [3][-]{subsubsection.7.15.2.3}{\376\377\0007\000.\0001\0005\000.\0002\000.\0003\000\040\000i\000n\000i\000t\000\050\000\051}{subsection.7.15.2}% 323
\BOOKMARK [3][-]{subsubsection.7.15.2.4}{\376\377\0007\000.\0001\0005\000.\0002\000.\0004\000\040\000i\000s\000C\000o\000l\000l\000i\000d\000e\000d\000W\000i\000t\000h\000\050\000\051\000\040\000[\0001\000/\0002\000]}{subsection.7.15.2}% 324
\BOOKMARK [3][-]{subsubsection.7.15.2.5}{\376\377\0007\000.\0001\0005\000.\0002\000.\0005\000\040\000i\000s\000C\000o\000l\000l\000i\000d\000e\000d\000W\000i\000t\000h\000\050\000\051\000\040\000[\0002\000/\0002\000]}{subsection.7.15.2}% 325
\BOOKMARK [3][-]{subsubsection.7.15.2.6}{\376\377\0007\000.\0001\0005\000.\0002\000.\0006\000\040\000i\000s\000O\000u\000t\000O\000f\000W\000i\000n\000d\000o\000w\000\050\000\051}{subsection.7.15.2}% 326
\BOOKMARK [3][-]{subsubsection.7.15.2.7}{\376\377\0007\000.\0001\0005\000.\0002\000.\0007\000\040\000m\000o\000v\000e\000B\000a\000c\000k\000\050\000\051}{subsection.7.15.2}% 327
\BOOKMARK [3][-]{subsubsection.7.15.2.8}{\376\377\0007\000.\0001\0005\000.\0002\000.\0008\000\040\000r\000e\000f\000r\000e\000s\000h\000\050\000\051}{subsection.7.15.2}% 328
\BOOKMARK [3][-]{subsubsection.7.15.2.9}{\376\377\0007\000.\0001\0005\000.\0002\000.\0009\000\040\000s\000t\000e\000p\000\050\000\051}{subsection.7.15.2}% 329
\BOOKMARK [0][-]{section*.60}{\376\377\000T\000\341\000r\000g\000y\000m\000u\000t\000a\000t\000\363}{}% 330
